#
# There is insufficient memory for the Java Runtime Environment to continue.
# Native memory allocation (mmap) failed to map 111149056 bytes for G1 virtual space
# Possible reasons:
#   The system is out of physical RAM or swap space
#   The process is running with CompressedOops enabled, and the Java Heap may be blocking the growth of the native heap
# Possible solutions:
#   Reduce memory load on the system
#   Increase physical memory or swap space
#   Check if swap backing store is full
#   Decrease Java heap size (-Xmx/-Xms)
#   Decrease number of Java threads
#   Decrease Java thread stack sizes (-Xss)
#   Set larger code cache with -XX:ReservedCodeCacheSize=
#   JVM is running with Zero Based Compressed Oops mode in which the Java heap is
#     placed in the first 32GB address space. The Java Heap base address is the
#     maximum limit for the native heap growth. Please use -XX:HeapBaseMinAddress
#     to set the Java Heap base and to place the Java Heap above 32GB virtual address.
# This output file may be truncated or incomplete.
#
#  Out of Memory Error (os_windows.cpp:3548), pid=11380, tid=8472
#
# JRE version: Java(TM) SE Runtime Environment (17.0.11+7) (build 17.0.11+7-LTS-207)
# Java VM: Java HotSpot(TM) 64-Bit Server VM (17.0.11+7-LTS-207, mixed mode, emulated-client, sharing, tiered, compressed oops, compressed class ptrs, g1 gc, windows-amd64)
# No core dump will be written. Minidumps are not enabled by default on client versions of Windows
#

---------------  S U M M A R Y ------------

Command Line: -XX:TieredStopAtLevel=1 com.abha.abha_integration.AbhaIntegrationApplication

Host: AMD Ryzen 5 5625U with Radeon Graphics         , 12 cores, 15G,  Windows 11 , 64 bit Build 26100 (10.0.26100.8737)
Time: Mon Jun 29 10:03:09 2026 India Standard Time elapsed time: 11.923425 seconds (0d 0h 0m 11s)

---------------  T H R E A D  ---------------

Current thread (0x00000199db0b2220):  VMThread "VM Thread" [stack: 0x0000004f8c400000,0x0000004f8c500000] [id=8472]

Stack: [0x0000004f8c400000,0x0000004f8c500000]
Native frames: (J=compiled Java code, j=interpreted, Vv=VM code, C=native code)
V  [jvm.dll+0x679cca]
V  [jvm.dll+0x7da13d]
V  [jvm.dll+0x7dba83]
V  [jvm.dll+0x7dc0f3]
V  [jvm.dll+0x2449af]
V  [jvm.dll+0x676ce9]
V  [jvm.dll+0x66b852]
V  [jvm.dll+0x3018d6]
V  [jvm.dll+0x308e76]
V  [jvm.dll+0x3596ee]
V  [jvm.dll+0x35991f]
V  [jvm.dll+0x2d89a8]
V  [jvm.dll+0x2d6ddd]
V  [jvm.dll+0x2d642c]
V  [jvm.dll+0x319f8b]
V  [jvm.dll+0x7e09eb]
V  [jvm.dll+0x7e1724]
V  [jvm.dll+0x7e1c3d]
V  [jvm.dll+0x7e2014]
V  [jvm.dll+0x7e20e0]
V  [jvm.dll+0x78a85a]
V  [jvm.dll+0x678bb5]
C  [ucrtbase.dll+0x2cd30]
C  [KERNEL32.DLL+0x2e957]
C  [ntdll.dll+0xaad6c]

VM_Operation (0x0000004f8bef6fd0): G1CollectForAllocation, mode: safepoint, requested by thread 0x00000199c23bd8a0


---------------  P R O C E S S  ---------------

Threads class SMR info:
_java_thread_list=0x00000199e0cccb20, length=19, elements={
0x00000199c23bd8a0, 0x00000199db0b5ad0, 0x00000199db0b6490, 0x00000199db0cee80,
0x00000199db0cf840, 0x00000199db0d0200, 0x00000199db0d0bc0, 0x00000199db0dde10,
0x00000199db0de810, 0x00000199db314a80, 0x00000199db33a4c0, 0x00000199db33a9e0,
0x00000199db3458c0, 0x00000199e0599840, 0x00000199e0c5b830, 0x00000199e0c5bd40,
0x00000199e0c5b320, 0x00000199e0c5d690, 0x00000199e0c5a900
}

Java Threads: ( => current thread )
  0x00000199c23bd8a0 JavaThread "main" [_thread_blocked, id=27052, stack(0x0000004f8be00000,0x0000004f8bf00000)]
  0x00000199db0b5ad0 JavaThread "Reference Handler" daemon [_thread_blocked, id=25356, stack(0x0000004f8c500000,0x0000004f8c600000)]
  0x00000199db0b6490 JavaThread "Finalizer" daemon [_thread_blocked, id=22748, stack(0x0000004f8c600000,0x0000004f8c700000)]
  0x00000199db0cee80 JavaThread "Signal Dispatcher" daemon [_thread_blocked, id=7832, stack(0x0000004f8c700000,0x0000004f8c800000)]
  0x00000199db0cf840 JavaThread "Attach Listener" daemon [_thread_blocked, id=12788, stack(0x0000004f8c800000,0x0000004f8c900000)]
  0x00000199db0d0200 JavaThread "Service Thread" daemon [_thread_blocked, id=16676, stack(0x0000004f8c900000,0x0000004f8ca00000)]
  0x00000199db0d0bc0 JavaThread "Monitor Deflation Thread" daemon [_thread_blocked, id=14736, stack(0x0000004f8ca00000,0x0000004f8cb00000)]
  0x00000199db0dde10 JavaThread "C1 CompilerThread0" daemon [_thread_blocked, id=22804, stack(0x0000004f8cb00000,0x0000004f8cc00000)]
  0x00000199db0de810 JavaThread "Sweeper thread" daemon [_thread_blocked, id=10100, stack(0x0000004f8cc00000,0x0000004f8cd00000)]
  0x00000199db314a80 JavaThread "C1 CompilerThread1" daemon [_thread_blocked, id=18292, stack(0x0000004f8cd00000,0x0000004f8ce00000)]
  0x00000199db33a4c0 JavaThread "C1 CompilerThread2" daemon [_thread_blocked, id=24588, stack(0x0000004f8ce00000,0x0000004f8cf00000)]
  0x00000199db33a9e0 JavaThread "Notification Thread" daemon [_thread_blocked, id=19136, stack(0x0000004f8cf00000,0x0000004f8d000000)]
  0x00000199db3458c0 JavaThread "Common-Cleaner" daemon [_thread_blocked, id=19876, stack(0x0000004f8d100000,0x0000004f8d200000)]
  0x00000199e0599840 JavaThread "C1 CompilerThread3" daemon [_thread_blocked, id=25312, stack(0x0000004f8df00000,0x0000004f8e000000)]
  0x00000199e0c5b830 JavaThread "Catalina-utility-1" [_thread_blocked, id=24940, stack(0x0000004f8e100000,0x0000004f8e200000)]
  0x00000199e0c5bd40 JavaThread "Catalina-utility-2" [_thread_blocked, id=27476, stack(0x0000004f8e200000,0x0000004f8e300000)]
  0x00000199e0c5b320 JavaThread "container-0" [_thread_blocked, id=14972, stack(0x0000004f8e300000,0x0000004f8e400000)]
  0x00000199e0c5d690 JavaThread "HikariPool-1:housekeeper" daemon [_thread_blocked, id=27148, stack(0x0000004f8da00000,0x0000004f8db00000)]
  0x00000199e0c5a900 JavaThread "HikariPool-1:connection-adder" daemon [_thread_blocked, id=24840, stack(0x0000004f8e400000,0x0000004f8e500000)]

Other Threads:
=>0x00000199db0b2220 VMThread "VM Thread" [stack: 0x0000004f8c400000,0x0000004f8c500000] [id=8472]
  0x00000199c294ad90 WatcherThread [stack: 0x0000004f8d000000,0x0000004f8d100000] [id=23820]
  0x00000199c2927d00 GCTaskThread "GC Thread#0" [stack: 0x0000004f8bf00000,0x0000004f8c000000] [id=2412]
  0x00000199dba5ffd0 GCTaskThread "GC Thread#1" [stack: 0x0000004f8d200000,0x0000004f8d300000] [id=22820]
  0x00000199dba80920 GCTaskThread "GC Thread#2" [stack: 0x0000004f8d300000,0x0000004f8d400000] [id=25528]
  0x00000199dba80be0 GCTaskThread "GC Thread#3" [stack: 0x0000004f8d400000,0x0000004f8d500000] [id=22588]
  0x00000199dba80ea0 GCTaskThread "GC Thread#4" [stack: 0x0000004f8d500000,0x0000004f8d600000] [id=6912]
  0x00000199dbb56270 GCTaskThread "GC Thread#5" [stack: 0x0000004f8d800000,0x0000004f8d900000] [id=16044]
  0x00000199e0472290 GCTaskThread "GC Thread#6" [stack: 0x0000004f8db00000,0x0000004f8dc00000] [id=18232]
  0x00000199e0476b80 GCTaskThread "GC Thread#7" [stack: 0x0000004f8dc00000,0x0000004f8dd00000] [id=26972]
  0x00000199e0476e40 GCTaskThread "GC Thread#8" [stack: 0x0000004f8dd00000,0x0000004f8de00000] [id=25924]
  0x00000199e0477310 GCTaskThread "GC Thread#9" [stack: 0x0000004f8de00000,0x0000004f8df00000] [id=9648]
  0x00000199c2938120 ConcurrentGCThread "G1 Main Marker" [stack: 0x0000004f8c000000,0x0000004f8c100000] [id=21608]
  0x00000199c2939700 ConcurrentGCThread "G1 Conc#0" [stack: 0x0000004f8c100000,0x0000004f8c200000] [id=16656]
  0x00000199e08b15d0 ConcurrentGCThread "G1 Conc#1" [stack: 0x0000004f8d900000,0x0000004f8da00000] [id=26096]
  0x00000199e08e6ef0 ConcurrentGCThread "G1 Conc#2" [stack: 0x0000004f8e000000,0x0000004f8e100000] [id=25852]
  0x00000199c297e460 ConcurrentGCThread "G1 Refine#0" [stack: 0x0000004f8c200000,0x0000004f8c300000] [id=16432]
  0x00000199dba705c0 ConcurrentGCThread "G1 Refine#1" [stack: 0x0000004f8d600000,0x0000004f8d700000] [id=27636]
  0x00000199dba71c90 ConcurrentGCThread "G1 Refine#2" [stack: 0x0000004f8d700000,0x0000004f8d800000] [id=12144]
  0x00000199e0d26c80 ConcurrentGCThread "G1 Refine#3" [stack: 0x0000004f8e500000,0x0000004f8e600000] [id=19916]
  0x00000199c297ec30 ConcurrentGCThread "G1 Service" [stack: 0x0000004f8c300000,0x0000004f8c400000] [id=720]

Threads with active compile tasks:

VM state: at safepoint (normal execution)

VM Mutex/Monitor currently owned by a thread:  ([mutex/lock_event])
[0x00000199c28b6d30] Threads_lock - owner thread: 0x00000199db0b2220
[0x00000199c28b5230] Heap_lock - owner thread: 0x00000199c23bd8a0

Heap address: 0x000000070a400000, size: 3932 MB, Compressed Oops mode: Zero based, Oop shift amount: 3

CDS archive(s) mapped at: [0x0000019980000000-0x0000019980bd0000-0x0000019980bd0000), size 12386304, SharedBaseAddress: 0x0000019980000000, ArchiveRelocationMode: 1.
Compressed class space mapped at: 0x0000019981000000-0x00000199c1000000, reserved size: 1073741824
Narrow klass base: 0x0000019980000000, Narrow klass shift: 0, Narrow klass range: 0x100000000

GC Precious Log:
 CPUs: 12 total, 12 available
 Memory: 15720M
 Large Page Support: Disabled
 NUMA Support: Disabled
 Compressed Oops: Enabled (Zero based)
 Heap Region Size: 2M
 Heap Min Capacity: 8M
 Heap Initial Capacity: 246M
 Heap Max Capacity: 3932M
 Pre-touch: Disabled
 Parallel Workers: 10
 Concurrent Workers: 3
 Concurrent Refinement Workers: 10
 Periodic GC: Disabled

Heap:
 garbage-first heap   total 251904K, used 116038K [0x000000070a400000, 0x0000000800000000)
  region size 2048K, 3 young (6144K), 3 survivors (6144K)
 Metaspace       used 65245K, committed 65856K, reserved 1114112K
  class space    used 9710K, committed 9984K, reserved 1048576K

Heap Regions: E=young(eden), S=young(survivor), O=old, HS=humongous(starts), HC=humongous(continues), CS=collection set, F=free, OA=open archive, CA=closed archive, TAMS=top-at-mark-start (previous, next)
|   0|0x000000070a400000, 0x000000070a600000, 0x000000070a600000|100%| O|  |TAMS 0x000000070a600000, 0x000000070a600000| Untracked 
|   1|0x000000070a600000, 0x000000070a800000, 0x000000070a800000|100%| O|  |TAMS 0x000000070a800000, 0x000000070a800000| Untracked 
|   2|0x000000070a800000, 0x000000070aa00000, 0x000000070aa00000|100%| O|  |TAMS 0x000000070aa00000, 0x000000070aa00000| Untracked 
|   3|0x000000070aa00000, 0x000000070ac00000, 0x000000070ac00000|100%| O|  |TAMS 0x000000070ac00000, 0x000000070ac00000| Untracked 
|   4|0x000000070ac00000, 0x000000070ae00000, 0x000000070ae00000|100%| O|  |TAMS 0x000000070ae00000, 0x000000070ae00000| Untracked 
|   5|0x000000070ae00000, 0x000000070b000000, 0x000000070b000000|100%| O|  |TAMS 0x000000070b000000, 0x000000070b000000| Untracked 
|   6|0x000000070b000000, 0x000000070b200000, 0x000000070b200000|100%| O|  |TAMS 0x000000070b200000, 0x000000070b200000| Untracked 
|   7|0x000000070b200000, 0x000000070b400000, 0x000000070b400000|100%| O|  |TAMS 0x000000070b28e400, 0x000000070b400000| Untracked 
|   8|0x000000070b400000, 0x000000070b600000, 0x000000070b600000|100%| O|  |TAMS 0x000000070b600000, 0x000000070b600000| Untracked 
|   9|0x000000070b600000, 0x000000070b800000, 0x000000070b800000|100%| O|  |TAMS 0x000000070b800000, 0x000000070b800000| Untracked 
|  10|0x000000070b800000, 0x000000070ba00000, 0x000000070ba00000|100%| O|  |TAMS 0x000000070b800000, 0x000000070ba00000| Untracked 
|  11|0x000000070ba00000, 0x000000070bc00000, 0x000000070bc00000|100%| O|  |TAMS 0x000000070ba00000, 0x000000070bc00000| Untracked 
|  12|0x000000070bc00000, 0x000000070be00000, 0x000000070be00000|100%| O|  |TAMS 0x000000070bc00000, 0x000000070be00000| Untracked 
|  13|0x000000070be00000, 0x000000070c000000, 0x000000070c000000|100%| O|  |TAMS 0x000000070be00000, 0x000000070c000000| Untracked 
|  14|0x000000070c000000, 0x000000070c200000, 0x000000070c200000|100%| O|  |TAMS 0x000000070c000000, 0x000000070c200000| Untracked 
|  15|0x000000070c200000, 0x000000070c400000, 0x000000070c400000|100%| O|  |TAMS 0x000000070c200000, 0x000000070c400000| Untracked 
|  16|0x000000070c400000, 0x000000070c600000, 0x000000070c600000|100%| O|  |TAMS 0x000000070c600000, 0x000000070c600000| Untracked 
|  17|0x000000070c600000, 0x000000070c800000, 0x000000070c800000|100%| O|  |TAMS 0x000000070c800000, 0x000000070c800000| Untracked 
|  18|0x000000070c800000, 0x000000070ca00000, 0x000000070ca00000|100%| O|  |TAMS 0x000000070ca00000, 0x000000070ca00000| Untracked 
|  19|0x000000070ca00000, 0x000000070cc00000, 0x000000070cc00000|100%| O|  |TAMS 0x000000070cc00000, 0x000000070cc00000| Untracked 
|  20|0x000000070cc00000, 0x000000070ce00000, 0x000000070ce00000|100%| O|  |TAMS 0x000000070cc00000, 0x000000070ce00000| Untracked 
|  21|0x000000070ce00000, 0x000000070d000000, 0x000000070d000000|100%| O|  |TAMS 0x000000070ce00000, 0x000000070d000000| Untracked 
|  22|0x000000070d000000, 0x000000070d200000, 0x000000070d200000|100%| O|  |TAMS 0x000000070d000000, 0x000000070d200000| Untracked 
|  23|0x000000070d200000, 0x000000070d400000, 0x000000070d400000|100%| O|  |TAMS 0x000000070d200000, 0x000000070d400000| Untracked 
|  24|0x000000070d400000, 0x000000070d600000, 0x000000070d600000|100%| O|  |TAMS 0x000000070d400000, 0x000000070d600000| Untracked 
|  25|0x000000070d600000, 0x000000070d800000, 0x000000070d800000|100%| O|  |TAMS 0x000000070d600000, 0x000000070d800000| Untracked 
|  26|0x000000070d800000, 0x000000070da00000, 0x000000070da00000|100%| O|  |TAMS 0x000000070d800000, 0x000000070da00000| Untracked 
|  27|0x000000070da00000, 0x000000070dc00000, 0x000000070dc00000|100%| O|  |TAMS 0x000000070da00000, 0x000000070dc00000| Untracked 
|  28|0x000000070dc00000, 0x000000070de00000, 0x000000070de00000|100%| O|  |TAMS 0x000000070dc00000, 0x000000070de00000| Untracked 
|  29|0x000000070de00000, 0x000000070e000000, 0x000000070e000000|100%| O|  |TAMS 0x000000070de00000, 0x000000070e000000| Untracked 
|  30|0x000000070e000000, 0x000000070e200000, 0x000000070e200000|100%| O|  |TAMS 0x000000070e000000, 0x000000070e200000| Untracked 
|  31|0x000000070e200000, 0x000000070e400000, 0x000000070e400000|100%| O|  |TAMS 0x000000070e200000, 0x000000070e400000| Untracked 
|  32|0x000000070e400000, 0x000000070e600000, 0x000000070e600000|100%| O|  |TAMS 0x000000070e400000, 0x000000070e600000| Untracked 
|  33|0x000000070e600000, 0x000000070e800000, 0x000000070e800000|100%| O|  |TAMS 0x000000070e600000, 0x000000070e800000| Untracked 
|  34|0x000000070e800000, 0x000000070ea00000, 0x000000070ea00000|100%| O|  |TAMS 0x000000070e800000, 0x000000070ea00000| Untracked 
|  35|0x000000070ea00000, 0x000000070ec00000, 0x000000070ec00000|100%| O|  |TAMS 0x000000070ea00000, 0x000000070ec00000| Untracked 
|  36|0x000000070ec00000, 0x000000070ee00000, 0x000000070ee00000|100%| O|  |TAMS 0x000000070ec00000, 0x000000070ee00000| Untracked 
|  37|0x000000070ee00000, 0x000000070f000000, 0x000000070f000000|100%| O|  |TAMS 0x000000070ee00000, 0x000000070f000000| Untracked 
|  38|0x000000070f000000, 0x000000070f200000, 0x000000070f200000|100%| O|  |TAMS 0x000000070f000000, 0x000000070f200000| Untracked 
|  39|0x000000070f200000, 0x000000070f400000, 0x000000070f400000|100%| O|  |TAMS 0x000000070f200000, 0x000000070f400000| Untracked 
|  40|0x000000070f400000, 0x000000070f600000, 0x000000070f600000|100%| O|  |TAMS 0x000000070f400000, 0x000000070f600000| Untracked 
|  41|0x000000070f600000, 0x000000070f800000, 0x000000070f800000|100%| O|  |TAMS 0x000000070f600000, 0x000000070f800000| Untracked 
|  42|0x000000070f800000, 0x000000070fa00000, 0x000000070fa00000|100%| O|  |TAMS 0x000000070f800000, 0x000000070fa00000| Untracked 
|  43|0x000000070fa00000, 0x000000070fc00000, 0x000000070fc00000|100%| O|  |TAMS 0x000000070fa00000, 0x000000070fc00000| Untracked 
|  44|0x000000070fc00000, 0x000000070fe00000, 0x000000070fe00000|100%| O|  |TAMS 0x000000070fc00000, 0x000000070fe00000| Untracked 
|  45|0x000000070fe00000, 0x0000000710000000, 0x0000000710000000|100%| O|  |TAMS 0x000000070fe00000, 0x000000070fe00000| Untracked 
|  46|0x0000000710000000, 0x0000000710200000, 0x0000000710200000|100%| O|  |TAMS 0x0000000710000000, 0x0000000710000000| Untracked 
|  47|0x0000000710200000, 0x0000000710400000, 0x0000000710400000|100%| O|  |TAMS 0x0000000710200000, 0x0000000710200000| Untracked 
|  48|0x0000000710400000, 0x0000000710600000, 0x0000000710600000|100%| O|  |TAMS 0x0000000710400000, 0x0000000710400000| Untracked 
|  49|0x0000000710600000, 0x0000000710800000, 0x0000000710800000|100%| O|  |TAMS 0x0000000710600000, 0x0000000710600000| Untracked 
|  50|0x0000000710800000, 0x0000000710a00000, 0x0000000710a00000|100%| O|  |TAMS 0x0000000710800000, 0x0000000710800000| Untracked 
|  51|0x0000000710a00000, 0x0000000710c00000, 0x0000000710c00000|100%| O|  |TAMS 0x0000000710a00000, 0x0000000710a00000| Untracked 
|  52|0x0000000710c00000, 0x0000000710e00000, 0x0000000710e00000|100%| O|  |TAMS 0x0000000710c00000, 0x0000000710c00000| Untracked 
|  53|0x0000000710e00000, 0x0000000710f51a00, 0x0000000711000000| 65%| O|  |TAMS 0x0000000710e00000, 0x0000000710e00000| Untracked 
|  54|0x0000000711000000, 0x0000000711000000, 0x0000000711200000|  0%| F|  |TAMS 0x0000000711000000, 0x0000000711000000| Untracked 
|  55|0x0000000711200000, 0x0000000711200000, 0x0000000711400000|  0%| F|  |TAMS 0x0000000711200000, 0x0000000711200000| Untracked 
|  56|0x0000000711400000, 0x0000000711400000, 0x0000000711600000|  0%| F|  |TAMS 0x0000000711400000, 0x0000000711400000| Untracked 
|  57|0x0000000711600000, 0x0000000711600000, 0x0000000711800000|  0%| F|  |TAMS 0x0000000711600000, 0x0000000711600000| Untracked 
|  58|0x0000000711800000, 0x0000000711800000, 0x0000000711a00000|  0%| F|  |TAMS 0x0000000711800000, 0x0000000711800000| Untracked 
|  59|0x0000000711a00000, 0x0000000711a00000, 0x0000000711c00000|  0%| F|  |TAMS 0x0000000711a00000, 0x0000000711a00000| Untracked 
|  60|0x0000000711c00000, 0x0000000711c00000, 0x0000000711e00000|  0%| F|  |TAMS 0x0000000711c00000, 0x0000000711c00000| Untracked 
|  61|0x0000000711e00000, 0x0000000711e00000, 0x0000000712000000|  0%| F|  |TAMS 0x0000000711e00000, 0x0000000711e00000| Untracked 
|  62|0x0000000712000000, 0x0000000712000000, 0x0000000712200000|  0%| F|  |TAMS 0x0000000712000000, 0x0000000712000000| Untracked 
|  63|0x0000000712200000, 0x0000000712200000, 0x0000000712400000|  0%| F|  |TAMS 0x0000000712200000, 0x0000000712200000| Untracked 
|  64|0x0000000712400000, 0x0000000712400000, 0x0000000712600000|  0%| F|  |TAMS 0x0000000712400000, 0x0000000712400000| Untracked 
|  65|0x0000000712600000, 0x0000000712600000, 0x0000000712800000|  0%| F|  |TAMS 0x0000000712600000, 0x0000000712600000| Untracked 
|  66|0x0000000712800000, 0x0000000712800000, 0x0000000712a00000|  0%| F|  |TAMS 0x0000000712800000, 0x0000000712800000| Untracked 
|  67|0x0000000712a00000, 0x0000000712a00000, 0x0000000712c00000|  0%| F|  |TAMS 0x0000000712a00000, 0x0000000712a00000| Untracked 
|  68|0x0000000712c00000, 0x0000000712c00000, 0x0000000712e00000|  0%| F|  |TAMS 0x0000000712c00000, 0x0000000712c00000| Untracked 
|  69|0x0000000712e00000, 0x0000000713000000, 0x0000000713000000|100%| S|CS|TAMS 0x0000000712e00000, 0x0000000712e00000| Complete 
|  70|0x0000000713000000, 0x0000000713200000, 0x0000000713200000|100%| S|CS|TAMS 0x0000000713000000, 0x0000000713000000| Complete 
|  71|0x0000000713200000, 0x0000000713400000, 0x0000000713400000|100%| S|CS|TAMS 0x0000000713200000, 0x0000000713200000| Complete 
|  72|0x0000000713400000, 0x0000000713400000, 0x0000000713600000|  0%| F|  |TAMS 0x0000000713400000, 0x0000000713400000| Untracked 
|  73|0x0000000713600000, 0x0000000713600000, 0x0000000713800000|  0%| F|  |TAMS 0x0000000713600000, 0x0000000713600000| Untracked 
|  74|0x0000000713800000, 0x0000000713800000, 0x0000000713a00000|  0%| F|  |TAMS 0x0000000713800000, 0x0000000713800000| Untracked 
|  75|0x0000000713a00000, 0x0000000713a00000, 0x0000000713c00000|  0%| F|  |TAMS 0x0000000713a00000, 0x0000000713a00000| Untracked 
|  76|0x0000000713c00000, 0x0000000713c00000, 0x0000000713e00000|  0%| F|  |TAMS 0x0000000713c00000, 0x0000000713c00000| Untracked 
|  77|0x0000000713e00000, 0x0000000713e00000, 0x0000000714000000|  0%| F|  |TAMS 0x0000000713e00000, 0x0000000713e00000| Untracked 
|  78|0x0000000714000000, 0x0000000714000000, 0x0000000714200000|  0%| F|  |TAMS 0x0000000714000000, 0x0000000714000000| Untracked 
|  79|0x0000000714200000, 0x0000000714200000, 0x0000000714400000|  0%| F|  |TAMS 0x0000000714200000, 0x0000000714200000| Untracked 
|  80|0x0000000714400000, 0x0000000714400000, 0x0000000714600000|  0%| F|  |TAMS 0x0000000714400000, 0x0000000714400000| Untracked 
|  81|0x0000000714600000, 0x0000000714600000, 0x0000000714800000|  0%| F|  |TAMS 0x0000000714600000, 0x0000000714600000| Untracked 
|  82|0x0000000714800000, 0x0000000714800000, 0x0000000714a00000|  0%| F|  |TAMS 0x0000000714800000, 0x0000000714800000| Untracked 
|  83|0x0000000714a00000, 0x0000000714a00000, 0x0000000714c00000|  0%| F|  |TAMS 0x0000000714a00000, 0x0000000714a00000| Untracked 
|  84|0x0000000714c00000, 0x0000000714c00000, 0x0000000714e00000|  0%| F|  |TAMS 0x0000000714c00000, 0x0000000714c00000| Untracked 
|  85|0x0000000714e00000, 0x0000000714e00000, 0x0000000715000000|  0%| F|  |TAMS 0x0000000714e00000, 0x0000000714e00000| Untracked 
|  86|0x0000000715000000, 0x0000000715000000, 0x0000000715200000|  0%| F|  |TAMS 0x0000000715000000, 0x0000000715000000| Untracked 
|  87|0x0000000715200000, 0x0000000715200000, 0x0000000715400000|  0%| F|  |TAMS 0x0000000715200000, 0x0000000715200000| Untracked 
|  88|0x0000000715400000, 0x0000000715400000, 0x0000000715600000|  0%| F|  |TAMS 0x0000000715400000, 0x0000000715400000| Untracked 
|  89|0x0000000715600000, 0x0000000715600000, 0x0000000715800000|  0%| F|  |TAMS 0x0000000715600000, 0x0000000715600000| Untracked 
|  90|0x0000000715800000, 0x0000000715800000, 0x0000000715a00000|  0%| F|  |TAMS 0x0000000715800000, 0x0000000715800000| Untracked 
|  91|0x0000000715a00000, 0x0000000715a00000, 0x0000000715c00000|  0%| F|  |TAMS 0x0000000715a00000, 0x0000000715a00000| Untracked 
|  92|0x0000000715c00000, 0x0000000715c00000, 0x0000000715e00000|  0%| F|  |TAMS 0x0000000715c00000, 0x0000000715c00000| Untracked 
|  93|0x0000000715e00000, 0x0000000715e00000, 0x0000000716000000|  0%| F|  |TAMS 0x0000000715e00000, 0x0000000715e00000| Untracked 
|  94|0x0000000716000000, 0x0000000716000000, 0x0000000716200000|  0%| F|  |TAMS 0x0000000716000000, 0x0000000716000000| Untracked 
|  95|0x0000000716200000, 0x0000000716200000, 0x0000000716400000|  0%| F|  |TAMS 0x0000000716200000, 0x0000000716200000| Untracked 
|  96|0x0000000716400000, 0x0000000716400000, 0x0000000716600000|  0%| F|  |TAMS 0x0000000716400000, 0x0000000716400000| Untracked 
|  97|0x0000000716600000, 0x0000000716600000, 0x0000000716800000|  0%| F|  |TAMS 0x0000000716600000, 0x0000000716600000| Untracked 
|  98|0x0000000716800000, 0x0000000716800000, 0x0000000716a00000|  0%| F|  |TAMS 0x0000000716800000, 0x0000000716800000| Untracked 
|  99|0x0000000716a00000, 0x0000000716a00000, 0x0000000716c00000|  0%| F|  |TAMS 0x0000000716a00000, 0x0000000716a00000| Untracked 
| 100|0x0000000716c00000, 0x0000000716c00000, 0x0000000716e00000|  0%| F|  |TAMS 0x0000000716c00000, 0x0000000716c00000| Untracked 
| 101|0x0000000716e00000, 0x0000000716e00000, 0x0000000717000000|  0%| F|  |TAMS 0x0000000716e00000, 0x0000000716e00000| Untracked 
| 102|0x0000000717000000, 0x0000000717000000, 0x0000000717200000|  0%| F|  |TAMS 0x0000000717000000, 0x0000000717000000| Untracked 
| 103|0x0000000717200000, 0x0000000717200000, 0x0000000717400000|  0%| F|  |TAMS 0x0000000717200000, 0x0000000717200000| Untracked 
| 104|0x0000000717400000, 0x0000000717400000, 0x0000000717600000|  0%| F|  |TAMS 0x0000000717400000, 0x0000000717400000| Untracked 
| 105|0x0000000717600000, 0x0000000717600000, 0x0000000717800000|  0%| F|  |TAMS 0x0000000717600000, 0x0000000717600000| Untracked 
| 106|0x0000000717800000, 0x0000000717800000, 0x0000000717a00000|  0%| F|  |TAMS 0x0000000717800000, 0x0000000717800000| Untracked 
| 107|0x0000000717a00000, 0x0000000717a00000, 0x0000000717c00000|  0%| F|  |TAMS 0x0000000717a00000, 0x0000000717a00000| Untracked 
| 108|0x0000000717c00000, 0x0000000717c00000, 0x0000000717e00000|  0%| F|  |TAMS 0x0000000717c00000, 0x0000000717c00000| Untracked 
| 109|0x0000000717e00000, 0x0000000717e00000, 0x0000000718000000|  0%| F|  |TAMS 0x0000000717e00000, 0x0000000717e00000| Untracked 
| 110|0x0000000718000000, 0x0000000718000000, 0x0000000718200000|  0%| F|  |TAMS 0x0000000718000000, 0x0000000718000000| Untracked 
| 111|0x0000000718200000, 0x0000000718200000, 0x0000000718400000|  0%| F|  |TAMS 0x0000000718200000, 0x0000000718200000| Untracked 
| 112|0x0000000718400000, 0x0000000718400000, 0x0000000718600000|  0%| F|  |TAMS 0x0000000718400000, 0x0000000718400000| Untracked 
| 113|0x0000000718600000, 0x0000000718600000, 0x0000000718800000|  0%| F|  |TAMS 0x0000000718600000, 0x0000000718600000| Untracked 
| 114|0x0000000718800000, 0x0000000718800000, 0x0000000718a00000|  0%| F|  |TAMS 0x0000000718800000, 0x0000000718800000| Untracked 
| 115|0x0000000718a00000, 0x0000000718a00000, 0x0000000718c00000|  0%| F|  |TAMS 0x0000000718a00000, 0x0000000718a00000| Untracked 
| 116|0x0000000718c00000, 0x0000000718c00000, 0x0000000718e00000|  0%| F|  |TAMS 0x0000000718c00000, 0x0000000718c00000| Untracked 
| 117|0x0000000718e00000, 0x0000000718e00000, 0x0000000719000000|  0%| F|  |TAMS 0x0000000718e00000, 0x0000000718e00000| Untracked 
| 118|0x0000000719000000, 0x0000000719000000, 0x0000000719200000|  0%| F|  |TAMS 0x0000000719000000, 0x0000000719000000| Untracked 
| 119|0x0000000719200000, 0x0000000719200000, 0x0000000719400000|  0%| F|  |TAMS 0x0000000719200000, 0x0000000719200000| Untracked 
| 120|0x0000000719400000, 0x0000000719400000, 0x0000000719600000|  0%| F|  |TAMS 0x0000000719400000, 0x0000000719400000| Untracked 
| 121|0x0000000719600000, 0x0000000719600000, 0x0000000719800000|  0%| F|  |TAMS 0x0000000719600000, 0x0000000719600000| Untracked 
| 122|0x0000000719800000, 0x0000000719800000, 0x0000000719a00000|  0%| F|  |TAMS 0x0000000719800000, 0x0000000719800000| Untracked 

Card table byte_map: [0x00000199cf980000,0x00000199d0130000] _byte_map_base: 0x00000199cc12e000

Marking Bits (Prev, Next): (CMBitMap*) 0x00000199c2928270, (CMBitMap*) 0x00000199c2928230
 Prev Bits: [0x00000199d4650000, 0x00000199d83c0000)
 Next Bits: [0x00000199d08e0000, 0x00000199d4650000)

Polling page: 0x00000199c2590000

Metaspace:

Usage:
  Non-class:     54.23 MB used.
      Class:      9.48 MB used.
       Both:     63.72 MB used.

Virtual space:
  Non-class space:       64.00 MB reserved,      54.56 MB ( 85%) committed,  1 nodes.
      Class space:        1.00 GB reserved,       9.75 MB ( <1%) committed,  1 nodes.
             Both:        1.06 GB reserved,      64.31 MB (  6%) committed. 

Chunk freelists:
   Non-Class:  9.17 MB
       Class:  6.25 MB
        Both:  15.42 MB

MaxMetaspaceSize: unlimited
CompressedClassSpaceSize: 1.00 GB
Initial GC threshold: 21.00 MB
Current GC threshold: 98.75 MB
CDS: on
MetaspaceReclaimPolicy: balanced
 - commit_granule_bytes: 65536.
 - commit_granule_words: 8192.
 - virtual_space_node_default_size: 8388608.
 - enlarge_chunks_in_place: 1.
 - new_chunks_are_fully_committed: 0.
 - uncommit_free_chunks: 1.
 - use_allocation_guard: 0.
 - handle_deallocations: 1.


Internal statistics:

num_allocs_failed_limit: 9.
num_arena_births: 772.
num_arena_deaths: 0.
num_vsnodes_births: 2.
num_vsnodes_deaths: 0.
num_space_committed: 1029.
num_space_uncommitted: 0.
num_chunks_returned_to_freelist: 9.
num_chunks_taken_from_freelist: 3136.
num_chunk_merges: 9.
num_chunk_splits: 2343.
num_chunks_enlarged: 1924.
num_inconsistent_stats: 0.

CodeCache: size=49152Kb used=10897Kb max_used=10897Kb free=38254Kb
 bounds [0x00000199cb720000, 0x00000199cc1d0000, 0x00000199ce720000]
 total_blobs=5745 nmethods=5088 adapters=581
 compilation: enabled
              stopped_count=0, restarted_count=0
 full_count=0

Compilation events (20 events):
Event: 11.382 Thread 0x00000199db314a80 5079       1       org.antlr.v4.runtime.CodePointCharStream::seek (6 bytes)
Event: 11.382 Thread 0x00000199db314a80 nmethod 5079 0x00000199cc1be710 code [0x00000199cc1be8a0, 0x00000199cc1be978]
Event: 11.383 Thread 0x00000199db314a80 5080       1       org.antlr.v4.runtime.misc.FlexibleHashMap::createEntryListArray (7 bytes)
Event: 11.383 Thread 0x00000199db314a80 nmethod 5080 0x00000199cc1bea10 code [0x00000199cc1beba0, 0x00000199cc1becd8]
Event: 11.397 Thread 0x00000199db314a80 5081       1       org.antlr.v4.runtime.CodePointCharStream::release (1 bytes)
Event: 11.397 Thread 0x00000199db314a80 nmethod 5081 0x00000199cc1bed90 code [0x00000199cc1bef20, 0x00000199cc1befd8]
Event: 11.438 Thread 0x00000199db314a80 5082       1       org.antlr.v4.runtime.BufferedTokenStream::index (5 bytes)
Event: 11.438 Thread 0x00000199db314a80 nmethod 5082 0x00000199cc1bf090 code [0x00000199cc1bf220, 0x00000199cc1bf2f8]
Event: 11.439 Thread 0x00000199db314a80 5083   !   1       org.antlr.v4.runtime.atn.ParserATNSimulator::addDFAState (173 bytes)
Event: 11.439 Thread 0x00000199db33a4c0 5084       1       org.antlr.v4.runtime.BufferedTokenStream::mark (2 bytes)
Event: 11.439 Thread 0x00000199db33a4c0 nmethod 5084 0x00000199cc1bf390 code [0x00000199cc1bf520, 0x00000199cc1bf5f8]
Event: 11.439 Thread 0x00000199db33a4c0 5085       1       org.antlr.v4.runtime.Recognizer::getState (5 bytes)
Event: 11.439 Thread 0x00000199db33a4c0 nmethod 5085 0x00000199cc1bf690 code [0x00000199cc1bf820, 0x00000199cc1bf8f8]
Event: 11.441 Thread 0x00000199db314a80 nmethod 5083 0x00000199cc1bf990 code [0x00000199cc1bfc60, 0x00000199cc1c0688]
Event: 11.590 Thread 0x00000199db314a80 5086       1       org.antlr.v4.runtime.BufferedTokenStream::consume (119 bytes)
Event: 11.590 Thread 0x00000199e0599840 5087       1       org.antlr.v4.runtime.atn.ParserATNSimulator::computeTargetState (286 bytes)
Event: 11.590 Thread 0x00000199db0dde10 5088   !   1       org.antlr.v4.runtime.atn.ParserATNSimulator::addDFAEdge (207 bytes)
Event: 11.591 Thread 0x00000199db314a80 nmethod 5086 0x00000199cc1c0e90 code [0x00000199cc1c1080, 0x00000199cc1c1398]
Event: 11.592 Thread 0x00000199e0599840 nmethod 5087 0x00000199cc1c1590 code [0x00000199cc1c1900, 0x00000199cc1c2548]
Event: 11.593 Thread 0x00000199db0dde10 nmethod 5088 0x00000199cc1c2d90 code [0x00000199cc1c30a0, 0x00000199cc1c3d68]

GC Heap History (20 events):
Event: 6.185 GC heap after
{Heap after GC invocations=7 (full 0):
 garbage-first heap   total 108544K, used 27251K [0x000000070a400000, 0x0000000800000000)
  region size 2048K, 1 young (2048K), 1 survivors (2048K)
 Metaspace       used 29302K, committed 29696K, reserved 1114112K
  class space    used 4149K, committed 4352K, reserved 1048576K
}
Event: 7.213 GC heap before
{Heap before GC invocations=7 (full 0):
 garbage-first heap   total 108544K, used 62067K [0x000000070a400000, 0x0000000800000000)
  region size 2048K, 19 young (38912K), 1 survivors (2048K)
 Metaspace       used 35621K, committed 36096K, reserved 1114112K
  class space    used 5098K, committed 5312K, reserved 1048576K
}
Event: 7.218 GC heap after
{Heap after GC invocations=8 (full 0):
 garbage-first heap   total 108544K, used 27622K [0x000000070a400000, 0x0000000800000000)
  region size 2048K, 2 young (4096K), 2 survivors (4096K)
 Metaspace       used 35621K, committed 36096K, reserved 1114112K
  class space    used 5098K, committed 5312K, reserved 1048576K
}
Event: 8.342 GC heap before
{Heap before GC invocations=9 (full 0):
 garbage-first heap   total 108544K, used 74726K [0x000000070a400000, 0x0000000800000000)
  region size 2048K, 26 young (53248K), 2 survivors (4096K)
 Metaspace       used 46612K, committed 47104K, reserved 1114112K
  class space    used 6596K, committed 6848K, reserved 1048576K
}
Event: 8.348 GC heap after
{Heap after GC invocations=10 (full 0):
 garbage-first heap   total 108544K, used 30049K [0x000000070a400000, 0x0000000800000000)
  region size 2048K, 3 young (6144K), 3 survivors (6144K)
 Metaspace       used 46612K, committed 47104K, reserved 1114112K
  class space    used 6596K, committed 6848K, reserved 1048576K
}
Event: 9.658 GC heap before
{Heap before GC invocations=10 (full 0):
 garbage-first heap   total 108544K, used 77153K [0x000000070a400000, 0x0000000800000000)
  region size 2048K, 27 young (55296K), 3 survivors (6144K)
 Metaspace       used 57662K, committed 58240K, reserved 1114112K
  class space    used 8325K, committed 8576K, reserved 1048576K
}
Event: 9.666 GC heap after
{Heap after GC invocations=11 (full 0):
 garbage-first heap   total 108544K, used 32431K [0x000000070a400000, 0x0000000800000000)
  region size 2048K, 3 young (6144K), 3 survivors (6144K)
 Metaspace       used 57662K, committed 58240K, reserved 1114112K
  class space    used 8325K, committed 8576K, reserved 1048576K
}
Event: 10.038 GC heap before
{Heap before GC invocations=11 (full 0):
 garbage-first heap   total 108544K, used 44719K [0x000000070a400000, 0x0000000800000000)
  region size 2048K, 11 young (22528K), 3 survivors (6144K)
 Metaspace       used 59927K, committed 60480K, reserved 1114112K
  class space    used 8576K, committed 8832K, reserved 1048576K
}
Event: 10.045 GC heap after
{Heap after GC invocations=12 (full 0):
 garbage-first heap   total 108544K, used 34023K [0x000000070a400000, 0x0000000800000000)
  region size 2048K, 3 young (6144K), 3 survivors (6144K)
 Metaspace       used 59927K, committed 60480K, reserved 1114112K
  class space    used 8576K, committed 8832K, reserved 1048576K
}
Event: 10.649 GC heap before
{Heap before GC invocations=13 (full 0):
 garbage-first heap   total 108544K, used 81127K [0x000000070a400000, 0x0000000800000000)
  region size 2048K, 26 young (53248K), 3 survivors (6144K)
 Metaspace       used 63469K, committed 64064K, reserved 1114112K
  class space    used 9332K, committed 9600K, reserved 1048576K
}
Event: 10.658 GC heap after
{Heap after GC invocations=14 (full 0):
 garbage-first heap   total 108544K, used 41410K [0x000000070a400000, 0x0000000800000000)
  region size 2048K, 4 young (8192K), 4 survivors (8192K)
 Metaspace       used 63469K, committed 64064K, reserved 1114112K
  class space    used 9332K, committed 9600K, reserved 1048576K
}
Event: 10.781 GC heap before
{Heap before GC invocations=14 (full 0):
 garbage-first heap   total 108544K, used 78274K [0x000000070a400000, 0x0000000800000000)
  region size 2048K, 22 young (45056K), 4 survivors (8192K)
 Metaspace       used 63476K, committed 64064K, reserved 1114112K
  class space    used 9333K, committed 9600K, reserved 1048576K
}
Event: 10.796 GC heap after
{Heap after GC invocations=15 (full 0):
 garbage-first heap   total 180224K, used 52588K [0x000000070a400000, 0x0000000800000000)
  region size 2048K, 3 young (6144K), 3 survivors (6144K)
 Metaspace       used 63476K, committed 64064K, reserved 1114112K
  class space    used 9333K, committed 9600K, reserved 1048576K
}
Event: 11.340 GC heap before
{Heap before GC invocations=15 (full 0):
 garbage-first heap   total 180224K, used 126316K [0x000000070a400000, 0x0000000800000000)
  region size 2048K, 39 young (79872K), 3 survivors (6144K)
 Metaspace       used 65236K, committed 65792K, reserved 1114112K
  class space    used 9710K, committed 9984K, reserved 1048576K
}
Event: 11.354 GC heap after
{Heap after GC invocations=16 (full 0):
 garbage-first heap   total 180224K, used 63488K [0x000000070a400000, 0x0000000800000000)
  region size 2048K, 5 young (10240K), 5 survivors (10240K)
 Metaspace       used 65236K, committed 65792K, reserved 1114112K
  class space    used 9710K, committed 9984K, reserved 1048576K
}
Event: 11.546 GC heap before
{Heap before GC invocations=16 (full 0):
 garbage-first heap   total 180224K, used 129024K [0x000000070a400000, 0x0000000800000000)
  region size 2048K, 37 young (75776K), 5 survivors (10240K)
 Metaspace       used 65244K, committed 65856K, reserved 1114112K
  class space    used 9710K, committed 9984K, reserved 1048576K
}
Event: 11.574 GC heap after
{Heap after GC invocations=17 (full 0):
 garbage-first heap   total 180224K, used 83508K [0x000000070a400000, 0x0000000800000000)
  region size 2048K, 5 young (10240K), 5 survivors (10240K)
 Metaspace       used 65244K, committed 65856K, reserved 1114112K
  class space    used 9710K, committed 9984K, reserved 1048576K
}
Event: 11.744 GC heap before
{Heap before GC invocations=17 (full 0):
 garbage-first heap   total 180224K, used 130612K [0x000000070a400000, 0x0000000800000000)
  region size 2048K, 28 young (57344K), 5 survivors (10240K)
 Metaspace       used 65245K, committed 65856K, reserved 1114112K
  class space    used 9710K, committed 9984K, reserved 1048576K
}
Event: 11.764 GC heap after
{Heap after GC invocations=18 (full 0):
 garbage-first heap   total 180224K, used 100352K [0x000000070a400000, 0x0000000800000000)
  region size 2048K, 4 young (8192K), 4 survivors (8192K)
 Metaspace       used 65245K, committed 65856K, reserved 1114112K
  class space    used 9710K, committed 9984K, reserved 1048576K
}
Event: 11.869 GC heap before
{Heap before GC invocations=18 (full 0):
 garbage-first heap   total 180224K, used 133120K [0x000000070a400000, 0x0000000800000000)
  region size 2048K, 20 young (40960K), 4 survivors (8192K)
 Metaspace       used 65245K, committed 65856K, reserved 1114112K
  class space    used 9710K, committed 9984K, reserved 1048576K
}

Deoptimization events (6 events):
Event: 6.478 Thread 0x00000199c23bd8a0 DEOPT PACKING pc=0x00000199cbb37d09 sp=0x0000004f8befed00
Event: 6.478 Thread 0x00000199c23bd8a0 DEOPT UNPACKING pc=0x00000199cb772b43 sp=0x0000004f8befe190 mode 3
Event: 6.478 Thread 0x00000199e0c5bd40 DEOPT PACKING pc=0x00000199cbc1f02f sp=0x0000004f8e2fedc0
Event: 6.478 Thread 0x00000199e0c5bd40 DEOPT UNPACKING pc=0x00000199cb772b43 sp=0x0000004f8e2fe228 mode 3
Event: 9.021 Thread 0x00000199c23bd8a0 DEOPT PACKING pc=0x00000199cc0abaf4 sp=0x0000004f8befcf70
Event: 9.021 Thread 0x00000199c23bd8a0 DEOPT UNPACKING pc=0x00000199cb772b43 sp=0x0000004f8befc408 mode 0

Classes unloaded (0 events):
No events

Classes redefined (0 events):
No events

Internal exceptions (20 events):
Event: 9.216 Thread 0x00000199c23bd8a0 Exception <a 'java/lang/NoSuchMethodError'{0x000000070ec11bc8}: 'java.lang.Object java.lang.invoke.Invokers$Holder.linkToTargetMethod(java.lang.Object, java.lang.Object, java.lang.Object, java.lang.Object, java.lang.Object, java.lang.Object, java.lang.Object, java.lang.Object, java.lang.Object, java.lang.Object, java.lang.Object, java.lang.Object)'> (0x000000070ec11bc8) 
thrown [s\open\src\hotspot\share\interpreter\linkResolver.cpp, line 759]
Event: 9.262 Thread 0x00000199c23bd8a0 Exception <a 'java/lang/IncompatibleClassChangeError'{0x000000070ede0588}: Found class java.lang.Object, but interface was expected> (0x000000070ede0588) 
thrown [s\open\src\hotspot\share\interpreter\linkResolver.cpp, line 826]
Event: 9.276 Thread 0x00000199c23bd8a0 Exception <a 'java/lang/NoSuchMethodError'{0x000000070ea74bc8}: 'java.lang.Object java.lang.invoke.DirectMethodHandle$Holder.newInvokeSpecial(java.lang.Object, java.lang.Object, java.lang.Object, java.lang.Object, java.lang.Object, java.lang.Object, java.lang.Object, int)'> (0x000000070ea74bc8) 
thrown [s\open\src\hotspot\share\interpreter\linkResolver.cpp, line 759]
Event: 9.276 Thread 0x00000199c23bd8a0 Exception <a 'java/lang/NoSuchMethodError'{0x000000070ea79bc0}: 'java.lang.Object java.lang.invoke.DirectMethodHandle$Holder.invokeSpecial(java.lang.Object, java.lang.Object, java.lang.Object, java.lang.Object, java.lang.Object, java.lang.Object, java.lang.Object, java.lang.Object, int)'> (0x000000070ea79bc0) 
thrown [s\open\src\hotspot\share\interpreter\linkResolver.cpp, line 759]
Event: 9.277 Thread 0x00000199c23bd8a0 Exception <a 'java/lang/NoSuchMethodError'{0x000000070ea7e688}: 'java.lang.Object java.lang.invoke.Invokers$Holder.linkToTargetMethod(java.lang.Object, java.lang.Object, java.lang.Object, java.lang.Object, java.lang.Object, java.lang.Object, int, java.lang.Object)'> (0x000000070ea7e688) 
thrown [s\open\src\hotspot\share\interpreter\linkResolver.cpp, line 759]
Event: 9.524 Thread 0x00000199c23bd8a0 Exception <a 'java/lang/IncompatibleClassChangeError'{0x000000070e2b2f88}: Found class java.lang.Object, but interface was expected> (0x000000070e2b2f88) 
thrown [s\open\src\hotspot\share\interpreter\linkResolver.cpp, line 826]
Event: 9.529 Thread 0x00000199c23bd8a0 Exception <a 'java/lang/reflect/InvocationTargetException'{0x000000070e2ed340}> (0x000000070e2ed340) 
thrown [s\open\src\hotspot\share\runtime\reflection.cpp, line 1121]
Event: 9.607 Thread 0x00000199c23bd8a0 Exception <a 'java/lang/NoSuchMethodError'{0x000000070e1dd970}: 'java.lang.Object java.lang.invoke.DirectMethodHandle$Holder.newInvokeSpecial(java.lang.Object, java.lang.Object, int, java.lang.Object, java.lang.Object)'> (0x000000070e1dd970) 
thrown [s\open\src\hotspot\share\interpreter\linkResolver.cpp, line 759]
Event: 9.684 Thread 0x00000199c23bd8a0 Exception <a 'java/lang/IncompatibleClassChangeError'{0x0000000719893180}: Found class java.lang.Object, but interface was expected> (0x0000000719893180) 
thrown [s\open\src\hotspot\share\interpreter\linkResolver.cpp, line 826]
Event: 9.712 Thread 0x00000199c23bd8a0 Exception <a 'java/lang/NoSuchMethodError'{0x0000000719937610}: 'java.lang.Object java.lang.invoke.DirectMethodHandle$Holder.invokeStatic(java.lang.Object, int, java.lang.Object, java.lang.Object, java.lang.Object)'> (0x0000000719937610) 
thrown [s\open\src\hotspot\share\interpreter\linkResolver.cpp, line 759]
Event: 9.764 Thread 0x00000199c23bd8a0 Exception <a 'sun/nio/fs/WindowsException'{0x0000000715ee2b98}> (0x0000000715ee2b98) 
thrown [s\open\src\hotspot\share\prims\jni.cpp, line 516]
Event: 9.916 Thread 0x00000199c23bd8a0 Exception <a 'java/lang/IncompatibleClassChangeError'{0x0000000710219e10}: Found class java.lang.Object, but interface was expected> (0x0000000710219e10) 
thrown [s\open\src\hotspot\share\interpreter\linkResolver.cpp, line 826]
Event: 9.963 Thread 0x00000199c23bd8a0 Exception <a 'java/lang/IncompatibleClassChangeError'{0x00000007103f1cf8}: Found class java.lang.Object, but interface was expected> (0x00000007103f1cf8) 
thrown [s\open\src\hotspot\share\interpreter\linkResolver.cpp, line 826]
Event: 10.168 Thread 0x00000199c23bd8a0 Exception <a 'java/lang/IncompatibleClassChangeError'{0x0000000715ccdf70}: Found class java.lang.Object, but interface was expected> (0x0000000715ccdf70) 
thrown [s\open\src\hotspot\share\interpreter\linkResolver.cpp, line 826]
Event: 10.222 Thread 0x00000199c23bd8a0 Exception <a 'java/lang/reflect/InvocationTargetException'{0x0000000715b66978}> (0x0000000715b66978) 
thrown [s\open\src\hotspot\share\runtime\reflection.cpp, line 1121]
Event: 10.233 Thread 0x00000199c23bd8a0 Exception <a 'java/lang/NoSuchMethodError'{0x0000000715bdfe50}: 'int java.lang.invoke.DirectMethodHandle$Holder.invokeStatic(java.lang.Object, java.lang.Object, int)'> (0x0000000715bdfe50) 
thrown [s\open\src\hotspot\share\interpreter\linkResolver.cpp, line 759]
Event: 10.242 Thread 0x00000199c23bd8a0 Exception <a 'java/lang/IncompatibleClassChangeError'{0x000000071582c218}: Found class java.lang.Object, but interface was expected> (0x000000071582c218) 
thrown [s\open\src\hotspot\share\interpreter\linkResolver.cpp, line 826]
Event: 10.303 Thread 0x00000199c23bd8a0 Exception <a 'java/lang/NoSuchMethodError'{0x0000000710236600}: 'java.lang.Object java.lang.invoke.DirectMethodHandle$Holder.invokeStatic(java.lang.Object, int, java.lang.Object)'> (0x0000000710236600) 
thrown [s\open\src\hotspot\share\interpreter\linkResolver.cpp, line 759]
Event: 10.310 Thread 0x00000199c23bd8a0 Exception <a 'java/lang/reflect/InvocationTargetException'{0x00000007102771e8}> (0x00000007102771e8) 
thrown [s\open\src\hotspot\share\runtime\reflection.cpp, line 1121]
Event: 10.317 Thread 0x00000199c23bd8a0 Exception <a 'java/lang/reflect/InvocationTargetException'{0x00000007102b2fd8}> (0x00000007102b2fd8) 
thrown [s\open\src\hotspot\share\runtime\reflection.cpp, line 1121]

VM Operations (20 events):
Event: 10.183 Executing VM operation: HandshakeAllThreads done
Event: 10.183 Executing VM operation: HandshakeAllThreads
Event: 10.183 Executing VM operation: HandshakeAllThreads done
Event: 10.497 Executing VM operation: HandshakeAllThreads
Event: 10.497 Executing VM operation: HandshakeAllThreads done
Event: 10.502 Executing VM operation: HandshakeAllThreads
Event: 10.502 Executing VM operation: HandshakeAllThreads done
Event: 10.591 Executing VM operation: HandshakeAllThreads
Event: 10.591 Executing VM operation: HandshakeAllThreads done
Event: 10.648 Executing VM operation: G1CollectForAllocation
Event: 10.658 Executing VM operation: G1CollectForAllocation done
Event: 10.781 Executing VM operation: G1CollectForAllocation
Event: 10.796 Executing VM operation: G1CollectForAllocation done
Event: 11.339 Executing VM operation: G1CollectForAllocation
Event: 11.354 Executing VM operation: G1CollectForAllocation done
Event: 11.546 Executing VM operation: G1CollectForAllocation
Event: 11.574 Executing VM operation: G1CollectForAllocation done
Event: 11.743 Executing VM operation: G1CollectForAllocation
Event: 11.764 Executing VM operation: G1CollectForAllocation done
Event: 11.869 Executing VM operation: G1CollectForAllocation

Events (20 events):
Event: 9.810 loading class java/util/EnumMap$EnumMapIterator done
Event: 9.810 loading class java/util/EnumMap$EntryIterator done
Event: 9.812 loading class java/lang/SafeVarargs
Event: 9.812 loading class java/lang/SafeVarargs done
Event: 9.836 loading class java/util/LinkedList$LLSpliterator
Event: 9.836 loading class java/util/LinkedList$LLSpliterator done
Event: 10.178 loading class java/lang/Package$1PackageInfoProxy
Event: 10.178 loading class java/lang/Package$1PackageInfoProxy done
Event: 10.279 loading class java/util/regex/Pattern$SliceU
Event: 10.279 loading class java/util/regex/Pattern$SliceU done
Event: 10.279 loading class java/util/regex/Pattern$Bound
Event: 10.279 loading class java/util/regex/Pattern$Bound done
Event: 10.281 loading class java/util/regex/Pattern$Neg
Event: 10.282 loading class java/util/regex/Pattern$Neg done
Event: 10.351 loading class java/util/EmptyStackException
Event: 10.351 loading class java/util/EmptyStackException done
Event: 10.481 loading class java/io/InvalidClassException
Event: 10.481 loading class java/io/InvalidClassException done
Event: 10.496 loading class java/util/ArrayList$ListItr
Event: 10.496 loading class java/util/ArrayList$ListItr done


Dynamic libraries:
0x00007ff76acf0000 - 0x00007ff76ad00000 	C:\Program Files\Java\jdk-17\bin\java.exe
0x00007fffae360000 - 0x00007fffae5c6000 	C:\WINDOWS\SYSTEM32\ntdll.dll
0x00007fffac800000 - 0x00007fffac8c9000 	C:\WINDOWS\System32\KERNEL32.DLL
0x00007fffabad0000 - 0x00007fffabed0000 	C:\WINDOWS\System32\KERNELBASE.dll
0x00007fffab970000 - 0x00007fffababc000 	C:\WINDOWS\System32\ucrtbase.dll
0x00007fff8aed0000 - 0x00007fff8aee9000 	C:\Program Files\Java\jdk-17\bin\jli.dll
0x00007fff8aef0000 - 0x00007fff8af0b000 	C:\Program Files\Java\jdk-17\bin\VCRUNTIME140.dll
0x00007fffadc60000 - 0x00007fffadd17000 	C:\WINDOWS\System32\ADVAPI32.dll
0x00007fffadd20000 - 0x00007fffaddc9000 	C:\WINDOWS\System32\msvcrt.dll
0x00007fffac280000 - 0x00007fffac32a000 	C:\WINDOWS\System32\sechost.dll
0x00007fffac090000 - 0x00007fffac1a8000 	C:\WINDOWS\System32\RPCRT4.dll
0x00007fffad9c0000 - 0x00007fffadb87000 	C:\WINDOWS\System32\USER32.dll
0x00007fffabee0000 - 0x00007fffabf07000 	C:\WINDOWS\System32\win32u.dll
0x00007fff9a140000 - 0x00007fff9a3d2000 	C:\WINDOWS\WinSxS\amd64_microsoft.windows.common-controls_6595b64144ccf1df_6.0.26100.8737_none_3e092eaee333b772\COMCTL32.dll
0x00007fffae140000 - 0x00007fffae16b000 	C:\WINDOWS\System32\GDI32.dll
0x00007fffab840000 - 0x00007fffab969000 	C:\WINDOWS\System32\gdi32full.dll
0x00007fffab610000 - 0x00007fffab6b3000 	C:\WINDOWS\System32\msvcp_win.dll
0x00007fffa4d20000 - 0x00007fffa4d2b000 	C:\WINDOWS\SYSTEM32\VERSION.dll
0x00007fffac1b0000 - 0x00007fffac1e2000 	C:\WINDOWS\System32\IMM32.DLL
0x00007fff8c4d0000 - 0x00007fff8c4dc000 	C:\Program Files\Java\jdk-17\bin\vcruntime140_1.dll
0x00007fff8ae40000 - 0x00007fff8aece000 	C:\Program Files\Java\jdk-17\bin\msvcp140.dll
0x00007ffeef3e0000 - 0x00007ffeeffc0000 	C:\Program Files\Java\jdk-17\bin\server\jvm.dll
0x00007fffae170000 - 0x00007fffae178000 	C:\WINDOWS\System32\PSAPI.DLL
0x00007fffa4ce0000 - 0x00007fffa4d16000 	C:\WINDOWS\SYSTEM32\WINMM.dll
0x00007fff8c320000 - 0x00007fff8c32a000 	C:\WINDOWS\SYSTEM32\WSOCK32.dll
0x00007fffac700000 - 0x00007fffac780000 	C:\WINDOWS\System32\WS2_32.dll
0x00007fffaa260000 - 0x00007fffaa27b000 	C:\WINDOWS\SYSTEM32\kernel.appcore.dll
0x00007fff8ae30000 - 0x00007fff8ae3a000 	C:\Program Files\Java\jdk-17\bin\jimage.dll
0x00007fff9fd50000 - 0x00007fff9ff92000 	C:\WINDOWS\SYSTEM32\DBGHELP.DLL
0x00007fffac370000 - 0x00007fffac6f3000 	C:\WINDOWS\System32\combase.dll
0x00007fffad850000 - 0x00007fffad929000 	C:\WINDOWS\System32\OLEAUT32.dll
0x00007fff7a650000 - 0x00007fff7a68b000 	C:\WINDOWS\SYSTEM32\dbgcore.DLL
0x00007fffab6c0000 - 0x00007fffab76c000 	C:\WINDOWS\System32\bcryptPrimitives.dll
0x00007fff7b3d0000 - 0x00007fff7b3f5000 	C:\Program Files\Java\jdk-17\bin\java.dll
0x00007fff63c70000 - 0x00007fff63d47000 	C:\Program Files\Java\jdk-17\bin\jsvml.dll
0x00007fffac8d0000 - 0x00007fffad062000 	C:\WINDOWS\System32\SHELL32.dll
0x00007fffa9000000 - 0x00007fffa9892000 	C:\WINDOWS\SYSTEM32\windows.storage.dll
0x00007fffae040000 - 0x00007fffae137000 	C:\WINDOWS\System32\SHCORE.dll
0x00007fffac790000 - 0x00007fffac7f7000 	C:\WINDOWS\System32\shlwapi.dll
0x00007fffab4a0000 - 0x00007fffab4c9000 	C:\WINDOWS\SYSTEM32\profapi.dll
0x00007fff7cfe0000 - 0x00007fff7cff9000 	C:\Program Files\Java\jdk-17\bin\net.dll
0x00007fffa4ef0000 - 0x00007fffa5019000 	C:\WINDOWS\SYSTEM32\WINHTTP.dll
0x00007fffaa810000 - 0x00007fffaa87c000 	C:\WINDOWS\system32\mswsock.dll
0x00007fff7b380000 - 0x00007fff7b396000 	C:\Program Files\Java\jdk-17\bin\nio.dll
0x00007fff77bf0000 - 0x00007fff77c08000 	C:\Program Files\Java\jdk-17\bin\zip.dll
0x00007fffa9c60000 - 0x00007fffa9c93000 	C:\WINDOWS\SYSTEM32\IPHLPAPI.DLL
0x00007fffadb90000 - 0x00007fffadb9a000 	C:\WINDOWS\System32\NSI.dll
0x00007fffa5590000 - 0x00007fffa55ad000 	C:\WINDOWS\SYSTEM32\dhcpcsvc6.DLL
0x00007fffa53a0000 - 0x00007fffa53c5000 	C:\WINDOWS\SYSTEM32\dhcpcsvc.DLL
0x00007fffa9d00000 - 0x00007fffa9e55000 	C:\WINDOWS\SYSTEM32\DNSAPI.dll
0x00007fffaa610000 - 0x00007fffaa61d000 	C:\WINDOWS\SYSTEM32\DSPARSE.dll
0x00007fff8c240000 - 0x00007fff8c24e000 	C:\Program Files\Java\jdk-17\bin\sunmscapi.dll
0x00007fffabf10000 - 0x00007fffac088000 	C:\WINDOWS\System32\CRYPT32.dll
0x00007fffaad50000 - 0x00007fffaad80000 	C:\WINDOWS\SYSTEM32\ncrypt.dll
0x00007fffaad00000 - 0x00007fffaad3f000 	C:\WINDOWS\SYSTEM32\NTASN1.dll
0x00007fffaab30000 - 0x00007fffaab4b000 	C:\WINDOWS\SYSTEM32\CRYPTSP.dll
0x00007fffaa1c0000 - 0x00007fffaa1f9000 	C:\WINDOWS\system32\rsaenh.dll
0x00007fffaa8d0000 - 0x00007fffaa902000 	C:\WINDOWS\SYSTEM32\USERENV.dll
0x00007fffab470000 - 0x00007fffab49a000 	C:\WINDOWS\SYSTEM32\bcrypt.dll
0x00007fffaab10000 - 0x00007fffaab1c000 	C:\WINDOWS\SYSTEM32\CRYPTBASE.dll
0x00007fff8c230000 - 0x00007fff8c23a000 	C:\Program Files\Java\jdk-17\bin\management.dll
0x00007fff8c220000 - 0x00007fff8c22b000 	C:\Program Files\Java\jdk-17\bin\management_ext.dll
0x00007fffa2200000 - 0x00007fffa220b000 	C:\Windows\System32\rasadhlp.dll
0x00007fffa56a0000 - 0x00007fffa5726000 	C:\WINDOWS\System32\fwpuclnt.dll
0x00007fff7b3c0000 - 0x00007fff7b3d0000 	C:\Program Files\Java\jdk-17\bin\verify.dll

dbghelp: loaded successfully - version: 4.0.5 - missing functions: none
symbol engine: initialized successfully - sym options: 0x614 - pdb path: .;C:\Program Files\Java\jdk-17\bin;C:\WINDOWS\SYSTEM32;C:\WINDOWS\WinSxS\amd64_microsoft.windows.common-controls_6595b64144ccf1df_6.0.26100.8737_none_3e092eaee333b772;C:\Program Files\Java\jdk-17\bin\server

VM Arguments:
jvm_args: -XX:TieredStopAtLevel=1 
java_command: com.abha.abha_integration.AbhaIntegrationApplication
java_class_path (initial): D:\abdm-abha-integration\target\classes;C:\Users\disha\.m2\repository\org\springframework\boot\spring-boot\3.5.0\spring-boot-3.5.0.jar;C:\Users\disha\.m2\repository\org\springframework\boot\spring-boot-autoconfigure\3.5.0\spring-boot-autoconfigure-3.5.0.jar;C:\Users\disha\.m2\repository\ch\qos\logback\logback-classic\1.5.18\logback-classic-1.5.18.jar;C:\Users\disha\.m2\repository\ch\qos\logback\logback-core\1.5.18\logback-core-1.5.18.jar;C:\Users\disha\.m2\repository\org\apache\logging\log4j\log4j-to-slf4j\2.24.3\log4j-to-slf4j-2.24.3.jar;C:\Users\disha\.m2\repository\org\apache\logging\log4j\log4j-api\2.24.3\log4j-api-2.24.3.jar;C:\Users\disha\.m2\repository\org\slf4j\jul-to-slf4j\2.0.17\jul-to-slf4j-2.0.17.jar;C:\Users\disha\.m2\repository\jakarta\annotation\jakarta.annotation-api\2.1.1\jakarta.annotation-api-2.1.1.jar;C:\Users\disha\.m2\repository\org\yaml\snakeyaml\2.4\snakeyaml-2.4.jar;C:\Users\disha\.m2\repository\org\apache\tomcat\embed\tomcat-embed-el\10.1.41\tomcat-embed-el-10.1.41.jar;C:\Users\disha\.m2\repository\org\hibernate\validator\hibernate-validator\8.0.2.Final\hibernate-validator-8.0.2.Final.jar;C:\Users\disha\.m2\repository\jakarta\validation\jakarta.validation-api\3.0.2\jakarta.validation-api-3.0.2.jar;C:\Users\disha\.m2\repository\org\jboss\logging\jboss-logging\3.6.1.Final\jboss-logging-3.6.1.Final.jar;C:\Users\disha\.m2\repository\com\fasterxml\classmate\1.7.0\classmate-1.7.0.jar;C:\Users\disha\.m2\repository\com\fasterxml\jackson\core\jackson-databind\2.19.0\jackson-databind-2.19.0.jar;C:\Users\disha\.m2\repository\com\fasterxml\jackson\core\jackson-annotations\2.19.0\jackson-annotations-2.19.0.jar;C:\Users\disha\.m2\repository\com\fasterxml\jackson\core\jackson-core\2.19.0\jackson-core-2.19.0.jar;C:\Users\disha\.m2\repository\com\fasterxml\jackson\datatype\jackson-datatype-jdk8\2.19.0\jackson-datatype-jdk8-2.19.0.jar;C:\Users\disha\.m2\repository\com\fasterxml\jackson\datatype\jackson-datatype-jsr310\2.19.0\jack
Launcher Type: SUN_STANDARD

[Global flags]
     intx CICompilerCount                          = 4                                         {product} {ergonomic}
     uint ConcGCThreads                            = 3                                         {product} {ergonomic}
     uint G1ConcRefinementThreads                  = 10                                        {product} {ergonomic}
   size_t G1HeapRegionSize                         = 2097152                                   {product} {ergonomic}
    uintx GCDrainStackTargetSize                   = 64                                        {product} {ergonomic}
   size_t InitialHeapSize                          = 257949696                                 {product} {ergonomic}
   size_t MarkStackSize                            = 4194304                                   {product} {ergonomic}
   size_t MaxHeapSize                              = 4123000832                                {product} {ergonomic}
   size_t MaxNewSize                               = 2472542208                                {product} {ergonomic}
   size_t MinHeapDeltaBytes                        = 2097152                                   {product} {ergonomic}
   size_t MinHeapSize                              = 8388608                                   {product} {ergonomic}
    uintx NonProfiledCodeHeapSize                  = 0                                      {pd product} {ergonomic}
     bool ProfileInterpreter                       = false                                  {pd product} {command line}
    uintx ProfiledCodeHeapSize                     = 0                                      {pd product} {ergonomic}
   size_t SoftMaxHeapSize                          = 4123000832                             {manageable} {ergonomic}
     intx TieredStopAtLevel                        = 1                                         {product} {command line}
     bool UseCompressedClassPointers               = true                           {product lp64_product} {ergonomic}
     bool UseCompressedOops                        = true                           {product lp64_product} {ergonomic}
     bool UseG1GC                                  = true                                      {product} {ergonomic}
     bool UseLargePagesIndividualAllocation        = false                                  {pd product} {ergonomic}

Logging:
Log output configuration:
 #0: stdout all=warning uptime,level,tags
 #1: stderr all=off uptime,level,tags

Environment Variables:
JAVA_HOME=C:\Program Files\Java\jdk-17
PATH=D:\OracleXE213_Win64\dbhomeXE\bin;C:\Program Files\Common Files\Oracle\Java\javapath;C:\msys64\ucrt64\bin;C:\Program Files\Git\cmd;D:\apache-maven-3.9.16\bin;D:\flutter\flutter\bin;C:\Windows\System32;C:\Windows;C:\Windows\System32\WindowsPowerShell\v1.0;D:\cmdline-tools\bin;D:\NodeJS\;C:\Users\disha\AppData\Local\Programs\Python\Python313\Scripts\;C:\Users\disha\AppData\Local\Programs\Python\Python313\;C:\Users\disha\AppData\Local\Microsoft\WindowsApps;C:\Users\disha\AppData\Local\Programs\Microsoft VS Code\bin;C:\ProgramData\disha\GitHubDesktop\bin;D:\devrev;D:\devrev\jq;C:\Users\disha\AppData\Local\Microsoft\WinGet\Packages\jqlang.jq_Microsoft.Winget.Source_8wekyb3d8bbwe;C:\Program Files\MongoDB\Server\8.2\bin;C:\Users\disha\AppData\Roaming\npm;D:\New folder (2)\Kiro\bin;c:\Users\disha\.kiro\extensions\vscjava.vscode-java-debug-0.59.0-universal\bundled\scripts\noConfigScripts
USERNAME=disha
LANG=en_US.UTF-8
OS=Windows_NT
PROCESSOR_IDENTIFIER=AMD64 Family 25 Model 80 Stepping 0, AuthenticAMD



---------------  S Y S T E M  ---------------

OS:
 Windows 11 , 64 bit Build 26100 (10.0.26100.8737)
OS uptime: 0 days 12:18 hours
Hyper-V role detected

CPU: total 12 (initial active 12) (12 cores per cpu, 2 threads per core) family 25 model 80 stepping 0 microcode 0xa500014, cx8, cmov, fxsr, ht, mmx, 3dnowpref, sse, sse2, sse3, ssse3, sse4a, sse4.1, sse4.2, popcnt, lzcnt, tsc, tscinvbit, avx, avx2, aes, erms, clmul, bmi1, bmi2, adx, sha, fma, vzeroupper, clflush, clflushopt, hv

Memory: 4k page, system-wide physical 15720M (1683M free)
TotalPageFile size 19213M (AvailPageFile size 127M)
current process WorkingSet (physical memory assigned to process): 325M, peak: 325M
current process commit charge ("private bytes"): 439M, peak: 545M

vm_info: Java HotSpot(TM) 64-Bit Server VM (17.0.11+7-LTS-207) for windows-amd64 JRE (17.0.11+7-LTS-207), built on Mar 11 2024 19:01:50 by "mach5one" with MS VC++ 17.6 (VS2022)

END.
