#
# There is insufficient memory for the Java Runtime Environment to continue.
# Native memory allocation (malloc) failed to allocate 1048576 bytes. Error detail: AllocateHeap
# Possible reasons:
#   The system is out of physical RAM or swap space
#   This process is running with CompressedOops enabled, and the Java Heap may be blocking the growth of the native heap
# Possible solutions:
#   Reduce memory load on the system
#   Increase physical memory or swap space
#   Check if swap backing store is full
#   Decrease Java heap size (-Xmx/-Xms)
#   Decrease number of Java threads
#   Decrease Java thread stack sizes (-Xss)
#   Set larger code cache with -XX:ReservedCodeCacheSize=
#   JVM is running with Unscaled Compressed Oops mode in which the Java heap is
#     placed in the first 4GB address space. The Java Heap base address is the
#     maximum limit for the native heap growth. Please use -XX:HeapBaseMinAddress
#     to set the Java Heap base and to place the Java Heap above 4GB virtual address.
# This output file may be truncated or incomplete.
#
#  Out of Memory Error (allocation.cpp:44), pid=3932, tid=25988
#
# JRE version: OpenJDK Runtime Environment Temurin-21.0.11+10 (21.0.11+10) (build 21.0.11+10-LTS)
# Java VM: OpenJDK 64-Bit Server VM Temurin-21.0.11+10 (21.0.11+10-LTS, mixed mode, sharing, tiered, compressed oops, compressed class ptrs, parallel gc, windows-amd64)
# No core dump will be written. Minidumps are not enabled by default on client versions of Windows
#

---------------  S U M M A R Y ------------

Command Line: --add-modules=ALL-SYSTEM --add-opens=java.base/java.util=ALL-UNNAMED --add-opens=java.base/java.lang=ALL-UNNAMED --add-opens=java.base/sun.nio.fs=ALL-UNNAMED -Declipse.application=org.eclipse.jdt.ls.core.id1 -Dosgi.bundles.defaultStartLevel=4 -Declipse.product=org.eclipse.jdt.ls.core.product -Djava.import.generatesMetadataFilesAtProjectRoot=false -DDetectVMInstallationsJob.disabled=true -Dfile.encoding=utf8 -XX:+UseParallelGC -XX:GCTimeRatio=4 -XX:AdaptiveSizePolicyWeight=90 -Dsun.zip.disableMemoryMapping=true -Xmx2G -Xms100m -Xlog:disable -javaagent:c:\Users\disha\.kiro\extensions\redhat.java-1.55.0-win32-x64\lombok\lombok-1.18.39-4050.jar -XX:+HeapDumpOnOutOfMemoryError -XX:HeapDumpPath=c:\Users\disha\AppData\Roaming\Kiro\User\workspaceStorage\32594d1fb534b4aac43458980ee3c711\redhat.java -Daether.dependencyCollector.impl=bf c:\Users\disha\.kiro\extensions\redhat.java-1.55.0-win32-x64\server\plugins\org.eclipse.equinox.launcher_1.7.200.v20260619-2039.jar -configuration c:\Users\disha\AppData\Roaming\Kiro\User\globalStorage\redhat.java\1.55.0\config_win -data c:\Users\disha\AppData\Roaming\Kiro\User\workspaceStorage\32594d1fb534b4aac43458980ee3c711\redhat.java\jdt_ws --pipe=\\.\pipe\lsp-6b2a9d15100dc7f963c53575b201ece9-sock

Host: AMD Ryzen 5 5625U with Radeon Graphics         , 12 cores, 15G,  Windows 11 , 64 bit Build 26100 (10.0.26100.8521)
Time: Sat Jun 27 15:53:51 2026 India Standard Time elapsed time: 630.286266 seconds (0d 0h 10m 30s)

---------------  T H R E A D  ---------------

Current thread (0x000001abf1c0d270):  JavaThread "Attach Listener" daemon [_thread_in_vm, id=25988, stack(0x0000004b8af00000,0x0000004b8b000000) (1024K)]

Stack: [0x0000004b8af00000,0x0000004b8b000000]
Native frames: (J=compiled Java code, j=interpreted, Vv=VM code, C=native code)
V  [jvm.dll+0x6d7e19]
V  [jvm.dll+0x8b5096]
V  [jvm.dll+0x8b764e]
V  [jvm.dll+0x8b7d33]
V  [jvm.dll+0x284596]
V  [jvm.dll+0xc13c7]
V  [jvm.dll+0x6d86c9]
V  [jvm.dll+0x133616]
V  [jvm.dll+0x3f868e]
V  [jvm.dll+0x85fb0d]
V  [jvm.dll+0x6d664d]
C  [ucrtbase.dll+0x2cd30]
C  [KERNEL32.DLL+0x2e957]
C  [ntdll.dll+0x87c1c]


---------------  P R O C E S S  ---------------

Threads class SMR info:
_java_thread_list=0x000001abd916d1d0, length=52, elements={
0x000001abf1c756b0, 0x000001abf1bf97d0, 0x000001abf1d1e570, 0x000001abf1c0a580,
0x000001abf1c0d270, 0x000001abf1c0e6c0, 0x000001abfa97c070, 0x000001abfa97f570,
0x000001abfa982630, 0x000001abfabcee40, 0x000001abfabcd400, 0x000001abfabd01f0,
0x000001abd4485b50, 0x000001abd4483a80, 0x000001abd44861e0, 0x000001abd4484110,
0x000001abd4488940, 0x000001abd4486f00, 0x000001abd4486870, 0x000001abd4487c20,
0x000001abd448b0a0, 0x000001abd4489cf0, 0x000001abd448a380, 0x000001abd44882b0,
0x000001abd448aa10, 0x000001abfabce7b0, 0x000001abfabcf4d0, 0x000001abfabcfb60,
0x000001abfabcda90, 0x000001abfabd0880, 0x000001abfabce120, 0x000001abd76eaf00,
0x000001abd76ec2b0, 0x000001abd76eb590, 0x000001abd76ee380, 0x000001abd76eea10,
0x000001abd8b87800, 0x000001abd76edcf0, 0x000001abd76f0ae0, 0x000001abd97352c0,
0x000001abd44ccdc0, 0x000001abd44cdae0, 0x000001abd44cd450, 0x000001abd44cba10,
0x000001abd44ce170, 0x000001abd44cf520, 0x000001abd44cc0a0, 0x000001abd44d29a0,
0x000001abd44cfbb0, 0x000001abd44d0240, 0x000001abd44d2310, 0x000001abd9730a90
}

Java Threads: ( => current thread )
  0x000001abf1c756b0 JavaThread "main"                              [_thread_blocked, id=10832, stack(0x0000004b8a800000,0x0000004b8a900000) (1024K)]
  0x000001abf1bf97d0 JavaThread "Reference Handler"          daemon [_thread_blocked, id=27468, stack(0x0000004b8ac00000,0x0000004b8ad00000) (1024K)]
  0x000001abf1d1e570 JavaThread "Finalizer"                  daemon [_thread_blocked, id=24312, stack(0x0000004b8ad00000,0x0000004b8ae00000) (1024K)]
  0x000001abf1c0a580 JavaThread "Signal Dispatcher"          daemon [_thread_blocked, id=17280, stack(0x0000004b8ae00000,0x0000004b8af00000) (1024K)]
=>0x000001abf1c0d270 JavaThread "Attach Listener"            daemon [_thread_in_vm, id=25988, stack(0x0000004b8af00000,0x0000004b8b000000) (1024K)]
  0x000001abf1c0e6c0 JavaThread "Service Thread"             daemon [_thread_blocked, id=28952, stack(0x0000004b8b000000,0x0000004b8b100000) (1024K)]
  0x000001abfa97c070 JavaThread "Monitor Deflation Thread"   daemon [_thread_blocked, id=20012, stack(0x0000004b8b100000,0x0000004b8b200000) (1024K)]
  0x000001abfa97f570 JavaThread "C2 CompilerThread0"         daemon [_thread_blocked, id=30592, stack(0x0000004b8b200000,0x0000004b8b300000) (1024K)]
  0x000001abfa982630 JavaThread "C1 CompilerThread0"         daemon [_thread_blocked, id=10292, stack(0x0000004b8b300000,0x0000004b8b400000) (1024K)]
  0x000001abfabcee40 JavaThread "Common-Cleaner"             daemon [_thread_blocked, id=26932, stack(0x0000004b8b500000,0x0000004b8b600000) (1024K)]
  0x000001abfabcd400 JavaThread "Notification Thread"        daemon [_thread_blocked, id=17044, stack(0x0000004b8b400000,0x0000004b8b500000) (1024K)]
  0x000001abfabd01f0 JavaThread "Active Thread: Equinox Container: 2705c044-6bae-4d17-9618-eb72f79f2ee3"        [_thread_blocked, id=12408, stack(0x0000004b8c400000,0x0000004b8c500000) (1024K)]
  0x000001abd4485b50 JavaThread "Framework Event Dispatcher: Equinox Container: 2705c044-6bae-4d17-9618-eb72f79f2ee3" daemon [_thread_blocked, id=30444, stack(0x0000004b8c500000,0x0000004b8c600000) (1024K)]
  0x000001abd4483a80 JavaThread "Start Level: Equinox Container: 2705c044-6bae-4d17-9618-eb72f79f2ee3" daemon [_thread_blocked, id=26964, stack(0x0000004b8c700000,0x0000004b8c800000) (1024K)]
  0x000001abd44861e0 JavaThread "Bundle File Closer"         daemon [_thread_blocked, id=18484, stack(0x0000004b8c800000,0x0000004b8c900000) (1024K)]
  0x000001abd4484110 JavaThread "Refresh Thread: Equinox Container: 2705c044-6bae-4d17-9618-eb72f79f2ee3" daemon [_thread_blocked, id=13136, stack(0x0000004b8c900000,0x0000004b8ca00000) (1024K)]
  0x000001abd4488940 JavaThread "SCR Component Actor"        daemon [_thread_blocked, id=7336, stack(0x0000004b8b600000,0x0000004b8b700000) (1024K)]
  0x000001abd4486f00 JavaThread "Worker-JM"                         [_thread_blocked, id=7736, stack(0x0000004b8d200000,0x0000004b8d300000) (1024K)]
  0x000001abd4486870 JavaThread "Java indexing"              daemon [_thread_blocked, id=22136, stack(0x0000004b8bf00000,0x0000004b8c000000) (1024K)]
  0x000001abd4487c20 JavaThread "JNA Cleaner"                daemon [_thread_blocked, id=21856, stack(0x0000004b8c200000,0x0000004b8c300000) (1024K)]
  0x000001abd448b0a0 JavaThread "Thread-1"                   daemon [_thread_in_native, id=16404, stack(0x0000004b8cd00000,0x0000004b8ce00000) (1024K)]
  0x000001abd4489cf0 JavaThread "Thread-2"                   daemon [_thread_in_native, id=20292, stack(0x0000004b8ce00000,0x0000004b8cf00000) (1024K)]
  0x000001abd448a380 JavaThread "Thread-3"                   daemon [_thread_in_native, id=24828, stack(0x0000004b8cf00000,0x0000004b8d000000) (1024K)]
  0x000001abd44882b0 JavaThread "Thread-4"                   daemon [_thread_in_native, id=29640, stack(0x0000004b8d500000,0x0000004b8d600000) (1024K)]
  0x000001abd448aa10 JavaThread "Thread-5"                   daemon [_thread_in_native, id=29516, stack(0x0000004b8d600000,0x0000004b8d700000) (1024K)]
  0x000001abfabce7b0 JavaThread "Thread-6"                   daemon [_thread_in_native, id=848, stack(0x0000004b8d700000,0x0000004b8d800000) (1024K)]
  0x000001abfabcf4d0 JavaThread "Thread-7"                   daemon [_thread_in_native, id=11984, stack(0x0000004b8d800000,0x0000004b8d900000) (1024K)]
  0x000001abfabcfb60 JavaThread "Thread-8"                   daemon [_thread_in_native, id=29032, stack(0x0000004b8d900000,0x0000004b8da00000) (1024K)]
  0x000001abfabcda90 JavaThread "Thread-9"                   daemon [_thread_in_native, id=10344, stack(0x0000004b8da00000,0x0000004b8db00000) (1024K)]
  0x000001abfabd0880 JavaThread "Thread-10"                  daemon [_thread_in_native, id=23756, stack(0x0000004b8db00000,0x0000004b8dc00000) (1024K)]
  0x000001abfabce120 JavaThread "Thread-11"                  daemon [_thread_in_native, id=3108, stack(0x0000004b8dc00000,0x0000004b8dd00000) (1024K)]
  0x000001abd76eaf00 JavaThread "Thread-12"                  daemon [_thread_in_native, id=1268, stack(0x0000004b8dd00000,0x0000004b8de00000) (1024K)]
  0x000001abd76ec2b0 JavaThread "Thread-13"                  daemon [_thread_in_native, id=19552, stack(0x0000004b8de00000,0x0000004b8df00000) (1024K)]
  0x000001abd76eb590 JavaThread "pool-2-thread-1"                   [_thread_blocked, id=3036, stack(0x0000004b8df00000,0x0000004b8e000000) (1024K)]
  0x000001abd76ee380 JavaThread "WorkspaceEventsHandler"            [_thread_blocked, id=5396, stack(0x0000004b8e100000,0x0000004b8e200000) (1024K)]
  0x000001abd76eea10 JavaThread "pool-1-thread-1"                   [_thread_blocked, id=5540, stack(0x0000004b8e200000,0x0000004b8e300000) (1024K)]
  0x000001abd8b87800 JavaThread "LocalFile Deleter"          daemon [_thread_blocked, id=4204, stack(0x0000004b8ec00000,0x0000004b8ed00000) (1024K)]
  0x000001abd76edcf0 JavaThread "LocalFile Deleter"          daemon [_thread_blocked, id=3748, stack(0x0000004b8ee00000,0x0000004b8ef00000) (1024K)]
  0x000001abd76f0ae0 JavaThread "LocalFile Deleter"          daemon [_thread_blocked, id=9448, stack(0x0000004b8f100000,0x0000004b8f200000) (1024K)]
  0x000001abd97352c0 JavaThread "PatternSearchJob-worker-1"  daemon [_thread_blocked, id=21896, stack(0x0000004b8a700000,0x0000004b8a800000) (1024K)]
  0x000001abd44ccdc0 JavaThread "PatternSearchJob-worker-2"  daemon [_thread_blocked, id=25056, stack(0x0000004b8bd00000,0x0000004b8be00000) (1024K)]
  0x000001abd44cdae0 JavaThread "PatternSearchJob-worker-4"  daemon [_thread_blocked, id=17960, stack(0x0000004b90800000,0x0000004b90900000) (1024K)]
  0x000001abd44cd450 JavaThread "PatternSearchJob-worker-5"  daemon [_thread_blocked, id=11456, stack(0x0000004b90900000,0x0000004b90a00000) (1024K)]
  0x000001abd44cba10 JavaThread "PatternSearchJob-worker-6"  daemon [_thread_blocked, id=21832, stack(0x0000004b90a00000,0x0000004b90b00000) (1024K)]
  0x000001abd44ce170 JavaThread "PatternSearchJob-worker-7"  daemon [_thread_blocked, id=14668, stack(0x0000004b90c00000,0x0000004b90d00000) (1024K)]
  0x000001abd44cf520 JavaThread "PatternSearchJob-worker-8"  daemon [_thread_blocked, id=24124, stack(0x0000004b90d00000,0x0000004b90e00000) (1024K)]
  0x000001abd44cc0a0 JavaThread "PatternSearchJob-worker-9"  daemon [_thread_blocked, id=30136, stack(0x0000004b90e00000,0x0000004b90f00000) (1024K)]
  0x000001abd44d29a0 JavaThread "PatternSearchJob-worker-10" daemon [_thread_blocked, id=16832, stack(0x0000004b90f00000,0x0000004b91000000) (1024K)]
  0x000001abd44cfbb0 JavaThread "PatternSearchJob-worker-11" daemon [_thread_blocked, id=27200, stack(0x0000004b91000000,0x0000004b91100000) (1024K)]
  0x000001abd44d0240 JavaThread "Worker-8"                          [_thread_blocked, id=6912, stack(0x0000004b8c300000,0x0000004b8c400000) (1024K)]
  0x000001abd44d2310 JavaThread "Worker-13"                         [_thread_blocked, id=30400, stack(0x0000004b8c000000,0x0000004b8c100000) (1024K)]
  0x000001abd9730a90 JavaThread "Worker-15"                         [_thread_blocked, id=30104, stack(0x0000004b8be00000,0x0000004b8bf00000) (1024K)]
Total: 52

Other Threads:
  0x000001abf1bf4480 VMThread "VM Thread"                           [id=17232, stack(0x0000004b8ab00000,0x0000004b8ac00000) (1024K)]
  0x000001abf1aeca00 WatcherThread "VM Periodic Task Thread"        [id=13908, stack(0x0000004b8aa00000,0x0000004b8ab00000) (1024K)]
  0x000001abf1c8ca20 WorkerThread "GC Thread#0"                     [id=23140, stack(0x0000004b8a900000,0x0000004b8aa00000) (1024K)]
  0x000001abd4803a40 WorkerThread "GC Thread#1"                     [id=29552, stack(0x0000004b8b700000,0x0000004b8b800000) (1024K)]
  0x000001abd4801210 WorkerThread "GC Thread#2"                     [id=18576, stack(0x0000004b8b800000,0x0000004b8b900000) (1024K)]
  0x000001abd460e560 WorkerThread "GC Thread#3"                     [id=13832, stack(0x0000004b8b900000,0x0000004b8ba00000) (1024K)]
  0x000001abd44c9e80 WorkerThread "GC Thread#4"                     [id=10416, stack(0x0000004b8ba00000,0x0000004b8bb00000) (1024K)]
  0x000001abd44ca230 WorkerThread "GC Thread#5"                     [id=6048, stack(0x0000004b8bb00000,0x0000004b8bc00000) (1024K)]
  0x000001abd44ca5e0 WorkerThread "GC Thread#6"                     [id=11052, stack(0x0000004b8bc00000,0x0000004b8bd00000) (1024K)]
  0x000001abd4a4ee90 WorkerThread "GC Thread#7"                     [id=27556, stack(0x0000004b8c600000,0x0000004b8c700000) (1024K)]
  0x000001abd4d8acc0 WorkerThread "GC Thread#8"                     [id=3200, stack(0x0000004b8d000000,0x0000004b8d100000) (1024K)]
  0x000001abd4fdb170 WorkerThread "GC Thread#9"                     [id=27088, stack(0x0000004b8d100000,0x0000004b8d200000) (1024K)]
Total: 12

Threads with active compile tasks:
Total: 0

VM state: not at safepoint (normal execution)

VM Mutex/Monitor currently owned by a thread: None

Heap address: 0x0000000080000000, size: 2048 MB, Compressed Oops mode: 32-bit

CDS archive(s) mapped at: [0x000001ab8f000000-0x000001ab8fba0000-0x000001ab8fba0000), size 12189696, SharedBaseAddress: 0x000001ab8f000000, ArchiveRelocationMode: 1.
Compressed class space mapped at: 0x000001ab90000000-0x000001abd0000000, reserved size: 1073741824
Narrow klass base: 0x000001ab8f000000, Narrow klass shift: 0, Narrow klass range: 0x100000000

GC Precious Log:
 CardTable entry size: 512
 CPUs: 12 total, 12 available
 Memory: 15720M
 Large Page Support: Disabled
 NUMA Support: Disabled
 Compressed Oops: Enabled (32-bit)
 Alignments: Space 512K, Generation 512K, Heap 2M
 Heap Min Capacity: 100M
 Heap Initial Capacity: 100M
 Heap Max Capacity: 2G
 Pre-touch: Disabled
 Parallel Workers: 10

Heap:
 PSYoungGen      total 2560K, used 2341K [0x00000000d5580000, 0x00000000d5900000, 0x0000000100000000)
  eden space 2048K, 98% used [0x00000000d5580000,0x00000000d57797f8,0x00000000d5780000)
  from space 512K, 62% used [0x00000000d5800000,0x00000000d5850000,0x00000000d5880000)
  to   space 512K, 0% used [0x00000000d5880000,0x00000000d5880000,0x00000000d5900000)
 ParOldGen       total 881664K, used 881455K [0x0000000080000000, 0x00000000b5d00000, 0x00000000d5580000)
  object space 881664K, 99% used [0x0000000080000000,0x00000000b5ccbcf0,0x00000000b5d00000)
 Metaspace       used 75033K, committed 76672K, reserved 1179648K
  class space    used 7881K, committed 8576K, reserved 1048576K

Card table byte_map: [0x000001abf1600000,0x000001abf1a10000] _byte_map_base: 0x000001abf1200000

Marking Bits: (ParMarkBitMap*) 0x00007ffb3e7e4460
 Begin Bits: [0x000001abf5110000, 0x000001abf7110000)
 End Bits:   [0x000001abf7110000, 0x000001abf9110000)

Polling page: 0x000001abef7c0000

Metaspace:

Usage:
  Non-class:     65.58 MB used.
      Class:      7.70 MB used.
       Both:     73.28 MB used.

Virtual space:
  Non-class space:      128.00 MB reserved,      66.50 MB ( 52%) committed,  2 nodes.
      Class space:        1.00 GB reserved,       8.38 MB ( <1%) committed,  1 nodes.
             Both:        1.12 GB reserved,      74.88 MB (  6%) committed. 

Chunk freelists:
   Non-Class:  12.98 MB
       Class:  7.44 MB
        Both:  20.42 MB

MaxMetaspaceSize: unlimited
CompressedClassSpaceSize: 1.00 GB
Initial GC threshold: 21.00 MB
Current GC threshold: 98.12 MB
CDS: on
 - commit_granule_bytes: 65536.
 - commit_granule_words: 8192.
 - virtual_space_node_default_size: 8388608.
 - enlarge_chunks_in_place: 1.
 - use_allocation_guard: 0.


Internal statistics:

num_allocs_failed_limit: 13.
num_arena_births: 1410.
num_arena_deaths: 22.
num_vsnodes_births: 3.
num_vsnodes_deaths: 0.
num_space_committed: 1198.
num_space_uncommitted: 0.
num_chunks_returned_to_freelist: 39.
num_chunks_taken_from_freelist: 4803.
num_chunk_merges: 19.
num_chunk_splits: 2943.
num_chunks_enlarged: 1698.
num_inconsistent_stats: 0.

CodeHeap 'non-profiled nmethods': size=120000Kb used=16126Kb max_used=16126Kb free=103873Kb
 bounds [0x000001ab87ad0000, 0x000001ab88a90000, 0x000001ab8f000000]
CodeHeap 'profiled nmethods': size=120000Kb used=38797Kb max_used=38797Kb free=81202Kb
 bounds [0x000001ab80000000, 0x000001ab825f0000, 0x000001ab87530000]
CodeHeap 'non-nmethods': size=5760Kb used=1488Kb max_used=1575Kb free=4272Kb
 bounds [0x000001ab87530000, 0x000001ab877a0000, 0x000001ab87ad0000]
CodeCache: size=245760Kb, used=56411Kb, max_used=56498Kb, free=189347Kb
 total_blobs=16889, nmethods=16087, adapters=705, full_count=0
Compilation: enabled, stopped_count=0, restarted_count=0

Compilation events (20 events):
Event: 570.274 Thread 0x000001abfa982630 nmethod 17222 0x000001ab825d9f10 code [0x000001ab825da140, 0x000001ab825daa28]
Event: 570.274 Thread 0x000001abfa982630 17224       3       org.eclipse.core.internal.watson.ElementTree::getParent (22 bytes)
Event: 570.274 Thread 0x000001abfa982630 nmethod 17224 0x000001ab825dad10 code [0x000001ab825daee0, 0x000001ab825db298]
Event: 570.274 Thread 0x000001abfa982630 17225       3       org.eclipse.core.internal.dtree.DeltaDataTree::<init> (20 bytes)
Event: 570.275 Thread 0x000001abfa982630 nmethod 17225 0x000001ab825db410 code [0x000001ab825db5e0, 0x000001ab825db940]
Event: 570.275 Thread 0x000001abfa982630 17223       3       org.eclipse.lsp4j.jsonrpc.RemoteEndpoint::createNotificationMessage (34 bytes)
Event: 570.275 Thread 0x000001abfa982630 nmethod 17223 0x000001ab825dba90 code [0x000001ab825dbc60, 0x000001ab825dc100]
Event: 570.276 Thread 0x000001abfa982630 17226  s    3       org.eclipse.core.internal.content.ContentTypeCatalog::internalFindContentTypesSorted (434 bytes)
Event: 570.280 Thread 0x000001abfa982630 nmethod 17226 0x000001ab825dc290 code [0x000001ab825dc8c0, 0x000001ab825e06e0]
Event: 570.280 Thread 0x000001abfa982630 17227       3       org.eclipse.core.internal.content.ContentTypeManager::getFileExtension (35 bytes)
Event: 570.281 Thread 0x000001abfa982630 nmethod 17227 0x000001ab825e1790 code [0x000001ab825e19e0, 0x000001ab825e2150]
Event: 570.281 Thread 0x000001abfa982630 17228       3       org.eclipse.core.internal.content.ContentTypeMatcher::getCatalog (7 bytes)
Event: 570.282 Thread 0x000001abfa982630 nmethod 17228 0x000001ab825e2410 code [0x000001ab825e25c0, 0x000001ab825e2758]
Event: 570.322 Thread 0x000001abfa97f570 nmethod 17219 0x000001ab88a88290 code [0x000001ab88a885e0, 0x000001ab88a8a800]
Event: 570.322 Thread 0x000001abfa97f570 17221   !   4       org.eclipse.core.internal.localstore.UnifiedTree::addChildren (479 bytes)
Event: 570.387 Thread 0x000001abfa97f570 nmethod 17221 0x000001ab88a8bb10 code [0x000001ab88a8bea0, 0x000001ab88a8da68]
Event: 570.387 Thread 0x000001abfa97f570 17220       4       org.eclipse.core.internal.registry.ReferenceMap::get (54 bytes)
Event: 570.391 Thread 0x000001abfa97f570 nmethod 17220 0x000001ab88a8f390 code [0x000001ab88a8f520, 0x000001ab88a8f6d0]
Event: 599.616 Thread 0x000001abfa982630 17229       3       java.util.concurrent.ForkJoinPool::scan (263 bytes)
Event: 599.618 Thread 0x000001abfa982630 nmethod 17229 0x000001ab825e2890 code [0x000001ab825e2ac0, 0x000001ab825e3278]

GC Heap History (20 events):
Event: 530.691 GC heap before
{Heap before GC invocations=1623 (full 3):
 PSYoungGen      total 2560K, used 2335K [0x00000000d5580000, 0x00000000d5900000, 0x0000000100000000)
  eden space 2048K, 99% used [0x00000000d5580000,0x00000000d577ffe8,0x00000000d5780000)
  from space 512K, 56% used [0x00000000d5800000,0x00000000d5848000,0x00000000d5880000)
  to   space 512K, 0% used [0x00000000d5880000,0x00000000d5880000,0x00000000d5900000)
 ParOldGen       total 880640K, used 880415K [0x0000000080000000, 0x00000000b5c00000, 0x00000000d5580000)
  object space 880640K, 99% used [0x0000000080000000,0x00000000b5bc7c70,0x00000000b5c00000)
 Metaspace       used 74952K, committed 76608K, reserved 1179648K
  class space    used 7881K, committed 8576K, reserved 1048576K
}
Event: 530.695 GC heap after
{Heap after GC invocations=1623 (full 3):
 PSYoungGen      total 2560K, used 496K [0x00000000d5580000, 0x00000000d5980000, 0x0000000100000000)
  eden space 2048K, 0% used [0x00000000d5580000,0x00000000d5580000,0x00000000d5780000)
  from space 512K, 96% used [0x00000000d5880000,0x00000000d58fc030,0x00000000d5900000)
  to   space 1024K, 0% used [0x00000000d5780000,0x00000000d5780000,0x00000000d5880000)
 ParOldGen       total 880640K, used 880487K [0x0000000080000000, 0x00000000b5c00000, 0x00000000d5580000)
  object space 880640K, 99% used [0x0000000080000000,0x00000000b5bd9c70,0x00000000b5c00000)
 Metaspace       used 74952K, committed 76608K, reserved 1179648K
  class space    used 7881K, committed 8576K, reserved 1048576K
}
Event: 530.812 GC heap before
{Heap before GC invocations=1624 (full 3):
 PSYoungGen      total 2560K, used 2544K [0x00000000d5580000, 0x00000000d5980000, 0x0000000100000000)
  eden space 2048K, 100% used [0x00000000d5580000,0x00000000d5780000,0x00000000d5780000)
  from space 512K, 96% used [0x00000000d5880000,0x00000000d58fc030,0x00000000d5900000)
  to   space 1024K, 0% used [0x00000000d5780000,0x00000000d5780000,0x00000000d5880000)
 ParOldGen       total 880640K, used 880487K [0x0000000080000000, 0x00000000b5c00000, 0x00000000d5580000)
  object space 880640K, 99% used [0x0000000080000000,0x00000000b5bd9c70,0x00000000b5c00000)
 Metaspace       used 74961K, committed 76608K, reserved 1179648K
  class space    used 7881K, committed 8576K, reserved 1048576K
}
Event: 530.815 GC heap after
{Heap after GC invocations=1624 (full 3):
 PSYoungGen      total 3072K, used 288K [0x00000000d5580000, 0x00000000d5900000, 0x0000000100000000)
  eden space 2048K, 0% used [0x00000000d5580000,0x00000000d5580000,0x00000000d5780000)
  from space 1024K, 28% used [0x00000000d5780000,0x00000000d57c8000,0x00000000d5880000)
  to   space 512K, 0% used [0x00000000d5880000,0x00000000d5880000,0x00000000d5900000)
 ParOldGen       total 881152K, used 880671K [0x0000000080000000, 0x00000000b5c80000, 0x00000000d5580000)
  object space 881152K, 99% used [0x0000000080000000,0x00000000b5c07ca0,0x00000000b5c80000)
 Metaspace       used 74961K, committed 76608K, reserved 1179648K
  class space    used 7881K, committed 8576K, reserved 1048576K
}
Event: 537.491 GC heap before
{Heap before GC invocations=1625 (full 3):
 PSYoungGen      total 3072K, used 2329K [0x00000000d5580000, 0x00000000d5900000, 0x0000000100000000)
  eden space 2048K, 99% used [0x00000000d5580000,0x00000000d577e4c0,0x00000000d5780000)
  from space 1024K, 28% used [0x00000000d5780000,0x00000000d57c8000,0x00000000d5880000)
  to   space 512K, 0% used [0x00000000d5880000,0x00000000d5880000,0x00000000d5900000)
 ParOldGen       total 881152K, used 880671K [0x0000000080000000, 0x00000000b5c80000, 0x00000000d5580000)
  object space 881152K, 99% used [0x0000000080000000,0x00000000b5c07ca0,0x00000000b5c80000)
 Metaspace       used 74964K, committed 76608K, reserved 1179648K
  class space    used 7881K, committed 8576K, reserved 1048576K
}
Event: 537.494 GC heap after
{Heap after GC invocations=1625 (full 3):
 PSYoungGen      total 2560K, used 320K [0x00000000d5580000, 0x00000000d5900000, 0x0000000100000000)
  eden space 2048K, 0% used [0x00000000d5580000,0x00000000d5580000,0x00000000d5780000)
  from space 512K, 62% used [0x00000000d5880000,0x00000000d58d0000,0x00000000d5900000)
  to   space 512K, 0% used [0x00000000d5800000,0x00000000d5800000,0x00000000d5880000)
 ParOldGen       total 881152K, used 880751K [0x0000000080000000, 0x00000000b5c80000, 0x00000000d5580000)
  object space 881152K, 99% used [0x0000000080000000,0x00000000b5c1bca0,0x00000000b5c80000)
 Metaspace       used 74964K, committed 76608K, reserved 1179648K
  class space    used 7881K, committed 8576K, reserved 1048576K
}
Event: 537.528 GC heap before
{Heap before GC invocations=1626 (full 3):
 PSYoungGen      total 2560K, used 2368K [0x00000000d5580000, 0x00000000d5900000, 0x0000000100000000)
  eden space 2048K, 100% used [0x00000000d5580000,0x00000000d5780000,0x00000000d5780000)
  from space 512K, 62% used [0x00000000d5880000,0x00000000d58d0000,0x00000000d5900000)
  to   space 512K, 0% used [0x00000000d5800000,0x00000000d5800000,0x00000000d5880000)
 ParOldGen       total 881152K, used 880751K [0x0000000080000000, 0x00000000b5c80000, 0x00000000d5580000)
  object space 881152K, 99% used [0x0000000080000000,0x00000000b5c1bca0,0x00000000b5c80000)
 Metaspace       used 74969K, committed 76608K, reserved 1179648K
  class space    used 7881K, committed 8576K, reserved 1048576K
}
Event: 537.530 GC heap after
{Heap after GC invocations=1626 (full 3):
 PSYoungGen      total 2560K, used 256K [0x00000000d5580000, 0x00000000d5900000, 0x0000000100000000)
  eden space 2048K, 0% used [0x00000000d5580000,0x00000000d5580000,0x00000000d5780000)
  from space 512K, 50% used [0x00000000d5800000,0x00000000d5840000,0x00000000d5880000)
  to   space 512K, 0% used [0x00000000d5880000,0x00000000d5880000,0x00000000d5900000)
 ParOldGen       total 881152K, used 880879K [0x0000000080000000, 0x00000000b5c80000, 0x00000000d5580000)
  object space 881152K, 99% used [0x0000000080000000,0x00000000b5c3bcb0,0x00000000b5c80000)
 Metaspace       used 74969K, committed 76608K, reserved 1179648K
  class space    used 7881K, committed 8576K, reserved 1048576K
}
Event: 553.294 GC heap before
{Heap before GC invocations=1627 (full 3):
 PSYoungGen      total 2560K, used 2304K [0x00000000d5580000, 0x00000000d5900000, 0x0000000100000000)
  eden space 2048K, 100% used [0x00000000d5580000,0x00000000d5780000,0x00000000d5780000)
  from space 512K, 50% used [0x00000000d5800000,0x00000000d5840000,0x00000000d5880000)
  to   space 512K, 0% used [0x00000000d5880000,0x00000000d5880000,0x00000000d5900000)
 ParOldGen       total 881152K, used 880879K [0x0000000080000000, 0x00000000b5c80000, 0x00000000d5580000)
  object space 881152K, 99% used [0x0000000080000000,0x00000000b5c3bcb0,0x00000000b5c80000)
 Metaspace       used 74976K, committed 76608K, reserved 1179648K
  class space    used 7881K, committed 8576K, reserved 1048576K
}
Event: 553.297 GC heap after
{Heap after GC invocations=1627 (full 3):
 PSYoungGen      total 2560K, used 320K [0x00000000d5580000, 0x00000000d5900000, 0x0000000100000000)
  eden space 2048K, 0% used [0x00000000d5580000,0x00000000d5580000,0x00000000d5780000)
  from space 512K, 62% used [0x00000000d5880000,0x00000000d58d0000,0x00000000d5900000)
  to   space 512K, 0% used [0x00000000d5800000,0x00000000d5800000,0x00000000d5880000)
 ParOldGen       total 881152K, used 880951K [0x0000000080000000, 0x00000000b5c80000, 0x00000000d5580000)
  object space 881152K, 99% used [0x0000000080000000,0x00000000b5c4dcb0,0x00000000b5c80000)
 Metaspace       used 74976K, committed 76608K, reserved 1179648K
  class space    used 7881K, committed 8576K, reserved 1048576K
}
Event: 553.341 GC heap before
{Heap before GC invocations=1628 (full 3):
 PSYoungGen      total 2560K, used 2368K [0x00000000d5580000, 0x00000000d5900000, 0x0000000100000000)
  eden space 2048K, 100% used [0x00000000d5580000,0x00000000d5780000,0x00000000d5780000)
  from space 512K, 62% used [0x00000000d5880000,0x00000000d58d0000,0x00000000d5900000)
  to   space 512K, 0% used [0x00000000d5800000,0x00000000d5800000,0x00000000d5880000)
 ParOldGen       total 881152K, used 880951K [0x0000000080000000, 0x00000000b5c80000, 0x00000000d5580000)
  object space 881152K, 99% used [0x0000000080000000,0x00000000b5c4dcb0,0x00000000b5c80000)
 Metaspace       used 74994K, committed 76608K, reserved 1179648K
  class space    used 7881K, committed 8576K, reserved 1048576K
}
Event: 553.343 GC heap after
{Heap after GC invocations=1628 (full 3):
 PSYoungGen      total 2560K, used 256K [0x00000000d5580000, 0x00000000d5900000, 0x0000000100000000)
  eden space 2048K, 0% used [0x00000000d5580000,0x00000000d5580000,0x00000000d5780000)
  from space 512K, 50% used [0x00000000d5800000,0x00000000d5840000,0x00000000d5880000)
  to   space 512K, 0% used [0x00000000d5880000,0x00000000d5880000,0x00000000d5900000)
 ParOldGen       total 881152K, used 881047K [0x0000000080000000, 0x00000000b5c80000, 0x00000000d5580000)
  object space 881152K, 99% used [0x0000000080000000,0x00000000b5c65cb0,0x00000000b5c80000)
 Metaspace       used 74994K, committed 76608K, reserved 1179648K
  class space    used 7881K, committed 8576K, reserved 1048576K
}
Event: 561.163 GC heap before
{Heap before GC invocations=1629 (full 3):
 PSYoungGen      total 2560K, used 2303K [0x00000000d5580000, 0x00000000d5900000, 0x0000000100000000)
  eden space 2048K, 99% used [0x00000000d5580000,0x00000000d577ffb8,0x00000000d5780000)
  from space 512K, 50% used [0x00000000d5800000,0x00000000d5840000,0x00000000d5880000)
  to   space 512K, 0% used [0x00000000d5880000,0x00000000d5880000,0x00000000d5900000)
 ParOldGen       total 881152K, used 881047K [0x0000000080000000, 0x00000000b5c80000, 0x00000000d5580000)
  object space 881152K, 99% used [0x0000000080000000,0x00000000b5c65cb0,0x00000000b5c80000)
 Metaspace       used 74998K, committed 76608K, reserved 1179648K
  class space    used 7881K, committed 8576K, reserved 1048576K
}
Event: 561.166 GC heap after
{Heap after GC invocations=1629 (full 3):
 PSYoungGen      total 2560K, used 256K [0x00000000d5580000, 0x00000000d5900000, 0x0000000100000000)
  eden space 2048K, 0% used [0x00000000d5580000,0x00000000d5580000,0x00000000d5780000)
  from space 512K, 50% used [0x00000000d5880000,0x00000000d58c0000,0x00000000d5900000)
  to   space 512K, 0% used [0x00000000d5800000,0x00000000d5800000,0x00000000d5880000)
 ParOldGen       total 881152K, used 881119K [0x0000000080000000, 0x00000000b5c80000, 0x00000000d5580000)
  object space 881152K, 99% used [0x0000000080000000,0x00000000b5c77cc0,0x00000000b5c80000)
 Metaspace       used 74998K, committed 76608K, reserved 1179648K
  class space    used 7881K, committed 8576K, reserved 1048576K
}
Event: 561.218 GC heap before
{Heap before GC invocations=1630 (full 3):
 PSYoungGen      total 2560K, used 2304K [0x00000000d5580000, 0x00000000d5900000, 0x0000000100000000)
  eden space 2048K, 100% used [0x00000000d5580000,0x00000000d5780000,0x00000000d5780000)
  from space 512K, 50% used [0x00000000d5880000,0x00000000d58c0000,0x00000000d5900000)
  to   space 512K, 0% used [0x00000000d5800000,0x00000000d5800000,0x00000000d5880000)
 ParOldGen       total 881152K, used 881119K [0x0000000080000000, 0x00000000b5c80000, 0x00000000d5580000)
  object space 881152K, 99% used [0x0000000080000000,0x00000000b5c77cc0,0x00000000b5c80000)
 Metaspace       used 75004K, committed 76608K, reserved 1179648K
  class space    used 7881K, committed 8576K, reserved 1048576K
}
Event: 561.222 GC heap after
{Heap after GC invocations=1630 (full 3):
 PSYoungGen      total 2560K, used 352K [0x00000000d5580000, 0x00000000d5900000, 0x0000000100000000)
  eden space 2048K, 0% used [0x00000000d5580000,0x00000000d5580000,0x00000000d5780000)
  from space 512K, 68% used [0x00000000d5800000,0x00000000d5858020,0x00000000d5880000)
  to   space 512K, 0% used [0x00000000d5880000,0x00000000d5880000,0x00000000d5900000)
 ParOldGen       total 881664K, used 881239K [0x0000000080000000, 0x00000000b5d00000, 0x00000000d5580000)
  object space 881664K, 99% used [0x0000000080000000,0x00000000b5c95cc0,0x00000000b5d00000)
 Metaspace       used 75004K, committed 76608K, reserved 1179648K
  class space    used 7881K, committed 8576K, reserved 1048576K
}
Event: 569.965 GC heap before
{Heap before GC invocations=1631 (full 3):
 PSYoungGen      total 2560K, used 2399K [0x00000000d5580000, 0x00000000d5900000, 0x0000000100000000)
  eden space 2048K, 99% used [0x00000000d5580000,0x00000000d577ffb0,0x00000000d5780000)
  from space 512K, 68% used [0x00000000d5800000,0x00000000d5858020,0x00000000d5880000)
  to   space 512K, 0% used [0x00000000d5880000,0x00000000d5880000,0x00000000d5900000)
 ParOldGen       total 881664K, used 881239K [0x0000000080000000, 0x00000000b5d00000, 0x00000000d5580000)
  object space 881664K, 99% used [0x0000000080000000,0x00000000b5c95cc0,0x00000000b5d00000)
 Metaspace       used 75006K, committed 76608K, reserved 1179648K
  class space    used 7881K, committed 8576K, reserved 1048576K
}
Event: 569.969 GC heap after
{Heap after GC invocations=1631 (full 3):
 PSYoungGen      total 2560K, used 256K [0x00000000d5580000, 0x00000000d5900000, 0x0000000100000000)
  eden space 2048K, 0% used [0x00000000d5580000,0x00000000d5580000,0x00000000d5780000)
  from space 512K, 50% used [0x00000000d5880000,0x00000000d58c0000,0x00000000d5900000)
  to   space 512K, 0% used [0x00000000d5800000,0x00000000d5800000,0x00000000d5880000)
 ParOldGen       total 881664K, used 881383K [0x0000000080000000, 0x00000000b5d00000, 0x00000000d5580000)
  object space 881664K, 99% used [0x0000000080000000,0x00000000b5cb9cf0,0x00000000b5d00000)
 Metaspace       used 75006K, committed 76608K, reserved 1179648K
  class space    used 7881K, committed 8576K, reserved 1048576K
}
Event: 570.073 GC heap before
{Heap before GC invocations=1632 (full 3):
 PSYoungGen      total 2560K, used 2304K [0x00000000d5580000, 0x00000000d5900000, 0x0000000100000000)
  eden space 2048K, 100% used [0x00000000d5580000,0x00000000d5780000,0x00000000d5780000)
  from space 512K, 50% used [0x00000000d5880000,0x00000000d58c0000,0x00000000d5900000)
  to   space 512K, 0% used [0x00000000d5800000,0x00000000d5800000,0x00000000d5880000)
 ParOldGen       total 881664K, used 881383K [0x0000000080000000, 0x00000000b5d00000, 0x00000000d5580000)
  object space 881664K, 99% used [0x0000000080000000,0x00000000b5cb9cf0,0x00000000b5d00000)
 Metaspace       used 75015K, committed 76608K, reserved 1179648K
  class space    used 7881K, committed 8576K, reserved 1048576K
}
Event: 570.076 GC heap after
{Heap after GC invocations=1632 (full 3):
 PSYoungGen      total 2560K, used 320K [0x00000000d5580000, 0x00000000d5900000, 0x0000000100000000)
  eden space 2048K, 0% used [0x00000000d5580000,0x00000000d5580000,0x00000000d5780000)
  from space 512K, 62% used [0x00000000d5800000,0x00000000d5850000,0x00000000d5880000)
  to   space 512K, 0% used [0x00000000d5880000,0x00000000d5880000,0x00000000d5900000)
 ParOldGen       total 881664K, used 881455K [0x0000000080000000, 0x00000000b5d00000, 0x00000000d5580000)
  object space 881664K, 99% used [0x0000000080000000,0x00000000b5ccbcf0,0x00000000b5d00000)
 Metaspace       used 75015K, committed 76608K, reserved 1179648K
  class space    used 7881K, committed 8576K, reserved 1048576K
}

Dll operation events (14 events):
Event: 0.020 Loaded shared library c:\Users\disha\.kiro\extensions\redhat.java-1.55.0-win32-x64\jre\21.0.11-win32-x86_64\bin\java.dll
Event: 0.138 Loaded shared library c:\Users\disha\.kiro\extensions\redhat.java-1.55.0-win32-x64\jre\21.0.11-win32-x86_64\bin\zip.dll
Event: 0.174 Loaded shared library C:\Users\disha\.kiro\extensions\redhat.java-1.55.0-win32-x64\jre\21.0.11-win32-x86_64\bin\instrument.dll
Event: 0.184 Loaded shared library C:\Users\disha\.kiro\extensions\redhat.java-1.55.0-win32-x64\jre\21.0.11-win32-x86_64\bin\net.dll
Event: 0.190 Loaded shared library C:\Users\disha\.kiro\extensions\redhat.java-1.55.0-win32-x64\jre\21.0.11-win32-x86_64\bin\nio.dll
Event: 0.197 Loaded shared library C:\Users\disha\.kiro\extensions\redhat.java-1.55.0-win32-x64\jre\21.0.11-win32-x86_64\bin\zip.dll
Event: 0.233 Loaded shared library C:\Users\disha\.kiro\extensions\redhat.java-1.55.0-win32-x64\jre\21.0.11-win32-x86_64\bin\jimage.dll
Event: 0.401 Loaded shared library c:\Users\disha\.kiro\extensions\redhat.java-1.55.0-win32-x64\jre\21.0.11-win32-x86_64\bin\verify.dll
Event: 2.728 Loaded shared library C:\Users\disha\AppData\Roaming\Kiro\User\globalStorage\redhat.java\1.55.0\config_win\org.eclipse.equinox.launcher\org.eclipse.equinox.launcher.win32.win32.x86_64_1.3.100.v20260613-0559\eclipse_11924.dll
Event: 12.398 Loaded shared library C:\Users\disha\.kiro\extensions\redhat.java-1.55.0-win32-x64\jre\21.0.11-win32-x86_64\bin\management.dll
Event: 12.403 Loaded shared library C:\Users\disha\.kiro\extensions\redhat.java-1.55.0-win32-x64\jre\21.0.11-win32-x86_64\bin\management_ext.dll
Event: 14.254 Loaded shared library C:\Users\disha\AppData\Local\Temp\jna-95593991\jna11729267718582488972.dll
Event: 14.422 Loaded shared library C:\Users\disha\.kiro\extensions\redhat.java-1.55.0-win32-x64\jre\21.0.11-win32-x86_64\bin\sunmscapi.dll
Event: 14.872 Loaded shared library C:\Users\disha\.kiro\extensions\redhat.java-1.55.0-win32-x64\jre\21.0.11-win32-x86_64\bin\extnet.dll

Deoptimization events (20 events):
Event: 522.060 Thread 0x000001abd76eea10 Uncommon trap: trap_request=0xffffffc6 fr.pc=0x000001ab888bf598 relative=0x0000000000000138
Event: 522.060 Thread 0x000001abd76eea10 Uncommon trap: reason=bimorphic_or_optimized_type_check action=maybe_recompile pc=0x000001ab888bf598 method=java.util.stream.DistinctOps$1$2.accept(Ljava/lang/Object;)V @ 18 c2
Event: 522.060 Thread 0x000001abd76eea10 DEOPT PACKING pc=0x000001ab888bf598 sp=0x0000004b8e2fe800
Event: 522.060 Thread 0x000001abd76eea10 DEOPT UNPACKING pc=0x000001ab87583aa2 sp=0x0000004b8e2fe798 mode 2
Event: 530.510 Thread 0x000001abd76eea10 Uncommon trap: trap_request=0xffffffc6 fr.pc=0x000001ab888bf598 relative=0x0000000000000138
Event: 530.510 Thread 0x000001abd76eea10 Uncommon trap: reason=bimorphic_or_optimized_type_check action=maybe_recompile pc=0x000001ab888bf598 method=java.util.stream.DistinctOps$1$2.accept(Ljava/lang/Object;)V @ 18 c2
Event: 530.510 Thread 0x000001abd76eea10 DEOPT PACKING pc=0x000001ab888bf598 sp=0x0000004b8e2fe800
Event: 530.510 Thread 0x000001abd76eea10 DEOPT UNPACKING pc=0x000001ab87583aa2 sp=0x0000004b8e2fe798 mode 2
Event: 537.307 Thread 0x000001abd76eea10 Uncommon trap: trap_request=0xffffffc6 fr.pc=0x000001ab888bf598 relative=0x0000000000000138
Event: 537.307 Thread 0x000001abd76eea10 Uncommon trap: reason=bimorphic_or_optimized_type_check action=maybe_recompile pc=0x000001ab888bf598 method=java.util.stream.DistinctOps$1$2.accept(Ljava/lang/Object;)V @ 18 c2
Event: 537.307 Thread 0x000001abd76eea10 DEOPT PACKING pc=0x000001ab888bf598 sp=0x0000004b8e2fe800
Event: 537.307 Thread 0x000001abd76eea10 DEOPT UNPACKING pc=0x000001ab87583aa2 sp=0x0000004b8e2fe798 mode 2
Event: 570.044 Thread 0x000001abd44d08d0 Uncommon trap: trap_request=0xffffff54 fr.pc=0x000001ab885ca678 relative=0x00000000000004b8
Event: 570.044 Thread 0x000001abd44d08d0 Uncommon trap: reason=speculate_null_assert action=make_not_entrant pc=0x000001ab885ca678 method=com.google.common.cache.LocalCache$Segment.drainRecencyQueue()V @ 14 c2
Event: 570.044 Thread 0x000001abd44d08d0 DEOPT PACKING pc=0x000001ab885ca678 sp=0x0000004b8a5fdc30
Event: 570.044 Thread 0x000001abd44d08d0 DEOPT UNPACKING pc=0x000001ab87583aa2 sp=0x0000004b8a5fdb00 mode 2
Event: 570.273 Thread 0x000001abd44d08d0 Uncommon trap: trap_request=0xffffff45 fr.pc=0x000001ab887df0e0 relative=0x0000000000000360
Event: 570.273 Thread 0x000001abd44d08d0 Uncommon trap: reason=unstable_if action=reinterpret pc=0x000001ab887df0e0 method=java.lang.ThreadLocal$ThreadLocalMap.set(Ljava/lang/ThreadLocal;Ljava/lang/Object;)V @ 53 c2
Event: 570.273 Thread 0x000001abd44d08d0 DEOPT PACKING pc=0x000001ab887df0e0 sp=0x0000004b8a5fe5e0
Event: 570.273 Thread 0x000001abd44d08d0 DEOPT UNPACKING pc=0x000001ab87583aa2 sp=0x0000004b8a5fe4a8 mode 2

Classes loaded (20 events):
Event: 61.060 Loading class java/util/stream/ReduceOps$CountingSink$OfRef
Event: 61.060 Loading class java/util/stream/ReduceOps$CountingSink
Event: 61.060 Loading class java/util/stream/ReduceOps$CountingSink done
Event: 61.060 Loading class java/util/stream/ReduceOps$CountingSink$OfRef done
Event: 61.309 Loading class java/util/stream/ReduceOps$1
Event: 61.309 Loading class java/util/stream/ReduceOps$1 done
Event: 61.310 Loading class java/util/stream/ReduceOps$1ReducingSink
Event: 61.310 Loading class java/util/stream/ReduceOps$1ReducingSink done
Event: 241.672 Loading class java/io/SequenceInputStream
Event: 241.672 Loading class java/io/SequenceInputStream done
Event: 501.207 Loading class com/sun/org/apache/xerces/internal/util/URI
Event: 501.209 Loading class com/sun/org/apache/xerces/internal/util/URI done
Event: 501.219 Loading class org/xml/sax/SAXNotRecognizedException
Event: 501.219 Loading class org/xml/sax/SAXNotRecognizedException done
Event: 501.219 Loading class org/xml/sax/SAXNotSupportedException
Event: 501.219 Loading class org/xml/sax/SAXNotSupportedException done
Event: 501.224 Loading class com/sun/org/apache/xerces/internal/xni/XNIException
Event: 501.224 Loading class com/sun/org/apache/xerces/internal/xni/XNIException done
Event: 501.230 Loading class com/sun/org/apache/xerces/internal/xni/parser/XMLParseException
Event: 501.230 Loading class com/sun/org/apache/xerces/internal/xni/parser/XMLParseException done

Classes unloaded (11 events):
Event: 13.146 Thread 0x000001abf1bf4480 Unloading class 0x000001ab901b0800 'java/lang/invoke/LambdaForm$MH+0x000001ab901b0800'
Event: 13.146 Thread 0x000001abf1bf4480 Unloading class 0x000001ab901b0400 'java/lang/invoke/LambdaForm$MH+0x000001ab901b0400'
Event: 13.146 Thread 0x000001abf1bf4480 Unloading class 0x000001ab901b0000 'java/lang/invoke/LambdaForm$MH+0x000001ab901b0000'
Event: 13.146 Thread 0x000001abf1bf4480 Unloading class 0x000001ab901afc00 'java/lang/invoke/LambdaForm$MH+0x000001ab901afc00'
Event: 13.146 Thread 0x000001abf1bf4480 Unloading class 0x000001ab901af800 'java/lang/invoke/LambdaForm$BMH+0x000001ab901af800'
Event: 13.146 Thread 0x000001abf1bf4480 Unloading class 0x000001ab901af400 'java/lang/invoke/LambdaForm$DMH+0x000001ab901af400'
Event: 13.146 Thread 0x000001abf1bf4480 Unloading class 0x000001ab901ae000 'java/lang/invoke/LambdaForm$DMH+0x000001ab901ae000'
Event: 51.041 Thread 0x000001abf1bf4480 Unloading class 0x000001ab90650c00 'java/lang/invoke/LambdaForm$DMH+0x000001ab90650c00'
Event: 51.041 Thread 0x000001abf1bf4480 Unloading class 0x000001ab90650800 'java/lang/invoke/LambdaForm$DMH+0x000001ab90650800'
Event: 51.041 Thread 0x000001abf1bf4480 Unloading class 0x000001ab90650400 'java/lang/invoke/LambdaForm$DMH+0x000001ab90650400'
Event: 51.041 Thread 0x000001abf1bf4480 Unloading class 0x000001ab90650000 'java/lang/invoke/LambdaForm$DMH+0x000001ab90650000'

Classes redefined (0 events):
No events

Internal exceptions (20 events):
Event: 462.175 Thread 0x000001abd44d1c80 Implicit null exception at 0x000001ab82246a9b to 0x000001ab82247055
Event: 462.175 Thread 0x000001abd44d1c80 Exception <a 'java/lang/NullPointerException'{0x00000000d56fedb8}> (0x00000000d56fedb8) 
thrown [s\src\hotspot\share\runtime\sharedRuntime.cpp, line 625]
Event: 462.175 Thread 0x000001abd44d1c80 Implicit null exception at 0x000001ab82246a9b to 0x000001ab82247055
Event: 462.175 Thread 0x000001abd44d1c80 Exception <a 'java/lang/NullPointerException'{0x00000000d56ff288}> (0x00000000d56ff288) 
thrown [s\src\hotspot\share\runtime\sharedRuntime.cpp, line 625]
Event: 462.175 Thread 0x000001abd44d1c80 Implicit null exception at 0x000001ab82246a9b to 0x000001ab82247055
Event: 462.175 Thread 0x000001abd44d1c80 Exception <a 'java/lang/NullPointerException'{0x00000000d56ff818}> (0x00000000d56ff818) 
thrown [s\src\hotspot\share\runtime\sharedRuntime.cpp, line 625]
Event: 462.175 Thread 0x000001abd44d1c80 Implicit null exception at 0x000001ab82246a9b to 0x000001ab82247055
Event: 462.175 Thread 0x000001abd44d1c80 Exception <a 'java/lang/NullPointerException'{0x00000000d56ffe58}> (0x00000000d56ffe58) 
thrown [s\src\hotspot\share\runtime\sharedRuntime.cpp, line 625]
Event: 475.123 Thread 0x000001abd76eea10 Implicit null exception at 0x000001ab82246a9b to 0x000001ab82247055
Event: 475.123 Thread 0x000001abd76eea10 Exception <a 'java/lang/NullPointerException'{0x00000000d55bd1f0}> (0x00000000d55bd1f0) 
thrown [s\src\hotspot\share\runtime\sharedRuntime.cpp, line 625]
Event: 476.039 Thread 0x000001abd44d1c80 Implicit null exception at 0x000001ab82246a9b to 0x000001ab82247055
Event: 476.039 Thread 0x000001abd44d1c80 Exception <a 'java/lang/NullPointerException'{0x00000000d571a888}> (0x00000000d571a888) 
thrown [s\src\hotspot\share\runtime\sharedRuntime.cpp, line 625]
Event: 476.055 Thread 0x000001abd44d1c80 Implicit null exception at 0x000001ab82246a9b to 0x000001ab82247055
Event: 476.055 Thread 0x000001abd44d1c80 Exception <a 'java/lang/NullPointerException'{0x00000000d561a238}> (0x00000000d561a238) 
thrown [s\src\hotspot\share\runtime\sharedRuntime.cpp, line 625]
Event: 476.055 Thread 0x000001abd44d1c80 Implicit null exception at 0x000001ab82246a9b to 0x000001ab82247055
Event: 476.055 Thread 0x000001abd44d1c80 Exception <a 'java/lang/NullPointerException'{0x00000000d561c4e0}> (0x00000000d561c4e0) 
thrown [s\src\hotspot\share\runtime\sharedRuntime.cpp, line 625]
Event: 476.076 Thread 0x000001abd44d1c80 Implicit null exception at 0x000001ab82246a9b to 0x000001ab82247055
Event: 476.076 Thread 0x000001abd44d1c80 Exception <a 'java/lang/NullPointerException'{0x00000000d55bb2d8}> (0x00000000d55bb2d8) 
thrown [s\src\hotspot\share\runtime\sharedRuntime.cpp, line 625]
Event: 500.650 Thread 0x000001abd76eea10 Exception <a 'java/lang/IncompatibleClassChangeError'{0x00000000d564bf90}: Found class java.lang.Object, but interface was expected> (0x00000000d564bf90) 
thrown [s\src\hotspot\share\interpreter\linkResolver.cpp, line 840]
Event: 501.530 Thread 0x000001abd44d08d0 Exception <a 'java/lang/NoSuchMethodError'{0x00000000d572f640}: 'int java.lang.invoke.DirectMethodHandle$Holder.invokeStatic(java.lang.Object, java.lang.Object, java.lang.Object, java.lang.Object, java.lang.Object, java.lang.Object)'> (0x00000000d572f640) 
thrown [s\src\hotspot\share\interpreter\linkResolver.cpp, line 773]

ZGC Phase Switch (0 events):
No events

VM Operations (20 events):
Event: 553.294 Executing safepoint VM operation: ParallelGCFailedAllocation (Allocation Failure)
Event: 553.297 Executing safepoint VM operation: ParallelGCFailedAllocation (Allocation Failure) done
Event: 553.341 Executing safepoint VM operation: ParallelGCFailedAllocation (Allocation Failure)
Event: 553.343 Executing safepoint VM operation: ParallelGCFailedAllocation (Allocation Failure) done
Event: 554.349 Executing safepoint VM operation: Cleanup
Event: 554.349 Executing safepoint VM operation: Cleanup done
Event: 561.163 Executing safepoint VM operation: ParallelGCFailedAllocation (Allocation Failure)
Event: 561.166 Executing safepoint VM operation: ParallelGCFailedAllocation (Allocation Failure) done
Event: 561.218 Executing safepoint VM operation: ParallelGCFailedAllocation (Allocation Failure)
Event: 561.222 Executing safepoint VM operation: ParallelGCFailedAllocation (Allocation Failure) done
Event: 569.965 Executing safepoint VM operation: ParallelGCFailedAllocation (Allocation Failure)
Event: 569.969 Executing safepoint VM operation: ParallelGCFailedAllocation (Allocation Failure) done
Event: 570.073 Executing safepoint VM operation: ParallelGCFailedAllocation (Allocation Failure)
Event: 570.076 Executing safepoint VM operation: ParallelGCFailedAllocation (Allocation Failure) done
Event: 571.077 Executing safepoint VM operation: Cleanup
Event: 571.077 Executing safepoint VM operation: Cleanup done
Event: 601.292 Executing non-safepoint VM operation: HandshakeAllThreads (HandshakeForDeflation)
Event: 601.292 Executing non-safepoint VM operation: HandshakeAllThreads (HandshakeForDeflation) done
Event: 601.292 Executing non-safepoint VM operation: RendezvousGCThreads
Event: 601.292 Executing non-safepoint VM operation: RendezvousGCThreads done

Memory protections (0 events):
No events

Nmethod flushes (20 events):
Event: 51.083 Thread 0x000001abf1bf4480 flushing  nmethod 0x000001ab8091ff10
Event: 51.083 Thread 0x000001abf1bf4480 flushing  nmethod 0x000001ab80929e10
Event: 51.083 Thread 0x000001abf1bf4480 flushing  nmethod 0x000001ab80939e10
Event: 51.083 Thread 0x000001abf1bf4480 flushing  nmethod 0x000001ab80954610
Event: 51.083 Thread 0x000001abf1bf4480 flushing  nmethod 0x000001ab80956f90
Event: 51.083 Thread 0x000001abf1bf4480 flushing  nmethod 0x000001ab80958390
Event: 51.083 Thread 0x000001abf1bf4480 flushing  nmethod 0x000001ab80958990
Event: 51.083 Thread 0x000001abf1bf4480 flushing  nmethod 0x000001ab80959210
Event: 51.083 Thread 0x000001abf1bf4480 flushing  nmethod 0x000001ab80959910
Event: 51.083 Thread 0x000001abf1bf4480 flushing  nmethod 0x000001ab8095a010
Event: 51.083 Thread 0x000001abf1bf4480 flushing  nmethod 0x000001ab8095d590
Event: 51.083 Thread 0x000001abf1bf4480 flushing  nmethod 0x000001ab80967310
Event: 51.083 Thread 0x000001abf1bf4480 flushing  nmethod 0x000001ab80980210
Event: 51.083 Thread 0x000001abf1bf4480 flushing  nmethod 0x000001ab8098bb10
Event: 51.083 Thread 0x000001abf1bf4480 flushing  nmethod 0x000001ab80a0a110
Event: 51.083 Thread 0x000001abf1bf4480 flushing  nmethod 0x000001ab80a0d190
Event: 51.083 Thread 0x000001abf1bf4480 flushing  nmethod 0x000001ab80a0f290
Event: 51.083 Thread 0x000001abf1bf4480 flushing  nmethod 0x000001ab80a0f610
Event: 51.083 Thread 0x000001abf1bf4480 flushing  nmethod 0x000001ab80a0fb10
Event: 51.083 Thread 0x000001abf1bf4480 flushing  nmethod 0x000001ab80a11590

Events (20 events):
Event: 460.612 Thread 0x000001abfa982630 Thread added: 0x000001abd5ee47a0
Event: 461.952 Thread 0x000001abd5ee47a0 Thread exited: 0x000001abd5ee47a0
Event: 461.975 Thread 0x000001abfa982630 Thread added: 0x000001abd5ee40d0
Event: 461.988 Thread 0x000001abfa982630 Thread added: 0x000001abd5ee3a00
Event: 467.330 Thread 0x000001abd5ee3a00 Thread exited: 0x000001abd5ee3a00
Event: 467.518 Thread 0x000001abd5ee40d0 Thread exited: 0x000001abd5ee40d0
Event: 476.066 Thread 0x000001abfa982630 Thread added: 0x000001abd5ee7750
Event: 476.081 Thread 0x000001abfa982630 Thread added: 0x000001abd5ee5540
Event: 479.592 Thread 0x000001abd8b88520 Thread exited: 0x000001abd8b88520
Event: 481.341 Thread 0x000001abd5ee5540 Thread exited: 0x000001abd5ee5540
Event: 481.512 Thread 0x000001abd5ee7750 Thread exited: 0x000001abd5ee7750
Event: 501.549 Thread 0x000001abfa982630 Thread added: 0x000001abd5ee5540
Event: 506.871 Thread 0x000001abd5ee5540 Thread exited: 0x000001abd5ee5540
Event: 518.715 Thread 0x000001abd44cee90 Thread exited: 0x000001abd44cee90
Event: 522.284 Thread 0x000001abfa982630 Thread added: 0x000001abd5ee47a0
Event: 527.483 Thread 0x000001abd5ee47a0 Thread exited: 0x000001abd5ee47a0
Event: 537.692 Thread 0x000001abd44d2310 Thread added: 0x000001abd9730a90
Event: 539.606 Thread 0x000001abd8b86450 Thread exited: 0x000001abd8b86450
Event: 599.616 Thread 0x000001abd8b87170 Thread exited: 0x000001abd8b87170
Event: 630.275 Thread 0x000001abd44cb380 Thread exited: 0x000001abd44cb380


Dynamic libraries:
0x00007ff7c8110000 - 0x00007ff7c811e000 	c:\Users\disha\.kiro\extensions\redhat.java-1.55.0-win32-x64\jre\21.0.11-win32-x86_64\bin\java.exe
0x00007ffbcc4c0000 - 0x00007ffbcc726000 	C:\WINDOWS\SYSTEM32\ntdll.dll
0x00007ffbcaeb0000 - 0x00007ffbcaf79000 	C:\WINDOWS\System32\KERNEL32.DLL
0x00007ffbc9e30000 - 0x00007ffbca22a000 	C:\WINDOWS\System32\KERNELBASE.dll
0x00007ffbc65b0000 - 0x00007ffbc6650000 	C:\WINDOWS\SYSTEM32\apphelp.dll
0x00007ffbc9a10000 - 0x00007ffbc9b5c000 	C:\WINDOWS\System32\ucrtbase.dll
0x00007ffbb9730000 - 0x00007ffbb9748000 	c:\Users\disha\.kiro\extensions\redhat.java-1.55.0-win32-x64\jre\21.0.11-win32-x86_64\bin\jli.dll
0x00007ffbcb360000 - 0x00007ffbcb527000 	C:\WINDOWS\System32\USER32.dll
0x00007ffbb9660000 - 0x00007ffbb967e000 	c:\Users\disha\.kiro\extensions\redhat.java-1.55.0-win32-x64\jre\21.0.11-win32-x86_64\bin\VCRUNTIME140.dll
0x00007ffbc9c90000 - 0x00007ffbc9cb7000 	C:\WINDOWS\System32\win32u.dll
0x00007ffbcb630000 - 0x00007ffbcb65b000 	C:\WINDOWS\System32\GDI32.dll
0x00007ffbb5d90000 - 0x00007ffbb6022000 	C:\WINDOWS\WinSxS\amd64_microsoft.windows.common-controls_6595b64144ccf1df_6.0.26100.8521_none_3e08b75ce33403b3\COMCTL32.dll
0x00007ffbc9b60000 - 0x00007ffbc9c8b000 	C:\WINDOWS\System32\gdi32full.dll
0x00007ffbc98d0000 - 0x00007ffbc9973000 	C:\WINDOWS\System32\msvcp_win.dll
0x00007ffbcb8e0000 - 0x00007ffbcb989000 	C:\WINDOWS\System32\msvcrt.dll
0x00007ffbcb840000 - 0x00007ffbcb872000 	C:\WINDOWS\System32\IMM32.DLL
0x00007ffbc6480000 - 0x00007ffbc648c000 	c:\Users\disha\.kiro\extensions\redhat.java-1.55.0-win32-x64\jre\21.0.11-win32-x86_64\bin\vcruntime140_1.dll
0x00007ffba6ea0000 - 0x00007ffba6f2d000 	c:\Users\disha\.kiro\extensions\redhat.java-1.55.0-win32-x64\jre\21.0.11-win32-x86_64\bin\msvcp140.dll
0x00007ffb3db20000 - 0x00007ffb3e8c2000 	c:\Users\disha\.kiro\extensions\redhat.java-1.55.0-win32-x64\jre\21.0.11-win32-x86_64\bin\server\jvm.dll
0x00007ffbcadf0000 - 0x00007ffbcaea6000 	C:\WINDOWS\System32\ADVAPI32.dll
0x00007ffbca7d0000 - 0x00007ffbca87a000 	C:\WINDOWS\System32\sechost.dll
0x00007ffbcc270000 - 0x00007ffbcc388000 	C:\WINDOWS\System32\RPCRT4.dll
0x00007ffbcb100000 - 0x00007ffbcb180000 	C:\WINDOWS\System32\WS2_32.dll
0x00007ffbc95b0000 - 0x00007ffbc960e000 	C:\WINDOWS\SYSTEM32\POWRPROF.dll
0x00007ffbc38d0000 - 0x00007ffbc3906000 	C:\WINDOWS\SYSTEM32\WINMM.dll
0x00007ffbc3910000 - 0x00007ffbc391b000 	C:\WINDOWS\SYSTEM32\VERSION.dll
0x00007ffbc9590000 - 0x00007ffbc95a4000 	C:\WINDOWS\SYSTEM32\UMPDC.dll
0x00007ffbc84e0000 - 0x00007ffbc84fb000 	C:\WINDOWS\SYSTEM32\kernel.appcore.dll
0x00007ffbc1410000 - 0x00007ffbc141a000 	c:\Users\disha\.kiro\extensions\redhat.java-1.55.0-win32-x64\jre\21.0.11-win32-x86_64\bin\jimage.dll
0x00007ffbbd1a0000 - 0x00007ffbbd3e2000 	C:\WINDOWS\SYSTEM32\DBGHELP.DLL
0x00007ffbcaa60000 - 0x00007ffbcade3000 	C:\WINDOWS\System32\combase.dll
0x00007ffbcb990000 - 0x00007ffbcba69000 	C:\WINDOWS\System32\OLEAUT32.dll
0x00007ffbb8c10000 - 0x00007ffbb8c4b000 	C:\WINDOWS\SYSTEM32\dbgcore.DLL
0x00007ffbc9d80000 - 0x00007ffbc9e28000 	C:\WINDOWS\System32\bcryptPrimitives.dll
0x00007ffbc0520000 - 0x00007ffbc052f000 	c:\Users\disha\.kiro\extensions\redhat.java-1.55.0-win32-x64\jre\21.0.11-win32-x86_64\bin\instrument.dll
0x00007ffbb7970000 - 0x00007ffbb7990000 	c:\Users\disha\.kiro\extensions\redhat.java-1.55.0-win32-x64\jre\21.0.11-win32-x86_64\bin\java.dll
0x00007ffbcba70000 - 0x00007ffbcc1f4000 	C:\WINDOWS\System32\SHELL32.dll
0x00007ffbc7310000 - 0x00007ffbc7b90000 	C:\WINDOWS\SYSTEM32\windows.storage.dll
0x00007ffbcb530000 - 0x00007ffbcb626000 	C:\WINDOWS\System32\SHCORE.dll
0x00007ffbcc200000 - 0x00007ffbcc267000 	C:\WINDOWS\System32\shlwapi.dll
0x00007ffbc9670000 - 0x00007ffbc9699000 	C:\WINDOWS\SYSTEM32\profapi.dll
0x00007ffbb7930000 - 0x00007ffbb7948000 	c:\Users\disha\.kiro\extensions\redhat.java-1.55.0-win32-x64\jre\21.0.11-win32-x86_64\bin\zip.dll
0x00007ffbbe0f0000 - 0x00007ffbbe100000 	C:\Users\disha\.kiro\extensions\redhat.java-1.55.0-win32-x64\jre\21.0.11-win32-x86_64\bin\net.dll
0x00007ffbbf360000 - 0x00007ffbbf489000 	C:\WINDOWS\SYSTEM32\WINHTTP.dll
0x00007ffbc8a50000 - 0x00007ffbc8abc000 	C:\WINDOWS\system32\mswsock.dll
0x00007ffbb6c40000 - 0x00007ffbb6c56000 	C:\Users\disha\.kiro\extensions\redhat.java-1.55.0-win32-x64\jre\21.0.11-win32-x86_64\bin\nio.dll
0x00007ffbba2d0000 - 0x00007ffbba2e0000 	c:\Users\disha\.kiro\extensions\redhat.java-1.55.0-win32-x64\jre\21.0.11-win32-x86_64\bin\verify.dll
0x00007ffbb6710000 - 0x00007ffbb6755000 	C:\Users\disha\AppData\Roaming\Kiro\User\globalStorage\redhat.java\1.55.0\config_win\org.eclipse.equinox.launcher\org.eclipse.equinox.launcher.win32.win32.x86_64_1.3.100.v20260613-0559\eclipse_11924.dll
0x00007ffbca890000 - 0x00007ffbcaa28000 	C:\WINDOWS\System32\ole32.dll
0x00007ffbb9d40000 - 0x00007ffbb9d4a000 	C:\Users\disha\.kiro\extensions\redhat.java-1.55.0-win32-x64\jre\21.0.11-win32-x86_64\bin\management.dll
0x00007ffbb9c60000 - 0x00007ffbb9c6c000 	C:\Users\disha\.kiro\extensions\redhat.java-1.55.0-win32-x64\jre\21.0.11-win32-x86_64\bin\management_ext.dll
0x00007ffbcb350000 - 0x00007ffbcb358000 	C:\WINDOWS\System32\PSAPI.DLL
0x00007ffbc8d30000 - 0x00007ffbc8d4b000 	C:\WINDOWS\SYSTEM32\CRYPTSP.dll
0x00007ffbc8440000 - 0x00007ffbc8479000 	C:\WINDOWS\system32\rsaenh.dll
0x00007ffbc8b00000 - 0x00007ffbc8b33000 	C:\WINDOWS\SYSTEM32\USERENV.dll
0x00007ffbc9640000 - 0x00007ffbc966a000 	C:\WINDOWS\SYSTEM32\bcrypt.dll
0x00007ffbc8d50000 - 0x00007ffbc8d5c000 	C:\WINDOWS\SYSTEM32\CRYPTBASE.dll
0x00007ffbc7f10000 - 0x00007ffbc7f43000 	C:\WINDOWS\SYSTEM32\IPHLPAPI.DLL
0x00007ffbcb190000 - 0x00007ffbcb19a000 	C:\WINDOWS\System32\NSI.dll
0x00007ffbb9470000 - 0x00007ffbb94b9000 	C:\Users\disha\AppData\Local\Temp\jna-95593991\jna11729267718582488972.dll
0x00007ffbbf780000 - 0x00007ffbbf79d000 	C:\WINDOWS\SYSTEM32\dhcpcsvc6.DLL
0x00007ffbbf5d0000 - 0x00007ffbbf5f5000 	C:\WINDOWS\SYSTEM32\dhcpcsvc.DLL
0x00007ffbb9770000 - 0x00007ffbb977e000 	C:\Users\disha\.kiro\extensions\redhat.java-1.55.0-win32-x64\jre\21.0.11-win32-x86_64\bin\sunmscapi.dll
0x00007ffbc9750000 - 0x00007ffbc98c8000 	C:\WINDOWS\System32\CRYPT32.dll
0x00007ffbc8f50000 - 0x00007ffbc8f80000 	C:\WINDOWS\SYSTEM32\ncrypt.dll
0x00007ffbc8f00000 - 0x00007ffbc8f3f000 	C:\WINDOWS\SYSTEM32\NTASN1.dll
0x00007ffbc7fb0000 - 0x00007ffbc80fa000 	C:\WINDOWS\SYSTEM32\DNSAPI.dll
0x00007ffbc8850000 - 0x00007ffbc885d000 	C:\WINDOWS\SYSTEM32\DSPARSE.dll
0x00007ffbc13b0000 - 0x00007ffbc13bb000 	C:\Windows\System32\rasadhlp.dll
0x00007ffbbfb00000 - 0x00007ffbbfb86000 	C:\WINDOWS\System32\fwpuclnt.dll
0x00007ffbb9760000 - 0x00007ffbb9769000 	C:\Users\disha\.kiro\extensions\redhat.java-1.55.0-win32-x64\jre\21.0.11-win32-x86_64\bin\extnet.dll

JVMTI agents:
c:\Users\disha\.kiro\extensions\redhat.java-1.55.0-win32-x64\lombok\lombok-1.18.39-4050.jar path:c:\Users\disha\.kiro\extensions\redhat.java-1.55.0-win32-x64\jre\21.0.11-win32-x86_64\bin\instrument.dll, loaded, initialized, instrumentlib options:none

dbghelp: loaded successfully - version: 4.0.5 - missing functions: none
symbol engine: initialized successfully - sym options: 0x614 - pdb path: .;c:\Users\disha\.kiro\extensions\redhat.java-1.55.0-win32-x64\jre\21.0.11-win32-x86_64\bin;C:\WINDOWS\SYSTEM32;C:\WINDOWS\WinSxS\amd64_microsoft.windows.common-controls_6595b64144ccf1df_6.0.26100.8521_none_3e08b75ce33403b3;c:\Users\disha\.kiro\extensions\redhat.java-1.55.0-win32-x64\jre\21.0.11-win32-x86_64\bin\server;C:\Users\disha\AppData\Roaming\Kiro\User\globalStorage\redhat.java\1.55.0\config_win\org.eclipse.equinox.launcher\org.eclipse.equinox.launcher.win32.win32.x86_64_1.3.100.v20260613-0559;C:\Users\disha\AppData\Local\Temp\jna-95593991

VM Arguments:
jvm_args: --add-modules=ALL-SYSTEM --add-opens=java.base/java.util=ALL-UNNAMED --add-opens=java.base/java.lang=ALL-UNNAMED --add-opens=java.base/sun.nio.fs=ALL-UNNAMED -Declipse.application=org.eclipse.jdt.ls.core.id1 -Dosgi.bundles.defaultStartLevel=4 -Declipse.product=org.eclipse.jdt.ls.core.product -Djava.import.generatesMetadataFilesAtProjectRoot=false -DDetectVMInstallationsJob.disabled=true -Dfile.encoding=utf8 -XX:+UseParallelGC -XX:GCTimeRatio=4 -XX:AdaptiveSizePolicyWeight=90 -Dsun.zip.disableMemoryMapping=true -Xmx2G -Xms100m -Xlog:disable -javaagent:c:\Users\disha\.kiro\extensions\redhat.java-1.55.0-win32-x64\lombok\lombok-1.18.39-4050.jar -XX:+HeapDumpOnOutOfMemoryError -XX:HeapDumpPath=c:\Users\disha\AppData\Roaming\Kiro\User\workspaceStorage\32594d1fb534b4aac43458980ee3c711\redhat.java -Daether.dependencyCollector.impl=bf 
java_command: c:\Users\disha\.kiro\extensions\redhat.java-1.55.0-win32-x64\server\plugins\org.eclipse.equinox.launcher_1.7.200.v20260619-2039.jar -configuration c:\Users\disha\AppData\Roaming\Kiro\User\globalStorage\redhat.java\1.55.0\config_win -data c:\Users\disha\AppData\Roaming\Kiro\User\workspaceStorage\32594d1fb534b4aac43458980ee3c711\redhat.java\jdt_ws --pipe=\\.\pipe\lsp-6b2a9d15100dc7f963c53575b201ece9-sock
java_class_path (initial): c:\Users\disha\.kiro\extensions\redhat.java-1.55.0-win32-x64\server\plugins\org.eclipse.equinox.launcher_1.7.200.v20260619-2039.jar
Launcher Type: SUN_STANDARD

[Global flags]
    uintx AdaptiveSizePolicyWeight                 = 90                                        {product} {command line}
     intx CICompilerCount                          = 4                                         {product} {ergonomic}
    uintx GCTimeRatio                              = 4                                         {product} {command line}
     bool HeapDumpOnOutOfMemoryError               = true                                   {manageable} {command line}
    ccstr HeapDumpPath                             = c:\Users\disha\AppData\Roaming\Kiro\User\workspaceStorage\32594d1fb534b4aac43458980ee3c711\redhat.java         {manageable} {command line}
   size_t InitialHeapSize                          = 104857600                                 {product} {command line}
   size_t MaxHeapSize                              = 2147483648                                {product} {command line}
   size_t MaxNewSize                               = 715653120                                 {product} {ergonomic}
   size_t MinHeapDeltaBytes                        = 524288                                    {product} {ergonomic}
   size_t MinHeapSize                              = 104857600                                 {product} {command line}
   size_t NewSize                                  = 34603008                                  {product} {ergonomic}
    uintx NonNMethodCodeHeapSize                   = 5839372                                {pd product} {ergonomic}
    uintx NonProfiledCodeHeapSize                  = 122909434                              {pd product} {ergonomic}
   size_t OldSize                                  = 70254592                                  {product} {ergonomic}
    uintx ProfiledCodeHeapSize                     = 122909434                              {pd product} {ergonomic}
    uintx ReservedCodeCacheSize                    = 251658240                              {pd product} {ergonomic}
     bool SegmentedCodeCache                       = true                                      {product} {ergonomic}
   size_t SoftMaxHeapSize                          = 2147483648                             {manageable} {ergonomic}
     bool UseCompressedOops                        = true                           {product lp64_product} {ergonomic}
     bool UseLargePagesIndividualAllocation        = false                                  {pd product} {ergonomic}
     bool UseParallelGC                            = true                                      {product} {command line}

Logging:
Log output configuration:
 #0: stdout all=off uptime,level,tags foldmultilines=false
 #1: stderr all=off uptime,level,tags foldmultilines=false

Release file:
JAVA_VERSION="21.0.11" 
MODULES="java.base java.compiler java.datatransfer java.xml java.prefs java.desktop java.instrument java.logging java.management java.security.sasl java.naming java.rmi java.management.rmi java.net.http java.scripting java.security.jgss java.transaction.xa java.sql java.sql.rowset java.xml.crypto java.se java.smartcardio jdk.accessibility jdk.internal.jvmstat jdk.attach jdk.charsets jdk.internal.opt jdk.zipfs jdk.compiler jdk.crypto.ec jdk.crypto.cryptoki jdk.crypto.mscapi jdk.dynalink jdk.internal.ed jdk.editpad jdk.hotspot.agent jdk.httpserver jdk.internal.le jdk.internal.vm.ci jdk.internal.vm.compiler jdk.internal.vm.compiler.management jdk.jartool jdk.javadoc jdk.jcmd jdk.management jdk.management.agent jdk.jconsole jdk.jdeps jdk.jdwp.agent jdk.jdi jdk.jfr jdk.jshell jdk.jsobject jdk.jstatd jdk.localedata jdk.management.jfr jdk.naming.dns jdk.naming.rmi jdk.net jdk.nio.mapmode jdk.random jdk.sctp jdk.security.auth jdk.security.jgss jdk.unsupported jdk.unsupported.desktop jdk.xml.dom" 

Environment Variables:
JAVA_HOME=C:\Program Files\Java\jdk-17
PATH=D:\OracleXE213_Win64\dbhomeXE\bin;C:\Program Files\Common Files\Oracle\Java\javapath;C:\msys64\ucrt64\bin;C:\Program Files\Git\cmd;D:\apache-maven-3.9.16\bin;D:\flutter\flutter\bin;C:\Windows\System32;C:\Windows;C:\Windows\System32\WindowsPowerShell\v1.0;D:\cmdline-tools\bin;D:\NodeJS\;C:\Users\disha\AppData\Local\Programs\Python\Python313\Scripts\;C:\Users\disha\AppData\Local\Programs\Python\Python313\;C:\Users\disha\AppData\Local\Microsoft\WindowsApps;C:\Users\disha\AppData\Local\Programs\Microsoft VS Code\bin;C:\ProgramData\disha\GitHubDesktop\bin;D:\devrev;D:\devrev\jq;C:\Users\disha\AppData\Local\Microsoft\WinGet\Packages\jqlang.jq_Microsoft.Winget.Source_8wekyb3d8bbwe;C:\Program Files\MongoDB\Server\8.2\bin;C:\Users\disha\AppData\Roaming\npm
USERNAME=disha
OS=Windows_NT
PROCESSOR_IDENTIFIER=AMD64 Family 25 Model 80 Stepping 0, AuthenticAMD
TMP=C:\Users\disha\AppData\Local\Temp
TEMP=C:\Users\disha\AppData\Local\Temp




Periodic native trim disabled

---------------  S Y S T E M  ---------------

OS:
 Windows 11 , 64 bit Build 26100 (10.0.26100.8521)
OS uptime: 0 days 23:38 hours
Hyper-V role detected

CPU: total 12 (initial active 12) (12 cores per cpu, 2 threads per core) family 25 model 80 stepping 0 microcode 0xa500014, cx8, cmov, fxsr, ht, mmx, 3dnowpref, sse, sse2, sse3, ssse3, sse4a, sse4.1, sse4.2, popcnt, lzcnt, tsc, tscinvbit, avx, avx2, aes, erms, clmul, bmi1, bmi2, adx, sha, fma, vzeroupper, clflush, clflushopt, hv, rdtscp, rdpid, fsrm, f16c, cet_ss
Processor Information for processor 0
  Max Mhz: 2301, Current Mhz: 1904, Mhz Limit: 2301
Processor Information for processor 1
  Max Mhz: 2301, Current Mhz: 1904, Mhz Limit: 2301
Processor Information for processor 2
  Max Mhz: 2301, Current Mhz: 1904, Mhz Limit: 2301
Processor Information for processor 3
  Max Mhz: 2301, Current Mhz: 1904, Mhz Limit: 2301
Processor Information for processor 4
  Max Mhz: 2301, Current Mhz: 1904, Mhz Limit: 2301
Processor Information for processor 5
  Max Mhz: 2301, Current Mhz: 1904, Mhz Limit: 2301
Processor Information for processor 6
  Max Mhz: 2301, Current Mhz: 1904, Mhz Limit: 2301
Processor Information for processor 7
  Max Mhz: 2301, Current Mhz: 1798, Mhz Limit: 2301
Processor Information for processor 8
  Max Mhz: 2301, Current Mhz: 1904, Mhz Limit: 2301
Processor Information for processor 9
  Max Mhz: 2301, Current Mhz: 1904, Mhz Limit: 2301
Processor Information for processor 10
  Max Mhz: 2301, Current Mhz: 1798, Mhz Limit: 2301
Processor Information for processor 11
  Max Mhz: 2301, Current Mhz: 1904, Mhz Limit: 2301

Memory: 4k page, system-wide physical 15720M (2022M free)
TotalPageFile size 19731M (AvailPageFile size 13M)
current process WorkingSet (physical memory assigned to process): 1266M, peak: 1268M
current process commit charge ("private bytes"): 1224M, peak: 1228M

vm_info: OpenJDK 64-Bit Server VM (21.0.11+10-LTS) for windows-amd64 JRE (21.0.11+10-LTS), built on 2026-04-21T00:00:00Z by "admin" with MS VC++ 17.12 (VS2022)

END.
