#
# There is insufficient memory for the Java Runtime Environment to continue.
# Native memory allocation (malloc) failed to allocate 300336 bytes. Error detail: Chunk::new
# Possible reasons:
#   The system is out of physical RAM or swap space
#   This process is running with CompressedOops enabled, and the Java Heap may be blocking the growth of the native heap
# Possible solutions:
#   Reduce memory load on the system
#   Increase physical memory or swap space
#   Check if swap backing store is full
#   Decrease Java heap size (-Xmx/-Xms)
#   Decrease number of Java threads
#   Decrease Java thread stack sizes (-Xss)
#   Set larger code cache with -XX:ReservedCodeCacheSize=
#   JVM is running with Unscaled Compressed Oops mode in which the Java heap is
#     placed in the first 4GB address space. The Java Heap base address is the
#     maximum limit for the native heap growth. Please use -XX:HeapBaseMinAddress
#     to set the Java Heap base and to place the Java Heap above 4GB virtual address.
# This output file may be truncated or incomplete.
#
#  Out of Memory Error (arena.cpp:168), pid=15624, tid=31372
#
# JRE version: OpenJDK Runtime Environment Temurin-21.0.10+7 (21.0.10+7) (build 21.0.10+7-LTS)
# Java VM: OpenJDK 64-Bit Server VM Temurin-21.0.10+7 (21.0.10+7-LTS, mixed mode, sharing, tiered, compressed oops, compressed class ptrs, parallel gc, windows-amd64)
# No core dump will be written. Minidumps are not enabled by default on client versions of Windows
#

---------------  S U M M A R Y ------------

Command Line: --add-modules=ALL-SYSTEM --add-opens=java.base/java.util=ALL-UNNAMED --add-opens=java.base/java.lang=ALL-UNNAMED --add-opens=java.base/sun.nio.fs=ALL-UNNAMED -Declipse.application=org.eclipse.jdt.ls.core.id1 -Dosgi.bundles.defaultStartLevel=4 -Declipse.product=org.eclipse.jdt.ls.core.product -Djava.import.generatesMetadataFilesAtProjectRoot=false -DDetectVMInstallationsJob.disabled=true -Dfile.encoding=utf8 -XX:+UseParallelGC -XX:GCTimeRatio=4 -XX:AdaptiveSizePolicyWeight=90 -Dsun.zip.disableMemoryMapping=true -Xmx2G -Xms100m -Xlog:disable -javaagent:c:\Users\disha\.vscode\extensions\redhat.java-1.54.0-win32-x64\lombok\lombok-1.18.39-4050.jar -XX:+HeapDumpOnOutOfMemoryError -XX:HeapDumpPath=c:\Users\disha\AppData\Roaming\Code\User\workspaceStorage\32594d1fb534b4aac43458980ee3c711\redhat.java -Daether.dependencyCollector.impl=bf c:\Users\disha\.vscode\extensions\redhat.java-1.54.0-win32-x64\server\plugins\org.eclipse.equinox.launcher_1.7.100.v20251111-0406.jar -configuration c:\Users\disha\AppData\Roaming\Code\User\globalStorage\redhat.java\1.54.0\config_win -data c:\Users\disha\AppData\Roaming\Code\User\workspaceStorage\32594d1fb534b4aac43458980ee3c711\redhat.java\jdt_ws --pipe=\\.\pipe\lsp-9b503529c30b63dfbf0391476cfd53c9-sock

Host: AMD Ryzen 5 5625U with Radeon Graphics         , 12 cores, 15G,  Windows 11 , 64 bit Build 26100 (10.0.26100.8521)
Time: Thu Jun 25 17:28:00 2026 India Standard Time elapsed time: 3.264693 seconds (0d 0h 0m 3s)

---------------  T H R E A D  ---------------

Current thread (0x000002f7eb642d60):  JavaThread "C2 CompilerThread1" daemon [_thread_in_native, id=31372, stack(0x000000fc4d300000,0x000000fc4d400000) (1024K)]


Current CompileTask:
C2:3264  638       4       lombok.patcher.scripts.MethodLevelPatchScript::patch (21 bytes)

Stack: [0x000000fc4d300000,0x000000fc4d400000]
Native frames: (J=compiled Java code, j=interpreted, Vv=VM code, C=native code)
V  [jvm.dll+0x6d7a39]
V  [jvm.dll+0x8b4b26]
V  [jvm.dll+0x8b70de]
V  [jvm.dll+0x8b77c3]
V  [jvm.dll+0x284346]
V  [jvm.dll+0xc66ed]
V  [jvm.dll+0xc6c31]
V  [jvm.dll+0x2fb29e]
V  [jvm.dll+0x5fe884]
V  [jvm.dll+0x255b17]
V  [jvm.dll+0x255edd]
V  [jvm.dll+0x24e500]
V  [jvm.dll+0x24ba42]
V  [jvm.dll+0x1cb34e]
V  [jvm.dll+0x25b85d]
V  [jvm.dll+0x259dea]
V  [jvm.dll+0x3f857e]
V  [jvm.dll+0x85f59d]
V  [jvm.dll+0x6d626d]
C  [ucrtbase.dll+0x2cd30]
C  [KERNEL32.DLL+0x2e957]
C  [ntdll.dll+0x87c1c]


---------------  P R O C E S S  ---------------

Threads class SMR info:
_java_thread_list=0x000002f7eb55c120, length=13, elements={
0x000002f7d35ddd80, 0x000002f7d36833e0, 0x000002f7d358d2f0, 0x000002f7d368d8a0,
0x000002f7d368e500, 0x000002f7d3691f50, 0x000002f7d3698330, 0x000002f7eb301f60,
0x000002f7d369e880, 0x000002f7eb519680, 0x000002f7eb642d60, 0x000002f7eb683da0,
0x000002f7ec349370
}

Java Threads: ( => current thread )
  0x000002f7d35ddd80 JavaThread "main"                              [_thread_in_Java, id=24180, stack(0x000000fc4c600000,0x000000fc4c700000) (1024K)]
  0x000002f7d36833e0 JavaThread "Reference Handler"          daemon [_thread_blocked, id=30280, stack(0x000000fc4ca00000,0x000000fc4cb00000) (1024K)]
  0x000002f7d358d2f0 JavaThread "Finalizer"                  daemon [_thread_blocked, id=5504, stack(0x000000fc4cb00000,0x000000fc4cc00000) (1024K)]
  0x000002f7d368d8a0 JavaThread "Signal Dispatcher"          daemon [_thread_blocked, id=12360, stack(0x000000fc4cc00000,0x000000fc4cd00000) (1024K)]
  0x000002f7d368e500 JavaThread "Attach Listener"            daemon [_thread_blocked, id=23328, stack(0x000000fc4cd00000,0x000000fc4ce00000) (1024K)]
  0x000002f7d3691f50 JavaThread "Service Thread"             daemon [_thread_blocked, id=12432, stack(0x000000fc4ce00000,0x000000fc4cf00000) (1024K)]
  0x000002f7d3698330 JavaThread "Monitor Deflation Thread"   daemon [_thread_blocked, id=14476, stack(0x000000fc4cf00000,0x000000fc4d000000) (1024K)]
  0x000002f7eb301f60 JavaThread "C2 CompilerThread0"         daemon [_thread_blocked, id=20556, stack(0x000000fc4d000000,0x000000fc4d100000) (1024K)]
  0x000002f7d369e880 JavaThread "C1 CompilerThread0"         daemon [_thread_in_native, id=16100, stack(0x000000fc4d100000,0x000000fc4d200000) (1024K)]
  0x000002f7eb519680 JavaThread "Common-Cleaner"             daemon [_thread_blocked, id=32320, stack(0x000000fc4d200000,0x000000fc4d300000) (1024K)]
=>0x000002f7eb642d60 JavaThread "C2 CompilerThread1"         daemon [_thread_in_native, id=31372, stack(0x000000fc4d300000,0x000000fc4d400000) (1024K)]
  0x000002f7eb683da0 JavaThread "Notification Thread"        daemon [_thread_blocked, id=15952, stack(0x000000fc4d400000,0x000000fc4d500000) (1024K)]
  0x000002f7ec349370 JavaThread "C2 CompilerThread2"         daemon [_thread_in_native, id=6920, stack(0x000000fc4d500000,0x000000fc4d600000) (1024K)]
Total: 13

Other Threads:
  0x000002f7d367eb00 VMThread "VM Thread"                           [id=17320, stack(0x000000fc4c900000,0x000000fc4ca00000) (1024K)]
  0x000002f7d114f500 WatcherThread "VM Periodic Task Thread"        [id=27316, stack(0x000000fc4c800000,0x000000fc4c900000) (1024K)]
  0x000002f7d35fbff0 WorkerThread "GC Thread#0"                     [id=30188, stack(0x000000fc4c700000,0x000000fc4c800000) (1024K)]
Total: 3

Threads with active compile tasks:
C2 CompilerThread1  3308  638       4       lombok.patcher.scripts.MethodLevelPatchScript::patch (21 bytes)
C2 CompilerThread2  3308  661       4       lombok.patcher.PatchScript::classMatches (41 bytes)
Total: 2

VM state: not at safepoint (normal execution)

VM Mutex/Monitor currently owned by a thread: None

Heap address: 0x0000000080000000, size: 2048 MB, Compressed Oops mode: 32-bit

CDS archive(s) mapped at: [0x000002f780000000-0x000002f780ba0000-0x000002f780ba0000), size 12189696, SharedBaseAddress: 0x000002f780000000, ArchiveRelocationMode: 1.
Compressed class space mapped at: 0x000002f781000000-0x000002f7c1000000, reserved size: 1073741824
Narrow klass base: 0x000002f780000000, Narrow klass shift: 0, Narrow klass range: 0x100000000

GC Precious Log:
 CardTable entry size: 512
 CPUs: 12 total, 12 available
 Memory: 15720M
 Large Page Support: Disabled
 NUMA Support: Disabled
 Compressed Oops: Enabled (32-bit)
 Alignments: Space 512K, Generation 512K, Heap 2M
 Heap Min Capacity: 100M
 Heap Initial Capacity: 100M
 Heap Max Capacity: 2G
 Pre-touch: Disabled
 Parallel Workers: 10

Heap:
 PSYoungGen      total 29696K, used 14543K [0x00000000d5580000, 0x00000000d7680000, 0x0000000100000000)
  eden space 25600K, 56% used [0x00000000d5580000,0x00000000d63b3d18,0x00000000d6e80000)
  from space 4096K, 0% used [0x00000000d7280000,0x00000000d7280000,0x00000000d7680000)
  to   space 4096K, 0% used [0x00000000d6e80000,0x00000000d6e80000,0x00000000d7280000)
 ParOldGen       total 68608K, used 0K [0x0000000080000000, 0x0000000084300000, 0x00000000d5580000)
  object space 68608K, 0% used [0x0000000080000000,0x0000000080000000,0x0000000084300000)
 Metaspace       used 2824K, committed 3008K, reserved 1114112K
  class space    used 292K, committed 384K, reserved 1048576K

Card table byte_map: [0x000002f7d2f80000,0x000002f7d3390000] _byte_map_base: 0x000002f7d2b80000

Marking Bits: (ParMarkBitMap*) 0x00007ff863ce3450
 Begin Bits: [0x000002f7e5a90000, 0x000002f7e7a90000)
 End Bits:   [0x000002f7e7a90000, 0x000002f7e9a90000)

Polling page: 0x000002f7d1600000

Metaspace:

Usage:
  Non-class:      2.47 MB used.
      Class:    292.45 KB used.
       Both:      2.76 MB used.

Virtual space:
  Non-class space:       64.00 MB reserved,       2.56 MB (  4%) committed,  1 nodes.
      Class space:        1.00 GB reserved,     384.00 KB ( <1%) committed,  1 nodes.
             Both:        1.06 GB reserved,       2.94 MB ( <1%) committed. 

Chunk freelists:
   Non-Class:  11.65 MB
       Class:  15.67 MB
        Both:  27.32 MB

MaxMetaspaceSize: unlimited
CompressedClassSpaceSize: 1.00 GB
Initial GC threshold: 21.00 MB
Current GC threshold: 21.00 MB
CDS: on
 - commit_granule_bytes: 65536.
 - commit_granule_words: 8192.
 - virtual_space_node_default_size: 8388608.
 - enlarge_chunks_in_place: 1.
 - use_allocation_guard: 0.


Internal statistics:

num_allocs_failed_limit: 0.
num_arena_births: 82.
num_arena_deaths: 0.
num_vsnodes_births: 2.
num_vsnodes_deaths: 0.
num_space_committed: 47.
num_space_uncommitted: 0.
num_chunks_returned_to_freelist: 0.
num_chunks_taken_from_freelist: 104.
num_chunk_merges: 0.
num_chunk_splits: 73.
num_chunks_enlarged: 47.
num_inconsistent_stats: 0.

CodeHeap 'non-profiled nmethods': size=120000Kb used=246Kb max_used=246Kb free=119753Kb
 bounds [0x000002f7de2b0000, 0x000002f7de520000, 0x000002f7e57e0000]
CodeHeap 'profiled nmethods': size=120000Kb used=1041Kb max_used=1041Kb free=118958Kb
 bounds [0x000002f7d67e0000, 0x000002f7d6a50000, 0x000002f7ddd10000]
CodeHeap 'non-nmethods': size=5760Kb used=1184Kb max_used=1197Kb free=4576Kb
 bounds [0x000002f7ddd10000, 0x000002f7ddf80000, 0x000002f7de2b0000]
CodeCache: size=245760Kb, used=2471Kb, max_used=2484Kb, free=243287Kb
 total_blobs=1143, nmethods=702, adapters=347, full_count=0
Compilation: enabled, stopped_count=0, restarted_count=0

Compilation events (20 events):
Event: 3.241 Thread 0x000002f7eb301f60 nmethod 641 0x000002f7de2e9790 code [0x000002f7de2e9920, 0x000002f7de2e99a8]
Event: 3.242 Thread 0x000002f7ec349370 nmethod 651 0x000002f7de2e9a90 code [0x000002f7de2e9c20, 0x000002f7de2e9f00]
Event: 3.243 Thread 0x000002f7ec349370  661       4       lombok.patcher.PatchScript::classMatches (41 bytes)
Event: 3.243 Thread 0x000002f7eb301f60  662       4       java.util.Collections$UnmodifiableCollection::iterator (9 bytes)
Event: 3.244 Thread 0x000002f7d369e880  663       3       sun.security.util.DerInputStream::available (10 bytes)
Event: 3.244 Thread 0x000002f7d369e880 nmethod 663 0x000002f7d68d2d10 code [0x000002f7d68d2ea0, 0x000002f7d68d2fb0]
Event: 3.247 Thread 0x000002f7d369e880  664       3       java.util.jar.Manifest$FastInputStream::readLine (296 bytes)
Event: 3.248 Thread 0x000002f7d369e880 nmethod 664 0x000002f7d68d3010 code [0x000002f7d68d3240, 0x000002f7d68d3aa8]
Event: 3.248 Thread 0x000002f7d369e880  665       3       java.util.LinkedHashMap::newNode (23 bytes)
Event: 3.249 Thread 0x000002f7d369e880 nmethod 665 0x000002f7d68d3e10 code [0x000002f7d68d3fc0, 0x000002f7d68d41c0]
Event: 3.249 Thread 0x000002f7d369e880  667       3       jdk.internal.util.ArraysSupport::vectorizedHashCode (158 bytes)
Event: 3.249 Thread 0x000002f7d369e880 nmethod 667 0x000002f7d68d4310 code [0x000002f7d68d4620, 0x000002f7d68d5608]
Event: 3.249 Thread 0x000002f7d369e880  666       3       java.util.LinkedHashMap$Entry::<init> (10 bytes)
Event: 3.250 Thread 0x000002f7d369e880 nmethod 666 0x000002f7d68d5990 code [0x000002f7d68d5b40, 0x000002f7d68d5d48]
Event: 3.250 Thread 0x000002f7d369e880  668       3       java.util.Objects::checkFromIndexSize (8 bytes)
Event: 3.250 Thread 0x000002f7d369e880 nmethod 668 0x000002f7d68d5e90 code [0x000002f7d68d6040, 0x000002f7d68d6248]
Event: 3.258 Thread 0x000002f7d369e880  672       3       java.lang.Integer::rotateRight (9 bytes)
Event: 3.259 Thread 0x000002f7d369e880 nmethod 672 0x000002f7d68d6390 code [0x000002f7d68d6520, 0x000002f7d68d6620]
Event: 3.259 Thread 0x000002f7d369e880  673       3       sun.invoke.util.Wrapper::forPrimitiveType (122 bytes)
Event: 3.260 Thread 0x000002f7d369e880 nmethod 673 0x000002f7d68d6690 code [0x000002f7d68d6960, 0x000002f7d68d7440]

GC Heap History (0 events):
No events

Dll operation events (8 events):
Event: 0.044 Loaded shared library c:\Users\disha\.vscode\extensions\redhat.java-1.54.0-win32-x64\jre\21.0.10-win32-x86_64\bin\java.dll
Event: 2.586 Loaded shared library c:\Users\disha\.vscode\extensions\redhat.java-1.54.0-win32-x64\jre\21.0.10-win32-x86_64\bin\zip.dll
Event: 2.634 Loaded shared library C:\Users\disha\.vscode\extensions\redhat.java-1.54.0-win32-x64\jre\21.0.10-win32-x86_64\bin\instrument.dll
Event: 2.643 Loaded shared library C:\Users\disha\.vscode\extensions\redhat.java-1.54.0-win32-x64\jre\21.0.10-win32-x86_64\bin\net.dll
Event: 2.647 Loaded shared library C:\Users\disha\.vscode\extensions\redhat.java-1.54.0-win32-x64\jre\21.0.10-win32-x86_64\bin\nio.dll
Event: 2.652 Loaded shared library C:\Users\disha\.vscode\extensions\redhat.java-1.54.0-win32-x64\jre\21.0.10-win32-x86_64\bin\zip.dll
Event: 2.683 Loaded shared library C:\Users\disha\.vscode\extensions\redhat.java-1.54.0-win32-x64\jre\21.0.10-win32-x86_64\bin\jimage.dll
Event: 2.824 Loaded shared library c:\Users\disha\.vscode\extensions\redhat.java-1.54.0-win32-x64\jre\21.0.10-win32-x86_64\bin\verify.dll

Deoptimization events (20 events):
Event: 3.073 Thread 0x000002f7d35ddd80 DEOPT PACKING pc=0x000002f7d6822618 sp=0x000000fc4c6fa500
Event: 3.074 Thread 0x000002f7d35ddd80 DEOPT UNPACKING pc=0x000002f7ddd64242 sp=0x000000fc4c6f99c0 mode 0
Event: 3.075 Thread 0x000002f7d35ddd80 DEOPT PACKING pc=0x000002f7d6822618 sp=0x000000fc4c6fae20
Event: 3.075 Thread 0x000002f7d35ddd80 DEOPT UNPACKING pc=0x000002f7ddd64242 sp=0x000000fc4c6fa2e0 mode 0
Event: 3.090 Thread 0x000002f7d35ddd80 DEOPT PACKING pc=0x000002f7d6822618 sp=0x000000fc4c6fae20
Event: 3.090 Thread 0x000002f7d35ddd80 DEOPT UNPACKING pc=0x000002f7ddd64242 sp=0x000000fc4c6fa2e0 mode 0
Event: 3.091 Thread 0x000002f7d35ddd80 DEOPT PACKING pc=0x000002f7d6822618 sp=0x000000fc4c6fc440
Event: 3.091 Thread 0x000002f7d35ddd80 DEOPT UNPACKING pc=0x000002f7ddd64242 sp=0x000000fc4c6fb900 mode 0
Event: 3.094 Thread 0x000002f7d35ddd80 DEOPT PACKING pc=0x000002f7d6822618 sp=0x000000fc4c6fc3b0
Event: 3.094 Thread 0x000002f7d35ddd80 DEOPT UNPACKING pc=0x000002f7ddd64242 sp=0x000000fc4c6fb870 mode 0
Event: 3.095 Thread 0x000002f7d35ddd80 DEOPT PACKING pc=0x000002f7d6822618 sp=0x000000fc4c6fc230
Event: 3.095 Thread 0x000002f7d35ddd80 DEOPT UNPACKING pc=0x000002f7ddd64242 sp=0x000000fc4c6fb6f0 mode 0
Event: 3.173 Thread 0x000002f7d35ddd80 Uncommon trap: trap_request=0xffffff45 fr.pc=0x000002f7de2dea6c relative=0x000000000000014c
Event: 3.173 Thread 0x000002f7d35ddd80 Uncommon trap: reason=unstable_if action=reinterpret pc=0x000002f7de2dea6c method=jdk.internal.util.ArraysSupport.vectorizedHashCode(Ljava/lang/Object;IIII)I @ 2 c2
Event: 3.173 Thread 0x000002f7d35ddd80 DEOPT PACKING pc=0x000002f7de2dea6c sp=0x000000fc4c6fcba0
Event: 3.173 Thread 0x000002f7d35ddd80 DEOPT UNPACKING pc=0x000002f7ddd63aa2 sp=0x000000fc4c6fcb50 mode 2
Event: 3.199 Thread 0x000002f7d35ddd80 Uncommon trap: trap_request=0xffffff45 fr.pc=0x000002f7de2d1df4 relative=0x00000000000000d4
Event: 3.199 Thread 0x000002f7d35ddd80 Uncommon trap: reason=unstable_if action=reinterpret pc=0x000002f7de2d1df4 method=java.net.URI.match(CJJ)Z @ 45 c2
Event: 3.199 Thread 0x000002f7d35ddd80 DEOPT PACKING pc=0x000002f7de2d1df4 sp=0x000000fc4c6fcd20
Event: 3.199 Thread 0x000002f7d35ddd80 DEOPT UNPACKING pc=0x000002f7ddd63aa2 sp=0x000000fc4c6fcc88 mode 2

Classes loaded (20 events):
Event: 3.256 Loading class sun/security/provider/ByteArrayAccess done
Event: 3.256 Loading class sun/security/provider/ByteArrayAccess$BE
Event: 3.256 Loading class sun/security/provider/ByteArrayAccess$BE done
Event: 3.259 Loading class sun/security/util/SignatureUtil
Event: 3.259 Loading class sun/security/util/SignatureUtil done
Event: 3.259 Loading class java/security/Signature
Event: 3.260 Loading class java/security/SignatureSpi
Event: 3.260 Loading class java/security/SignatureSpi done
Event: 3.260 Loading class java/security/Signature done
Event: 3.260 Loading class java/security/Signature$1
Event: 3.260 Loading class jdk/internal/access/JavaSecuritySignatureAccess
Event: 3.260 Loading class jdk/internal/access/JavaSecuritySignatureAccess done
Event: 3.260 Loading class java/security/Signature$1 done
Event: 3.260 Loading class sun/security/jca/ServiceId
Event: 3.260 Loading class sun/security/jca/ServiceId done
Event: 3.260 Loading class java/security/Signature$Delegate
Event: 3.261 Loading class java/security/Signature$Delegate done
Event: 3.261 Loading class sun/security/x509/AVAKeyword
Event: 3.262 Loading class sun/security/x509/AVAKeyword done
Event: 3.262 Loading class java/text/Normalizer$Form

Classes unloaded (0 events):
No events

Classes redefined (0 events):
No events

Internal exceptions (12 events):
Event: 2.579 Thread 0x000002f7d35ddd80 Exception <a 'java/lang/NoSuchMethodError'{0x00000000d57a9130}: 'void java.lang.invoke.DirectMethodHandle$Holder.invokeStatic(java.lang.Object, java.lang.Object, java.lang.Object)'> (0x00000000d57a9130) 
thrown [s\src\hotspot\share\interpreter\linkResolver.cpp, line 773]
Event: 2.672 Thread 0x000002f7d35ddd80 Exception <a 'java/lang/NoSuchMethodError'{0x00000000d5911fc0}: 'java.lang.Object java.lang.invoke.Invokers$Holder.invokeExact_MT(java.lang.Object, java.lang.Object, java.lang.Object, java.lang.Object, java.lang.Object)'> (0x00000000d5911fc0) 
thrown [s\src\hotspot\share\interpreter\linkResolver.cpp, line 773]
Event: 2.741 Thread 0x000002f7d35ddd80 Exception <a 'java/lang/NoSuchMethodError'{0x00000000d59ca200}: 'int java.lang.invoke.DirectMethodHandle$Holder.invokeSpecial(java.lang.Object, java.lang.Object, java.lang.Object, int)'> (0x00000000d59ca200) 
thrown [s\src\hotspot\share\interpreter\linkResolver.cpp, line 773]
Event: 2.745 Thread 0x000002f7d35ddd80 Exception <a 'java/lang/NoSuchMethodError'{0x00000000d59dcbe8}: 'java.lang.Object java.lang.invoke.DirectMethodHandle$Holder.invokeStatic(java.lang.Object, java.lang.Object, java.lang.Object, java.lang.Object, int)'> (0x00000000d59dcbe8) 
thrown [s\src\hotspot\share\interpreter\linkResolver.cpp, line 773]
Event: 2.747 Thread 0x000002f7d35ddd80 Exception <a 'java/lang/NoSuchMethodError'{0x00000000d59e8028}: 'void java.lang.invoke.DelegatingMethodHandle$Holder.reinvoke_L(java.lang.Object, java.lang.Object, java.lang.Object, int, java.lang.Object)'> (0x00000000d59e8028) 
thrown [s\src\hotspot\share\interpreter\linkResolver.cpp, line 773]
Event: 2.751 Thread 0x000002f7d35ddd80 Exception <a 'java/lang/NoSuchMethodError'{0x00000000d59f8b20}: 'int java.lang.invoke.DirectMethodHandle$Holder.invokeSpecial(java.lang.Object, java.lang.Object, java.lang.Object)'> (0x00000000d59f8b20) 
thrown [s\src\hotspot\share\interpreter\linkResolver.cpp, line 773]
Event: 2.755 Thread 0x000002f7d35ddd80 Exception <a 'java/lang/NoSuchMethodError'{0x00000000d5a047e0}: 'java.lang.Object java.lang.invoke.DirectMethodHandle$Holder.invokeStatic(java.lang.Object, java.lang.Object, int)'> (0x00000000d5a047e0) 
thrown [s\src\hotspot\share\interpreter\linkResolver.cpp, line 773]
Event: 2.756 Thread 0x000002f7d35ddd80 Exception <a 'java/lang/NoSuchMethodError'{0x00000000d5a09130}: 'void java.lang.invoke.DirectMethodHandle$Holder.invokeStatic(java.lang.Object, java.lang.Object, int, java.lang.Object)'> (0x00000000d5a09130) 
thrown [s\src\hotspot\share\interpreter\linkResolver.cpp, line 773]
Event: 2.757 Thread 0x000002f7d35ddd80 Exception <a 'java/lang/NoSuchMethodError'{0x00000000d5a0ccc0}: 'void java.lang.invoke.DirectMethodHandle$Holder.invokeSpecial(java.lang.Object, java.lang.Object, java.lang.Object, int, java.lang.Object)'> (0x00000000d5a0ccc0) 
thrown [s\src\hotspot\share\interpreter\linkResolver.cpp, line 773]
Event: 2.759 Thread 0x000002f7d35ddd80 Exception <a 'java/lang/NoSuchMethodError'{0x00000000d5a10130}: 'void java.lang.invoke.DelegatingMethodHandle$Holder.delegate(java.lang.Object, java.lang.Object, int, java.lang.Object)'> (0x00000000d5a10130) 
thrown [s\src\hotspot\share\interpreter\linkResolver.cpp, line 773]
Event: 2.898 Thread 0x000002f7d35ddd80 Exception <a 'java/lang/NoSuchMethodError'{0x00000000d5bcf1f0}: 'void java.lang.invoke.DelegatingMethodHandle$Holder.reinvoke_L(java.lang.Object, java.lang.Object, java.lang.Object, int)'> (0x00000000d5bcf1f0) 
thrown [s\src\hotspot\share\interpreter\linkResolver.cpp, line 773]
Event: 3.156 Thread 0x000002f7d35ddd80 Exception <a 'java/lang/NoSuchMethodError'{0x00000000d605ae00}: 'void java.lang.invoke.DirectMethodHandle$Holder.invokeVirtual(java.lang.Object, java.lang.Object)'> (0x00000000d605ae00) 
thrown [s\src\hotspot\share\interpreter\linkResolver.cpp, line 773]

ZGC Phase Switch (0 events):
No events

VM Operations (2 events):
Event: 2.707 Executing non-safepoint VM operation: HandshakeAllThreads (Deoptimize)
Event: 2.707 Executing non-safepoint VM operation: HandshakeAllThreads (Deoptimize) done

Memory protections (0 events):
No events

Nmethod flushes (0 events):
No events

Events (13 events):
Event: 1.968 Thread 0x000002f7d35ddd80 Thread added: 0x000002f7d35ddd80
Event: 2.489 Thread 0x000002f7d35ddd80 Thread added: 0x000002f7d36833e0
Event: 2.507 Thread 0x000002f7d35ddd80 Thread added: 0x000002f7d358d2f0
Event: 2.508 Thread 0x000002f7d35ddd80 Thread added: 0x000002f7d368d8a0
Event: 2.508 Thread 0x000002f7d35ddd80 Thread added: 0x000002f7d368e500
Event: 2.508 Thread 0x000002f7d35ddd80 Thread added: 0x000002f7d3691f50
Event: 2.509 Thread 0x000002f7d35ddd80 Thread added: 0x000002f7d3698330
Event: 2.509 Thread 0x000002f7d35ddd80 Thread added: 0x000002f7eb301f60
Event: 2.509 Thread 0x000002f7d35ddd80 Thread added: 0x000002f7d369e880
Event: 2.638 Thread 0x000002f7d35ddd80 Thread added: 0x000002f7eb519680
Event: 2.811 Thread 0x000002f7d369e880 Thread added: 0x000002f7eb642d60
Event: 3.040 Thread 0x000002f7d35ddd80 Thread added: 0x000002f7eb683da0
Event: 3.224 Thread 0x000002f7d369e880 Thread added: 0x000002f7ec349370


Dynamic libraries:
0x00007ff6ab230000 - 0x00007ff6ab23e000 	c:\Users\disha\.vscode\extensions\redhat.java-1.54.0-win32-x64\jre\21.0.10-win32-x86_64\bin\java.exe
0x00007ff96cf00000 - 0x00007ff96d166000 	C:\WINDOWS\SYSTEM32\ntdll.dll
0x00007ff96ba90000 - 0x00007ff96bb59000 	C:\WINDOWS\System32\KERNEL32.DLL
0x00007ff96a420000 - 0x00007ff96a81a000 	C:\WINDOWS\System32\KERNELBASE.dll
0x00007ff96a240000 - 0x00007ff96a38c000 	C:\WINDOWS\System32\ucrtbase.dll
0x00007ff92e580000 - 0x00007ff92e59e000 	c:\Users\disha\.vscode\extensions\redhat.java-1.54.0-win32-x64\jre\21.0.10-win32-x86_64\bin\VCRUNTIME140.dll
0x00007ff92ee10000 - 0x00007ff92ee28000 	c:\Users\disha\.vscode\extensions\redhat.java-1.54.0-win32-x64\jre\21.0.10-win32-x86_64\bin\jli.dll
0x00007ff96b1b0000 - 0x00007ff96b377000 	C:\WINDOWS\System32\USER32.dll
0x00007ff96a990000 - 0x00007ff96a9b7000 	C:\WINDOWS\System32\win32u.dll
0x00007ff956e10000 - 0x00007ff9570a2000 	C:\WINDOWS\WinSxS\amd64_microsoft.windows.common-controls_6595b64144ccf1df_6.0.26100.8521_none_3e08b75ce33403b3\COMCTL32.dll
0x00007ff96afc0000 - 0x00007ff96afeb000 	C:\WINDOWS\System32\GDI32.dll
0x00007ff96ad10000 - 0x00007ff96adb9000 	C:\WINDOWS\System32\msvcrt.dll
0x00007ff96a9c0000 - 0x00007ff96aaeb000 	C:\WINDOWS\System32\gdi32full.dll
0x00007ff96a820000 - 0x00007ff96a8c3000 	C:\WINDOWS\System32\msvcp_win.dll
0x00007ff96af80000 - 0x00007ff96afb2000 	C:\WINDOWS\System32\IMM32.DLL
0x00007ff959430000 - 0x00007ff95943c000 	c:\Users\disha\.vscode\extensions\redhat.java-1.54.0-win32-x64\jre\21.0.10-win32-x86_64\bin\vcruntime140_1.dll
0x00007ff8a60c0000 - 0x00007ff8a614d000 	c:\Users\disha\.vscode\extensions\redhat.java-1.54.0-win32-x64\jre\21.0.10-win32-x86_64\bin\msvcp140.dll
0x00007ff863020000 - 0x00007ff863dc1000 	c:\Users\disha\.vscode\extensions\redhat.java-1.54.0-win32-x64\jre\21.0.10-win32-x86_64\bin\server\jvm.dll
0x00007ff96bb60000 - 0x00007ff96bc16000 	C:\WINDOWS\System32\ADVAPI32.dll
0x00007ff96b580000 - 0x00007ff96b62a000 	C:\WINDOWS\System32\sechost.dll
0x00007ff96aff0000 - 0x00007ff96b108000 	C:\WINDOWS\System32\RPCRT4.dll
0x00007ff96b460000 - 0x00007ff96b4e0000 	C:\WINDOWS\System32\WS2_32.dll
0x00007ff9636b0000 - 0x00007ff9636e6000 	C:\WINDOWS\SYSTEM32\WINMM.dll
0x00007ff969f40000 - 0x00007ff969f9e000 	C:\WINDOWS\SYSTEM32\POWRPROF.dll
0x00007ff9636f0000 - 0x00007ff9636fb000 	C:\WINDOWS\SYSTEM32\VERSION.dll
0x00007ff969e20000 - 0x00007ff969e34000 	C:\WINDOWS\SYSTEM32\UMPDC.dll
0x00007ff968f20000 - 0x00007ff968f3b000 	C:\WINDOWS\SYSTEM32\kernel.appcore.dll
0x00007ff954c70000 - 0x00007ff954c7a000 	c:\Users\disha\.vscode\extensions\redhat.java-1.54.0-win32-x64\jre\21.0.10-win32-x86_64\bin\jimage.dll
0x00007ff95d850000 - 0x00007ff95da92000 	C:\WINDOWS\SYSTEM32\DBGHELP.DLL
0x00007ff96cb30000 - 0x00007ff96ceb3000 	C:\WINDOWS\System32\combase.dll
0x00007ff96b380000 - 0x00007ff96b459000 	C:\WINDOWS\System32\OLEAUT32.dll
0x00007ff9362f0000 - 0x00007ff93632b000 	C:\WINDOWS\SYSTEM32\dbgcore.DLL
0x00007ff96a190000 - 0x00007ff96a238000 	C:\WINDOWS\System32\bcryptPrimitives.dll
0x00007ff9537a0000 - 0x00007ff9537af000 	c:\Users\disha\.vscode\extensions\redhat.java-1.54.0-win32-x64\jre\21.0.10-win32-x86_64\bin\instrument.dll
0x00007ff926390000 - 0x00007ff9263b0000 	c:\Users\disha\.vscode\extensions\redhat.java-1.54.0-win32-x64\jre\21.0.10-win32-x86_64\bin\java.dll
0x00007ff96c250000 - 0x00007ff96c9d4000 	C:\WINDOWS\System32\SHELL32.dll
0x00007ff967d50000 - 0x00007ff9685d0000 	C:\WINDOWS\SYSTEM32\windows.storage.dll
0x00007ff96c9e0000 - 0x00007ff96cad6000 	C:\WINDOWS\System32\SHCORE.dll
0x00007ff96aca0000 - 0x00007ff96ad07000 	C:\WINDOWS\System32\shlwapi.dll
0x00007ff96a0b0000 - 0x00007ff96a0d9000 	C:\WINDOWS\SYSTEM32\profapi.dll
0x00007ff9322e0000 - 0x00007ff9322f8000 	c:\Users\disha\.vscode\extensions\redhat.java-1.54.0-win32-x64\jre\21.0.10-win32-x86_64\bin\zip.dll
0x00007ff94d900000 - 0x00007ff94d910000 	C:\Users\disha\.vscode\extensions\redhat.java-1.54.0-win32-x64\jre\21.0.10-win32-x86_64\bin\net.dll
0x00007ff963dc0000 - 0x00007ff963ee9000 	C:\WINDOWS\SYSTEM32\WINHTTP.dll
0x00007ff969490000 - 0x00007ff9694fc000 	C:\WINDOWS\system32\mswsock.dll
0x00007ff92e290000 - 0x00007ff92e2a6000 	C:\Users\disha\.vscode\extensions\redhat.java-1.54.0-win32-x64\jre\21.0.10-win32-x86_64\bin\nio.dll
0x00007ff9322d0000 - 0x00007ff9322e0000 	c:\Users\disha\.vscode\extensions\redhat.java-1.54.0-win32-x64\jre\21.0.10-win32-x86_64\bin\verify.dll

JVMTI agents:
c:\Users\disha\.vscode\extensions\redhat.java-1.54.0-win32-x64\lombok\lombok-1.18.39-4050.jar path:c:\Users\disha\.vscode\extensions\redhat.java-1.54.0-win32-x64\jre\21.0.10-win32-x86_64\bin\instrument.dll, loaded, initialized, instrumentlib options:none

dbghelp: loaded successfully - version: 4.0.5 - missing functions: none
symbol engine: initialized successfully - sym options: 0x614 - pdb path: .;c:\Users\disha\.vscode\extensions\redhat.java-1.54.0-win32-x64\jre\21.0.10-win32-x86_64\bin;C:\WINDOWS\SYSTEM32;C:\WINDOWS\WinSxS\amd64_microsoft.windows.common-controls_6595b64144ccf1df_6.0.26100.8521_none_3e08b75ce33403b3;c:\Users\disha\.vscode\extensions\redhat.java-1.54.0-win32-x64\jre\21.0.10-win32-x86_64\bin\server

VM Arguments:
jvm_args: --add-modules=ALL-SYSTEM --add-opens=java.base/java.util=ALL-UNNAMED --add-opens=java.base/java.lang=ALL-UNNAMED --add-opens=java.base/sun.nio.fs=ALL-UNNAMED -Declipse.application=org.eclipse.jdt.ls.core.id1 -Dosgi.bundles.defaultStartLevel=4 -Declipse.product=org.eclipse.jdt.ls.core.product -Djava.import.generatesMetadataFilesAtProjectRoot=false -DDetectVMInstallationsJob.disabled=true -Dfile.encoding=utf8 -XX:+UseParallelGC -XX:GCTimeRatio=4 -XX:AdaptiveSizePolicyWeight=90 -Dsun.zip.disableMemoryMapping=true -Xmx2G -Xms100m -Xlog:disable -javaagent:c:\Users\disha\.vscode\extensions\redhat.java-1.54.0-win32-x64\lombok\lombok-1.18.39-4050.jar -XX:+HeapDumpOnOutOfMemoryError -XX:HeapDumpPath=c:\Users\disha\AppData\Roaming\Code\User\workspaceStorage\32594d1fb534b4aac43458980ee3c711\redhat.java -Daether.dependencyCollector.impl=bf 
java_command: c:\Users\disha\.vscode\extensions\redhat.java-1.54.0-win32-x64\server\plugins\org.eclipse.equinox.launcher_1.7.100.v20251111-0406.jar -configuration c:\Users\disha\AppData\Roaming\Code\User\globalStorage\redhat.java\1.54.0\config_win -data c:\Users\disha\AppData\Roaming\Code\User\workspaceStorage\32594d1fb534b4aac43458980ee3c711\redhat.java\jdt_ws --pipe=\\.\pipe\lsp-9b503529c30b63dfbf0391476cfd53c9-sock
java_class_path (initial): c:\Users\disha\.vscode\extensions\redhat.java-1.54.0-win32-x64\server\plugins\org.eclipse.equinox.launcher_1.7.100.v20251111-0406.jar
Launcher Type: SUN_STANDARD

[Global flags]
    uintx AdaptiveSizePolicyWeight                 = 90                                        {product} {command line}
     intx CICompilerCount                          = 4                                         {product} {ergonomic}
    uintx GCTimeRatio                              = 4                                         {product} {command line}
     bool HeapDumpOnOutOfMemoryError               = true                                   {manageable} {command line}
    ccstr HeapDumpPath                             = c:\Users\disha\AppData\Roaming\Code\User\workspaceStorage\32594d1fb534b4aac43458980ee3c711\redhat.java         {manageable} {command line}
   size_t InitialHeapSize                          = 104857600                                 {product} {command line}
   size_t MaxHeapSize                              = 2147483648                                {product} {command line}
   size_t MaxNewSize                               = 715653120                                 {product} {ergonomic}
   size_t MinHeapDeltaBytes                        = 524288                                    {product} {ergonomic}
   size_t MinHeapSize                              = 104857600                                 {product} {command line}
   size_t NewSize                                  = 34603008                                  {product} {ergonomic}
    uintx NonNMethodCodeHeapSize                   = 5839372                                {pd product} {ergonomic}
    uintx NonProfiledCodeHeapSize                  = 122909434                              {pd product} {ergonomic}
   size_t OldSize                                  = 70254592                                  {product} {ergonomic}
    uintx ProfiledCodeHeapSize                     = 122909434                              {pd product} {ergonomic}
    uintx ReservedCodeCacheSize                    = 251658240                              {pd product} {ergonomic}
     bool SegmentedCodeCache                       = true                                      {product} {ergonomic}
   size_t SoftMaxHeapSize                          = 2147483648                             {manageable} {ergonomic}
     bool UseCompressedOops                        = true                           {product lp64_product} {ergonomic}
     bool UseLargePagesIndividualAllocation        = false                                  {pd product} {ergonomic}
     bool UseParallelGC                            = true                                      {product} {command line}

Logging:
Log output configuration:
 #0: stdout all=off uptime,level,tags foldmultilines=false
 #1: stderr all=off uptime,level,tags foldmultilines=false

Release file:
JAVA_VERSION="21.0.10" 
MODULES="java.base java.compiler java.datatransfer java.xml java.prefs java.desktop java.instrument java.logging java.management java.security.sasl java.naming java.rmi java.management.rmi java.net.http java.scripting java.security.jgss java.transaction.xa java.sql java.sql.rowset java.xml.crypto java.se java.smartcardio jdk.accessibility jdk.internal.jvmstat jdk.attach jdk.charsets jdk.internal.opt jdk.zipfs jdk.compiler jdk.crypto.ec jdk.crypto.cryptoki jdk.crypto.mscapi jdk.dynalink jdk.internal.ed jdk.editpad jdk.hotspot.agent jdk.httpserver jdk.internal.le jdk.internal.vm.ci jdk.internal.vm.compiler jdk.internal.vm.compiler.management jdk.jartool jdk.javadoc jdk.jcmd jdk.management jdk.management.agent jdk.jconsole jdk.jdeps jdk.jdwp.agent jdk.jdi jdk.jfr jdk.jshell jdk.jsobject jdk.jstatd jdk.localedata jdk.management.jfr jdk.naming.dns jdk.naming.rmi jdk.net jdk.nio.mapmode jdk.random jdk.sctp jdk.security.auth jdk.security.jgss jdk.unsupported jdk.unsupported.desktop jdk.xml.dom" 

Environment Variables:
JAVA_HOME=C:\Program Files\Java\jdk-17
PATH=C:\Program Files\Common Files\Oracle\Java\javapath;C:\msys64\ucrt64\bin;C:\Program Files\Git\cmd;D:\apache-maven-3.9.16\bin;D:\flutter\flutter\bin;C:\Windows\System32;C:\Windows;C:\Windows\System32\WindowsPowerShell\v1.0;D:\cmdline-tools\bin;D:\NodeJS\;C:\Users\disha\AppData\Local\Programs\Python\Python313\Scripts\;C:\Users\disha\AppData\Local\Programs\Python\Python313\;C:\Users\disha\AppData\Local\Microsoft\WindowsApps;C:\Users\disha\AppData\Local\Programs\Microsoft VS Code\bin;C:\ProgramData\disha\GitHubDesktop\bin;D:\devrev;D:\devrev\jq;C:\Users\disha\AppData\Local\Microsoft\WinGet\Packages\jqlang.jq_Microsoft.Winget.Source_8wekyb3d8bbwe;C:\Program Files\MongoDB\Server\8.2\bin;C:\Users\disha\AppData\Roaming\npm
USERNAME=disha
OS=Windows_NT
PROCESSOR_IDENTIFIER=AMD64 Family 25 Model 80 Stepping 0, AuthenticAMD
TMP=C:\Users\disha\AppData\Local\Temp
TEMP=C:\Users\disha\AppData\Local\Temp




Periodic native trim disabled

---------------  S Y S T E M  ---------------

OS:
 Windows 11 , 64 bit Build 26100 (10.0.26100.8521)
OS uptime: 0 days 4:53 hours
Hyper-V role detected

CPU: total 12 (initial active 12) (12 cores per cpu, 2 threads per core) family 25 model 80 stepping 0 microcode 0xa500014, cx8, cmov, fxsr, ht, mmx, 3dnowpref, sse, sse2, sse3, ssse3, sse4a, sse4.1, sse4.2, popcnt, lzcnt, tsc, tscinvbit, avx, avx2, aes, erms, clmul, bmi1, bmi2, adx, sha, fma, vzeroupper, clflush, clflushopt, hv, rdtscp, rdpid, fsrm, f16c, cet_ss
Processor Information for processor 0
  Max Mhz: 2301, Current Mhz: 1904, Mhz Limit: 2301
Processor Information for processor 1
  Max Mhz: 2301, Current Mhz: 1904, Mhz Limit: 2301
Processor Information for processor 2
  Max Mhz: 2301, Current Mhz: 1798, Mhz Limit: 2301
Processor Information for processor 3
  Max Mhz: 2301, Current Mhz: 1904, Mhz Limit: 2301
Processor Information for processor 4
  Max Mhz: 2301, Current Mhz: 1904, Mhz Limit: 2301
Processor Information for processor 5
  Max Mhz: 2301, Current Mhz: 1904, Mhz Limit: 2301
Processor Information for processor 6
  Max Mhz: 2301, Current Mhz: 1904, Mhz Limit: 2301
Processor Information for processor 7
  Max Mhz: 2301, Current Mhz: 1904, Mhz Limit: 2301
Processor Information for processor 8
  Max Mhz: 2301, Current Mhz: 1904, Mhz Limit: 2301
Processor Information for processor 9
  Max Mhz: 2301, Current Mhz: 1904, Mhz Limit: 2301
Processor Information for processor 10
  Max Mhz: 2301, Current Mhz: 1904, Mhz Limit: 2301
Processor Information for processor 11
  Max Mhz: 2301, Current Mhz: 1904, Mhz Limit: 2301

Memory: 4k page, system-wide physical 15720M (1793M free)
TotalPageFile size 24247M (AvailPageFile size 0M)
current process WorkingSet (physical memory assigned to process): 61M, peak: 61M
current process commit charge ("private bytes"): 237M, peak: 237M

vm_info: OpenJDK 64-Bit Server VM (21.0.10+7-LTS) for windows-amd64 JRE (21.0.10+7-LTS), built on 2026-01-20T00:00:00Z by "admin" with MS VC++ 17.12 (VS2022)

END.
